2021-01-23 09:02:28.2081|Info|Current Pulse conveyor 1514994 => 1514994(HardwareWindow.xaml.cs:757)|
2021-01-23 09:04:12.7612|Info|Current Pulse conveyor 1514994 => 0(HardwareWindow.xaml.cs:757)|
2021-01-23 09:07:26.6482|Info|Current Pulse conveyor 1514994 => 1514994(HardwareWindow.xaml.cs:757)|
2021-01-23 09:08:01.1286|Info|Moving TOP Axis, Position Name : Mark 1,  X = 1112, Y = 21588(AutoAdjustFOVWindow.xaml.cs:170)|
2021-01-23 09:08:02.0083|Info|Moving TOP Axis, Position Name : Mark 2,  X = 23725, Y = 39809(AutoAdjustFOVWindow.xaml.cs:170)|
2021-01-23 09:08:03.3590|Info|Moving TOP Axis, Position Name : FOV 1,  X = 3283, Y = 24359(AutoAdjustFOVWindow.xaml.cs:252)|
2021-01-23 09:11:20.9699|Info|Moving TOP Axis, Position Name : Mark 1,  X = 1112, Y = 21588(AutoAdjustFOVWindow.xaml.cs:170)|
2021-01-23 09:11:22.2555|Info|Moving TOP Axis, Position Name : Mark 2,  X = 23725, Y = 39809(AutoAdjustFOVWindow.xaml.cs:170)|
2021-01-23 09:11:23.6309|Info|Moving TOP Axis, Position Name : FOV 1,  X = 3283, Y = 24359(AutoAdjustFOVWindow.xaml.cs:252)|
2021-01-23 09:12:34.9164|Info|Moving TOP Axis, Position Name : Mark 1,  X = 1112, Y = 21588(AutoAdjustFOVWindow.xaml.cs:170)|
2021-01-23 09:12:36.0109|Info|Moving TOP Axis, Position Name : Mark 2,  X = 23725, Y = 39809(AutoAdjustFOVWindow.xaml.cs:170)|
2021-01-23 09:12:37.3701|Info|Moving TOP Axis, Position Name : FOV 1,  X = 3283, Y = 24359(AutoAdjustFOVWindow.xaml.cs:252)|
2021-01-23 09:12:44.9610|Info|Moving TOP Axis, Position Name : FOV 2,  X = 7602, Y = 24359(AutoAdjustFOVWindow.xaml.cs:252)|
2021-01-23 09:12:48.8021|Info|Moving TOP Axis, Position Name : FOV 1,  X = 3283, Y = 24359(AutoAdjustFOVWindow.xaml.cs:252)|
2021-01-23 09:13:10.3614|Info|Moving TOP Axis, Position Name : FOV 2,  X = 7602, Y = 24359(AutoAdjustFOVWindow.xaml.cs:252)|
2021-01-23 09:13:14.4096|Info|Moving TOP Axis, Position Name : FOV 3,  X = 11911, Y = 24106(AutoAdjustFOVWindow.xaml.cs:252)|
2021-01-23 09:13:32.7937|Info|Moving TOP Axis, Position Name : FOV 4,  X = 16854, Y = 24521(AutoAdjustFOVWindow.xaml.cs:252)|
2021-01-23 09:13:45.0335|Info|Moving TOP Axis, Position Name : FOV 5,  X = 21199, Y = 24181(AutoAdjustFOVWindow.xaml.cs:252)|
2021-01-23 09:13:50.8581|Info|Moving TOP Axis, Position Name : FOV 6,  X = 23667, Y = 23375(AutoAdjustFOVWindow.xaml.cs:252)|
2021-01-23 09:13:56.4895|Info|Moving TOP Axis, Position Name : FOV 7,  X = 24002, Y = 27055(AutoAdjustFOVWindow.xaml.cs:252)|
2021-01-23 09:14:04.4972|Info|Moving TOP Axis, Position Name : FOV 8,  X = 20872, Y = 28056(AutoAdjustFOVWindow.xaml.cs:252)|
2021-01-23 09:14:42.0254|Info|Moving TOP Axis, Position Name : FOV 9,  X = 16553, Y = 27949(AutoAdjustFOVWindow.xaml.cs:252)|
2021-01-23 09:14:45.2047|Info|Moving TOP Axis, Position Name : FOV 1,  X = 3283, Y = 24359(AutoAdjustFOVWindow.xaml.cs:252)|
2021-01-23 09:14:48.4133|Info|Moving TOP Axis, Position Name : FOV 2,  X = 7602, Y = 24359(AutoAdjustFOVWindow.xaml.cs:252)|
2021-01-23 09:14:51.4979|Info|Moving TOP Axis, Position Name : FOV 3,  X = 11911, Y = 24106(AutoAdjustFOVWindow.xaml.cs:252)|
2021-01-23 09:14:54.5667|Info|Moving TOP Axis, Position Name : FOV 4,  X = 16854, Y = 24521(AutoAdjustFOVWindow.xaml.cs:252)|
2021-01-23 09:14:57.6638|Info|Moving TOP Axis, Position Name : FOV 5,  X = 21199, Y = 24181(AutoAdjustFOVWindow.xaml.cs:252)|
2021-01-23 09:15:00.7394|Info|Moving TOP Axis, Position Name : FOV 6,  X = 23667, Y = 23375(AutoAdjustFOVWindow.xaml.cs:252)|
2021-01-23 09:15:03.7533|Info|Moving TOP Axis, Position Name : FOV 7,  X = 24002, Y = 27055(AutoAdjustFOVWindow.xaml.cs:252)|
2021-01-23 09:15:06.8103|Info|Moving TOP Axis, Position Name : FOV 8,  X = 20872, Y = 28056(AutoAdjustFOVWindow.xaml.cs:252)|
2021-01-23 09:15:09.8714|Info|Moving TOP Axis, Position Name : FOV 9,  X = 16553, Y = 27949(AutoAdjustFOVWindow.xaml.cs:252)|
2021-01-23 09:15:12.9488|Info|Moving TOP Axis, Position Name : FOV 10,  X = 10629, Y = 27787(AutoAdjustFOVWindow.xaml.cs:252)|
2021-01-23 09:15:16.0455|Info|Moving TOP Axis, Position Name : FOV 11,  X = 6768, Y = 27816(AutoAdjustFOVWindow.xaml.cs:252)|
2021-01-23 09:15:19.1674|Info|Moving TOP Axis, Position Name : FOV 12,  X = 2627, Y = 28020(AutoAdjustFOVWindow.xaml.cs:252)|
2021-01-23 09:15:22.2526|Info|Moving TOP Axis, Position Name : FOV 13,  X = 2520, Y = 31726(AutoAdjustFOVWindow.xaml.cs:252)|
2021-01-23 09:15:25.3239|Info|Moving TOP Axis, Position Name : FOV 14,  X = 6839, Y = 31798(AutoAdjustFOVWindow.xaml.cs:252)|
2021-01-23 09:15:28.3957|Info|Moving TOP Axis, Position Name : FOV 15,  X = 10102, Y = 31467(AutoAdjustFOVWindow.xaml.cs:252)|
2021-01-23 09:15:31.4582|Info|Moving TOP Axis, Position Name : FOV 16,  X = 16053, Y = 30956(AutoAdjustFOVWindow.xaml.cs:252)|
2021-01-23 09:15:34.5687|Info|Moving TOP Axis, Position Name : FOV 17,  X = 20372, Y = 31736(AutoAdjustFOVWindow.xaml.cs:252)|
2021-01-23 09:15:37.6424|Info|Moving TOP Axis, Position Name : FOV 18,  X = 23754, Y = 30033(AutoAdjustFOVWindow.xaml.cs:252)|
2021-01-23 09:15:40.6826|Info|Moving TOP Axis, Position Name : FOV 19,  X = 23592, Y = 34902(AutoAdjustFOVWindow.xaml.cs:252)|
2021-01-23 09:15:43.7800|Info|Moving TOP Axis, Position Name : FOV 20,  X = 20155, Y = 34646(AutoAdjustFOVWindow.xaml.cs:252)|
2021-01-23 09:15:46.8465|Info|Moving TOP Axis, Position Name : FOV 21,  X = 15826, Y = 34636(AutoAdjustFOVWindow.xaml.cs:252)|
2021-01-23 09:15:49.9256|Info|Moving TOP Axis, Position Name : FOV 22,  X = 10422, Y = 35148(AutoAdjustFOVWindow.xaml.cs:252)|
2021-01-23 09:15:53.0283|Info|Moving TOP Axis, Position Name : FOV 23,  X = 6839, Y = 35478(AutoAdjustFOVWindow.xaml.cs:252)|
2021-01-23 09:15:56.1102|Info|Moving TOP Axis, Position Name : FOV 24,  X = 2520, Y = 35407(AutoAdjustFOVWindow.xaml.cs:252)|
2021-01-23 09:15:59.1855|Info|Moving TOP Axis, Position Name : FOV 25,  X = 3221, Y = 38553(AutoAdjustFOVWindow.xaml.cs:252)|
2021-01-23 09:16:02.2489|Info|Moving TOP Axis, Position Name : FOV 26,  X = 7486, Y = 37890(AutoAdjustFOVWindow.xaml.cs:252)|
2021-01-23 09:16:05.3335|Info|Moving TOP Axis, Position Name : FOV 27,  X = 12635, Y = 37805(AutoAdjustFOVWindow.xaml.cs:252)|
2021-01-23 09:16:08.4348|Info|Moving TOP Axis, Position Name : FOV 28,  X = 17593, Y = 37679(AutoAdjustFOVWindow.xaml.cs:252)|
2021-01-23 09:16:11.5341|Info|Moving TOP Axis, Position Name : FOV 29,  X = 21696, Y = 37686(AutoAdjustFOVWindow.xaml.cs:252)|
2021-01-23 09:16:14.5947|Info|Moving TOP Axis, Position Name : FOV 30,  X = 24161, Y = 38560(AutoAdjustFOVWindow.xaml.cs:252)|
2021-01-23 09:16:25.2097|Info|Moving TOP Axis, Position Name : FOV 1,  X = 3283, Y = 24359(AutoAdjustFOVWindow.xaml.cs:252)|
2021-01-23 09:49:58.5815|Info|Moving TOP Axis, Position Name : Mark 1,  X = 1609, Y = 21590(AutoAdjustFOVWindow.xaml.cs:170)|
2021-01-23 09:49:59.5619|Info|Moving TOP Axis, Position Name : Mark 2,  X = 23220, Y = 39811(AutoAdjustFOVWindow.xaml.cs:170)|
2021-01-23 09:50:00.8459|Info|Score matching is lower score standard... 68.1 < 70(AutoAdjustFOVWindow.xaml.cs:211)|
2021-01-23 09:50:00.8459|Info|Moving TOP Axis, Position Name : FOV 1,  X = 23440, Y = 36127(AutoAdjustFOVWindow.xaml.cs:252)|
2021-01-23 09:50:12.2875|Info|Moving TOP Axis, Position Name : FOV 2,  X = 21001, Y = 36545(AutoAdjustFOVWindow.xaml.cs:252)|
2021-01-23 09:50:15.2867|Info|Moving TOP Axis, Position Name : FOV 3,  X = 16682, Y = 36238(AutoAdjustFOVWindow.xaml.cs:252)|
2021-01-23 09:50:18.3420|Info|Moving TOP Axis, Position Name : FOV 4,  X = 11491, Y = 37163(AutoAdjustFOVWindow.xaml.cs:252)|
2021-01-23 09:50:21.3955|Info|Moving TOP Axis, Position Name : FOV 5,  X = 7747, Y = 36273(AutoAdjustFOVWindow.xaml.cs:252)|
2021-01-23 09:50:24.4351|Info|Moving TOP Axis, Position Name : FOV 6,  X = 1173, Y = 32580(AutoAdjustFOVWindow.xaml.cs:252)|
2021-01-23 09:50:27.5081|Info|Moving TOP Axis, Position Name : FOV 7,  X = 7779, Y = 32677(AutoAdjustFOVWindow.xaml.cs:252)|
2021-01-23 09:50:30.6255|Info|Moving TOP Axis, Position Name : FOV 8,  X = 11555, Y = 34554(AutoAdjustFOVWindow.xaml.cs:252)|
2021-01-23 09:50:33.6341|Info|Moving TOP Axis, Position Name : FOV 9,  X = 23156, Y = 30845(AutoAdjustFOVWindow.xaml.cs:252)|
2021-01-23 09:50:36.8002|Info|Moving TOP Axis, Position Name : FOV 10,  X = 23970, Y = 28928(AutoAdjustFOVWindow.xaml.cs:252)|
2021-01-23 09:50:39.7803|Info|Moving TOP Axis, Position Name : FOV 11,  X = 20746, Y = 29126(AutoAdjustFOVWindow.xaml.cs:252)|
2021-01-23 09:50:42.7874|Info|Moving TOP Axis, Position Name : FOV 12,  X = 16427, Y = 28436(AutoAdjustFOVWindow.xaml.cs:252)|
2021-01-23 09:50:45.8200|Info|Moving TOP Axis, Position Name : FOV 13,  X = 4213, Y = 32321(AutoAdjustFOVWindow.xaml.cs:252)|
2021-01-23 09:50:48.9534|Info|Moving TOP Axis, Position Name : FOV 14,  X = 3634, Y = 25274(AutoAdjustFOVWindow.xaml.cs:252)|
2021-01-23 09:50:52.0297|Info|Moving TOP Axis, Position Name : FOV 15,  X = 8144, Y = 25031(AutoAdjustFOVWindow.xaml.cs:252)|
2021-01-23 09:50:55.0434|Info|Moving TOP Axis, Position Name : FOV 16,  X = 12460, Y = 24999(AutoAdjustFOVWindow.xaml.cs:252)|
2021-01-23 09:50:58.0879|Info|Moving TOP Axis, Position Name : FOV 17,  X = 16792, Y = 25209(AutoAdjustFOVWindow.xaml.cs:252)|
2021-01-23 09:51:01.0916|Info|Moving TOP Axis, Position Name : FOV 18,  X = 19974, Y = 25701(AutoAdjustFOVWindow.xaml.cs:252)|
2021-01-23 09:52:05.7403|Info|Moving TOP Axis, Position Name : Mark 1,  X = 1609, Y = 21590(MainWindow.xaml.cs:165)|
2021-01-23 09:52:07.0182|Info|Moving TOP Axis, Position Name : Mark 2,  X = 23220, Y = 39811(MainWindow.xaml.cs:165)|
2021-01-23 09:52:08.2901|Info|Moving Bot Axis, Position Name : ReadCode 1,  X = 51328, Y = 102324(MainWindow.xaml.cs:271)|
2021-01-23 09:52:09.2369|Info|Moving TOP Axis, Position Name : FOV 1,  X = 23440, Y = 36127(MainWindow.xaml.cs:329)|
2021-01-23 09:52:10.2971|Info|Moving TOP Axis, Position Name : FOV 2,  X = 21001, Y = 36545(MainWindow.xaml.cs:329)|
2021-01-23 09:52:11.3382|Info|Moving TOP Axis, Position Name : FOV 3,  X = 16682, Y = 36238(MainWindow.xaml.cs:329)|
2021-01-23 09:52:12.4095|Info|Moving TOP Axis, Position Name : FOV 4,  X = 11491, Y = 37163(MainWindow.xaml.cs:329)|
2021-01-23 09:52:13.4577|Info|Moving TOP Axis, Position Name : FOV 5,  X = 7747, Y = 36273(MainWindow.xaml.cs:329)|
2021-01-23 09:52:14.5039|Info|Moving TOP Axis, Position Name : FOV 6,  X = 1173, Y = 32580(MainWindow.xaml.cs:329)|
2021-01-23 09:52:17.5873|Info|Moving TOP Axis, Position Name : FOV 7,  X = 7779, Y = 32677(MainWindow.xaml.cs:329)|
2021-01-23 09:52:18.7871|Info|Moving TOP Axis, Position Name : FOV 8,  X = 11555, Y = 34554(MainWindow.xaml.cs:329)|
2021-01-23 09:52:19.8345|Info|Moving TOP Axis, Position Name : FOV 9,  X = 23156, Y = 30845(MainWindow.xaml.cs:329)|
2021-01-23 09:52:21.0496|Info|Moving TOP Axis, Position Name : FOV 10,  X = 23970, Y = 28928(MainWindow.xaml.cs:329)|
2021-01-23 09:52:22.0698|Info|Moving TOP Axis, Position Name : FOV 11,  X = 20746, Y = 29126(MainWindow.xaml.cs:329)|
2021-01-23 09:52:23.1247|Info|Moving TOP Axis, Position Name : FOV 12,  X = 16427, Y = 28436(MainWindow.xaml.cs:329)|
2021-01-23 09:52:24.1622|Info|Moving TOP Axis, Position Name : FOV 13,  X = 4213, Y = 32321(MainWindow.xaml.cs:329)|
2021-01-23 09:52:25.3704|Info|Moving TOP Axis, Position Name : FOV 14,  X = 3634, Y = 25274(MainWindow.xaml.cs:329)|
2021-01-23 09:52:26.4585|Info|Moving TOP Axis, Position Name : FOV 15,  X = 8144, Y = 25031(MainWindow.xaml.cs:329)|
2021-01-23 09:52:27.5225|Info|Moving TOP Axis, Position Name : FOV 16,  X = 12460, Y = 24999(MainWindow.xaml.cs:329)|
2021-01-23 09:52:28.5437|Info|Moving TOP Axis, Position Name : FOV 17,  X = 16792, Y = 25209(MainWindow.xaml.cs:329)|
2021-01-23 09:52:29.5916|Info|Moving TOP Axis, Position Name : FOV 18,  X = 19974, Y = 25701(MainWindow.xaml.cs:329)|
2021-01-23 09:53:25.0263|Info|Moving TOP Axis, Position Name : Mark 1,  X = 1609, Y = 21590(MainWindow.xaml.cs:165)|
2021-01-23 09:53:26.2431|Info|Moving TOP Axis, Position Name : Mark 2,  X = 23220, Y = 39811(MainWindow.xaml.cs:165)|
2021-01-23 09:53:27.4782|Info|Score matching is lower score standard... 42.29 < 70(MainWindow.xaml.cs:210)|
2021-01-23 09:54:45.5317|Info|Moving TOP Axis, Position Name : Mark 1,  X = 1609, Y = 21590(MainWindow.xaml.cs:165)|
2021-01-23 09:54:46.8705|Info|Moving TOP Axis, Position Name : Mark 2,  X = 23220, Y = 39811(MainWindow.xaml.cs:165)|
2021-01-23 09:54:48.1314|Info|Moving Bot Axis, Position Name : ReadCode 1,  X = 51328, Y = 102324(MainWindow.xaml.cs:271)|
2021-01-23 09:54:50.3257|Info|Moving TOP Axis, Position Name : FOV 1,  X = 23440, Y = 36127(MainWindow.xaml.cs:329)|
2021-01-23 09:54:51.4127|Info|Moving TOP Axis, Position Name : FOV 2,  X = 21001, Y = 36545(MainWindow.xaml.cs:329)|
2021-01-23 09:54:52.4626|Info|Moving TOP Axis, Position Name : FOV 3,  X = 16682, Y = 36238(MainWindow.xaml.cs:329)|
2021-01-23 09:54:53.5378|Info|Moving TOP Axis, Position Name : FOV 4,  X = 11491, Y = 37163(MainWindow.xaml.cs:329)|
2021-01-23 09:54:54.6185|Info|Moving TOP Axis, Position Name : FOV 5,  X = 7747, Y = 36273(MainWindow.xaml.cs:329)|
2021-01-23 09:54:55.6799|Info|Moving TOP Axis, Position Name : FOV 6,  X = 1173, Y = 32580(MainWindow.xaml.cs:329)|
2021-01-23 09:54:56.7636|Info|Moving TOP Axis, Position Name : FOV 7,  X = 7779, Y = 32677(MainWindow.xaml.cs:329)|
2021-01-23 09:54:57.9513|Info|Moving TOP Axis, Position Name : FOV 8,  X = 11555, Y = 34554(MainWindow.xaml.cs:329)|
2021-01-23 09:54:58.9717|Info|Moving TOP Axis, Position Name : FOV 9,  X = 23156, Y = 30845(MainWindow.xaml.cs:329)|
2021-01-23 09:55:00.2033|Info|Moving TOP Axis, Position Name : FOV 10,  X = 23970, Y = 28928(MainWindow.xaml.cs:329)|
2021-01-23 09:55:01.2019|Info|Moving TOP Axis, Position Name : FOV 11,  X = 20746, Y = 29126(MainWindow.xaml.cs:329)|
2021-01-23 09:55:02.2500|Info|Moving TOP Axis, Position Name : FOV 12,  X = 16427, Y = 28436(MainWindow.xaml.cs:329)|
2021-01-23 09:55:03.3172|Info|Moving TOP Axis, Position Name : FOV 13,  X = 4213, Y = 32321(MainWindow.xaml.cs:329)|
2021-01-23 09:55:04.5245|Info|Moving TOP Axis, Position Name : FOV 14,  X = 3634, Y = 25274(MainWindow.xaml.cs:329)|
2021-01-23 09:55:05.6134|Info|Moving TOP Axis, Position Name : FOV 15,  X = 8144, Y = 25031(MainWindow.xaml.cs:329)|
2021-01-23 09:55:06.6711|Info|Moving TOP Axis, Position Name : FOV 16,  X = 12460, Y = 24999(MainWindow.xaml.cs:329)|
2021-01-23 09:55:07.6757|Info|Moving TOP Axis, Position Name : FOV 17,  X = 16792, Y = 25209(MainWindow.xaml.cs:329)|
2021-01-23 09:55:08.7475|Info|Moving TOP Axis, Position Name : FOV 18,  X = 19974, Y = 25701(MainWindow.xaml.cs:329)|
2021-01-23 09:55:59.6796|Info|Moving TOP Axis, Position Name : Mark 1,  X = 1609, Y = 21590(MainWindow.xaml.cs:165)|
2021-01-23 09:56:00.8849|Info|Moving TOP Axis, Position Name : Mark 2,  X = 23220, Y = 39811(MainWindow.xaml.cs:165)|
2021-01-23 09:56:02.0865|Info|Score matching is lower score standard... 30.88 < 70(MainWindow.xaml.cs:210)|
2021-01-23 09:56:37.3935|Info|Current Pulse conveyor 1518418 => 1518418(HardwareWindow.xaml.cs:757)|
2021-01-23 09:57:10.2758|Info|Moving TOP Axis, Position Name : Mark 1,  X = 1360, Y = 21341(MainWindow.xaml.cs:165)|
2021-01-23 09:57:11.1627|Info|Score matching is lower score standard... 41.27 < 60(MainWindow.xaml.cs:210)|
2021-01-23 09:57:53.0446|Info|Current Pulse conveyor 1518418 => 1518418(HardwareWindow.xaml.cs:757)|
2021-01-23 09:57:54.6205|Info|Current Pulse conveyor 1518418 => 1518418(HardwareWindow.xaml.cs:757)|
2021-01-23 09:57:55.3014|Info|Current Pulse conveyor 1518418 => 1518418(HardwareWindow.xaml.cs:757)|
2021-01-23 09:57:55.8787|Info|Current Pulse conveyor 1518418 => 1518418(HardwareWindow.xaml.cs:757)|
2021-01-23 09:58:52.5159|Info|Moving TOP Axis, Position Name : Mark 1,  X = 1606, Y = 21572(MainWindow.xaml.cs:165)|
2021-01-23 09:58:53.3310|Info|Moving TOP Axis, Position Name : Mark 2,  X = 23217, Y = 39793(MainWindow.xaml.cs:165)|
2021-01-23 09:58:54.5708|Info|Moving Bot Axis, Position Name : ReadCode 1,  X = 51328, Y = 102324(MainWindow.xaml.cs:271)|
2021-01-23 09:58:56.6154|Info|Moving TOP Axis, Position Name : FOV 1,  X = 23437, Y = 36109(MainWindow.xaml.cs:329)|
2021-01-23 09:58:57.7499|Info|Moving TOP Axis, Position Name : FOV 2,  X = 20998, Y = 36527(MainWindow.xaml.cs:329)|
2021-01-23 09:58:58.7743|Info|Moving TOP Axis, Position Name : FOV 3,  X = 16679, Y = 36220(MainWindow.xaml.cs:329)|
2021-01-23 09:58:59.8491|Info|Moving TOP Axis, Position Name : FOV 4,  X = 11488, Y = 37145(MainWindow.xaml.cs:329)|
2021-01-23 09:59:00.9097|Info|Moving TOP Axis, Position Name : FOV 5,  X = 7744, Y = 36255(MainWindow.xaml.cs:329)|
2021-01-23 09:59:01.9403|Info|Moving TOP Axis, Position Name : FOV 6,  X = 1170, Y = 32562(MainWindow.xaml.cs:329)|
2021-01-23 09:59:03.0711|Info|Moving TOP Axis, Position Name : FOV 7,  X = 7776, Y = 32659(MainWindow.xaml.cs:329)|
2021-01-23 09:59:04.2187|Info|Moving TOP Axis, Position Name : FOV 8,  X = 11552, Y = 34536(MainWindow.xaml.cs:329)|
2021-01-23 09:59:05.2335|Info|Moving TOP Axis, Position Name : FOV 9,  X = 23153, Y = 30827(MainWindow.xaml.cs:329)|
2021-01-23 09:59:06.4137|Info|Moving TOP Axis, Position Name : FOV 10,  X = 23967, Y = 28910(MainWindow.xaml.cs:329)|
2021-01-23 09:59:07.3898|Info|Moving TOP Axis, Position Name : FOV 11,  X = 20743, Y = 29108(MainWindow.xaml.cs:329)|
2021-01-23 09:59:08.4176|Info|Moving TOP Axis, Position Name : FOV 12,  X = 16424, Y = 28418(MainWindow.xaml.cs:329)|
2021-01-23 09:59:09.4967|Info|Moving TOP Axis, Position Name : FOV 13,  X = 4210, Y = 32303(MainWindow.xaml.cs:329)|
2021-01-23 09:59:10.6636|Info|Moving TOP Axis, Position Name : FOV 14,  X = 3631, Y = 25256(MainWindow.xaml.cs:329)|
2021-01-23 09:59:11.7913|Info|Moving TOP Axis, Position Name : FOV 15,  X = 8141, Y = 25013(MainWindow.xaml.cs:329)|
2021-01-23 09:59:12.8610|Info|Moving TOP Axis, Position Name : FOV 16,  X = 12457, Y = 24981(MainWindow.xaml.cs:329)|
2021-01-23 09:59:13.8954|Info|Moving TOP Axis, Position Name : FOV 17,  X = 16789, Y = 25191(MainWindow.xaml.cs:329)|
2021-01-23 09:59:14.9249|Info|Moving TOP Axis, Position Name : FOV 18,  X = 19971, Y = 25683(MainWindow.xaml.cs:329)|
2021-01-23 10:00:09.2352|Info|Moving TOP Axis, Position Name : Mark 1,  X = 1606, Y = 21572(MainWindow.xaml.cs:165)|
2021-01-23 10:00:10.4122|Info|Moving TOP Axis, Position Name : Mark 2,  X = 23217, Y = 39793(MainWindow.xaml.cs:165)|
2021-01-23 10:00:11.6669|Info|Moving Bot Axis, Position Name : ReadCode 1,  X = 51328, Y = 102324(MainWindow.xaml.cs:271)|
2021-01-23 10:00:12.5117|Info|Moving TOP Axis, Position Name : FOV 1,  X = 23437, Y = 36109(MainWindow.xaml.cs:329)|
2021-01-23 10:00:13.6569|Info|Moving TOP Axis, Position Name : FOV 2,  X = 20998, Y = 36527(MainWindow.xaml.cs:329)|
2021-01-23 10:00:14.6456|Info|Moving TOP Axis, Position Name : FOV 3,  X = 16679, Y = 36220(MainWindow.xaml.cs:329)|
2021-01-23 10:00:15.6869|Info|Moving TOP Axis, Position Name : FOV 4,  X = 11488, Y = 37145(MainWindow.xaml.cs:329)|
2021-01-23 10:00:16.7841|Info|Moving TOP Axis, Position Name : FOV 5,  X = 7744, Y = 36255(MainWindow.xaml.cs:329)|
2021-01-23 10:00:17.8281|Info|Moving TOP Axis, Position Name : FOV 6,  X = 1170, Y = 32562(MainWindow.xaml.cs:329)|
2021-01-23 10:00:18.9385|Info|Moving TOP Axis, Position Name : FOV 7,  X = 7776, Y = 32659(MainWindow.xaml.cs:329)|
2021-01-23 10:00:20.0515|Info|Moving TOP Axis, Position Name : FOV 8,  X = 11552, Y = 34536(MainWindow.xaml.cs:329)|
2021-01-23 10:00:21.0799|Info|Moving TOP Axis, Position Name : FOV 9,  X = 23153, Y = 30827(MainWindow.xaml.cs:329)|
2021-01-23 10:00:22.3174|Info|Moving TOP Axis, Position Name : FOV 10,  X = 23967, Y = 28910(MainWindow.xaml.cs:329)|
2021-01-23 10:00:23.2990|Info|Moving TOP Axis, Position Name : FOV 11,  X = 20743, Y = 29108(MainWindow.xaml.cs:329)|
2021-01-23 10:00:24.3271|Info|Moving TOP Axis, Position Name : FOV 12,  X = 16424, Y = 28418(MainWindow.xaml.cs:329)|
2021-01-23 10:00:25.4178|Info|Moving TOP Axis, Position Name : FOV 13,  X = 4210, Y = 32303(MainWindow.xaml.cs:329)|
2021-01-23 10:00:26.5540|Info|Moving TOP Axis, Position Name : FOV 14,  X = 3631, Y = 25256(MainWindow.xaml.cs:329)|
2021-01-23 10:00:27.6433|Info|Moving TOP Axis, Position Name : FOV 15,  X = 8141, Y = 25013(MainWindow.xaml.cs:329)|
2021-01-23 10:00:28.6892|Info|Moving TOP Axis, Position Name : FOV 16,  X = 12457, Y = 24981(MainWindow.xaml.cs:329)|
2021-01-23 10:00:29.7575|Info|Moving TOP Axis, Position Name : FOV 17,  X = 16789, Y = 25191(MainWindow.xaml.cs:329)|
2021-01-23 10:00:30.7856|Info|Moving TOP Axis, Position Name : FOV 18,  X = 19971, Y = 25683(MainWindow.xaml.cs:329)|
2021-01-23 10:01:31.7513|Info|Moving TOP Axis, Position Name : Mark 1,  X = 1606, Y = 21572(MainWindow.xaml.cs:165)|
2021-01-23 10:01:32.9033|Info|Moving TOP Axis, Position Name : Mark 2,  X = 23217, Y = 39793(MainWindow.xaml.cs:165)|
2021-01-23 10:01:34.1554|Info|Moving Bot Axis, Position Name : ReadCode 1,  X = 51328, Y = 102324(MainWindow.xaml.cs:271)|
2021-01-23 10:01:35.0861|Info|Moving TOP Axis, Position Name : FOV 1,  X = 23437, Y = 36109(MainWindow.xaml.cs:329)|
2021-01-23 10:01:36.1544|Info|Moving TOP Axis, Position Name : FOV 2,  X = 20998, Y = 36527(MainWindow.xaml.cs:329)|
2021-01-23 10:01:37.1778|Info|Moving TOP Axis, Position Name : FOV 3,  X = 16679, Y = 36220(MainWindow.xaml.cs:329)|
2021-01-23 10:01:38.2035|Info|Moving TOP Axis, Position Name : FOV 4,  X = 11488, Y = 37145(MainWindow.xaml.cs:329)|
2021-01-23 10:01:39.2670|Info|Moving TOP Axis, Position Name : FOV 5,  X = 7744, Y = 36255(MainWindow.xaml.cs:329)|
2021-01-23 10:01:40.3083|Info|Moving TOP Axis, Position Name : FOV 6,  X = 1170, Y = 32562(MainWindow.xaml.cs:329)|
2021-01-23 10:01:41.3719|Info|Moving TOP Axis, Position Name : FOV 7,  X = 7776, Y = 32659(MainWindow.xaml.cs:329)|
2021-01-23 10:01:42.5223|Info|Moving TOP Axis, Position Name : FOV 8,  X = 11552, Y = 34536(MainWindow.xaml.cs:329)|
2021-01-23 10:01:43.5670|Info|Moving TOP Axis, Position Name : FOV 9,  X = 23153, Y = 30827(MainWindow.xaml.cs:329)|
2021-01-23 10:01:44.7502|Info|Moving TOP Axis, Position Name : FOV 10,  X = 23967, Y = 28910(MainWindow.xaml.cs:329)|
2021-01-23 10:01:45.7377|Info|Moving TOP Axis, Position Name : FOV 11,  X = 20743, Y = 29108(MainWindow.xaml.cs:329)|
2021-01-23 10:01:46.7645|Info|Moving TOP Axis, Position Name : FOV 12,  X = 16424, Y = 28418(MainWindow.xaml.cs:329)|
2021-01-23 10:01:47.8241|Info|Moving TOP Axis, Position Name : FOV 13,  X = 4210, Y = 32303(MainWindow.xaml.cs:329)|
2021-01-23 10:01:49.0136|Info|Moving TOP Axis, Position Name : FOV 14,  X = 3631, Y = 25256(MainWindow.xaml.cs:329)|
2021-01-23 10:01:50.1639|Info|Moving TOP Axis, Position Name : FOV 15,  X = 8141, Y = 25013(MainWindow.xaml.cs:329)|
2021-01-23 10:01:51.2384|Info|Moving TOP Axis, Position Name : FOV 16,  X = 12457, Y = 24981(MainWindow.xaml.cs:329)|
2021-01-23 10:01:52.2822|Info|Moving TOP Axis, Position Name : FOV 17,  X = 16789, Y = 25191(MainWindow.xaml.cs:329)|
2021-01-23 10:01:53.3329|Info|Moving TOP Axis, Position Name : FOV 18,  X = 19971, Y = 25683(MainWindow.xaml.cs:329)|
2021-01-23 10:02:39.9630|Info|Moving TOP Axis, Position Name : Mark 1,  X = 1606, Y = 21572(MainWindow.xaml.cs:165)|
2021-01-23 10:02:41.1206|Info|Moving TOP Axis, Position Name : Mark 2,  X = 23217, Y = 39793(MainWindow.xaml.cs:165)|
2021-01-23 10:02:42.3832|Info|Moving Bot Axis, Position Name : ReadCode 1,  X = 51328, Y = 102324(MainWindow.xaml.cs:271)|
2021-01-23 10:02:43.3031|Info|Moving TOP Axis, Position Name : FOV 1,  X = 23437, Y = 36109(MainWindow.xaml.cs:329)|
2021-01-23 10:02:44.3657|Info|Moving TOP Axis, Position Name : FOV 2,  X = 20998, Y = 36527(MainWindow.xaml.cs:329)|
2021-01-23 10:02:45.3953|Info|Moving TOP Axis, Position Name : FOV 3,  X = 16679, Y = 36220(MainWindow.xaml.cs:329)|
2021-01-23 10:02:46.4690|Info|Moving TOP Axis, Position Name : FOV 4,  X = 11488, Y = 37145(MainWindow.xaml.cs:329)|
2021-01-23 10:02:47.5246|Info|Moving TOP Axis, Position Name : FOV 5,  X = 7744, Y = 36255(MainWindow.xaml.cs:329)|
2021-01-23 10:02:48.5640|Info|Moving TOP Axis, Position Name : FOV 6,  X = 1170, Y = 32562(MainWindow.xaml.cs:329)|
2021-01-23 10:02:49.6257|Info|Moving TOP Axis, Position Name : FOV 7,  X = 7776, Y = 32659(MainWindow.xaml.cs:329)|
2021-01-23 10:02:50.8477|Info|Moving TOP Axis, Position Name : FOV 8,  X = 11552, Y = 34536(MainWindow.xaml.cs:329)|
2021-01-23 10:02:51.8972|Info|Moving TOP Axis, Position Name : FOV 9,  X = 23153, Y = 30827(MainWindow.xaml.cs:329)|
2021-01-23 10:02:53.0661|Info|Moving TOP Axis, Position Name : FOV 10,  X = 23967, Y = 28910(MainWindow.xaml.cs:329)|
2021-01-23 10:02:54.0507|Info|Moving TOP Axis, Position Name : FOV 11,  X = 20743, Y = 29108(MainWindow.xaml.cs:329)|
2021-01-23 10:02:55.0292|Info|Moving TOP Axis, Position Name : FOV 12,  X = 16424, Y = 28418(MainWindow.xaml.cs:329)|
2021-01-23 10:02:56.0865|Info|Moving TOP Axis, Position Name : FOV 13,  X = 4210, Y = 32303(MainWindow.xaml.cs:329)|
2021-01-23 10:02:59.3111|Info|Moving TOP Axis, Position Name : FOV 14,  X = 3631, Y = 25256(MainWindow.xaml.cs:329)|
2021-01-23 10:03:00.4187|Info|Moving TOP Axis, Position Name : FOV 15,  X = 8141, Y = 25013(MainWindow.xaml.cs:329)|
2021-01-23 10:03:01.4455|Info|Moving TOP Axis, Position Name : FOV 16,  X = 12457, Y = 24981(MainWindow.xaml.cs:329)|
2021-01-23 10:03:02.4975|Info|Moving TOP Axis, Position Name : FOV 17,  X = 16789, Y = 25191(MainWindow.xaml.cs:329)|
2021-01-23 10:03:03.6109|Info|Moving TOP Axis, Position Name : FOV 18,  X = 19971, Y = 25683(MainWindow.xaml.cs:329)|
2021-01-23 10:04:44.2697|Info|Moving TOP Axis, Position Name : Mark 1,  X = 1606, Y = 21572(MainWindow.xaml.cs:165)|
2021-01-23 10:04:45.4481|Info|Moving TOP Axis, Position Name : Mark 2,  X = 23217, Y = 39793(MainWindow.xaml.cs:165)|
2021-01-23 10:04:46.6600|Info|Moving Bot Axis, Position Name : ReadCode 1,  X = 51328, Y = 102324(MainWindow.xaml.cs:271)|
2021-01-23 10:04:47.5115|Info|Moving TOP Axis, Position Name : FOV 1,  X = 23437, Y = 36109(MainWindow.xaml.cs:329)|
2021-01-23 10:04:48.6079|Info|Moving TOP Axis, Position Name : FOV 2,  X = 20998, Y = 36527(MainWindow.xaml.cs:329)|
2021-01-23 10:04:49.6004|Info|Moving TOP Axis, Position Name : FOV 3,  X = 16679, Y = 36220(MainWindow.xaml.cs:329)|
2021-01-23 10:04:50.6059|Info|Moving TOP Axis, Position Name : FOV 4,  X = 11488, Y = 37145(MainWindow.xaml.cs:329)|
2021-01-23 10:04:51.6586|Info|Moving TOP Axis, Position Name : FOV 5,  X = 7744, Y = 36255(MainWindow.xaml.cs:329)|
2021-01-23 10:04:52.7324|Info|Moving TOP Axis, Position Name : FOV 6,  X = 1170, Y = 32562(MainWindow.xaml.cs:329)|
2021-01-23 10:04:53.8448|Info|Moving TOP Axis, Position Name : FOV 7,  X = 7776, Y = 32659(MainWindow.xaml.cs:329)|
2021-01-23 10:04:54.9695|Info|Moving TOP Axis, Position Name : FOV 8,  X = 11552, Y = 34536(MainWindow.xaml.cs:329)|
2021-01-23 10:04:56.0547|Info|Moving TOP Axis, Position Name : FOV 9,  X = 23153, Y = 30827(MainWindow.xaml.cs:329)|
2021-01-23 10:04:57.2009|Info|Moving TOP Axis, Position Name : FOV 10,  X = 23967, Y = 28910(MainWindow.xaml.cs:329)|
2021-01-23 10:04:58.2034|Info|Moving TOP Axis, Position Name : FOV 11,  X = 20743, Y = 29108(MainWindow.xaml.cs:329)|
2021-01-23 10:04:59.2651|Info|Moving TOP Axis, Position Name : FOV 12,  X = 16424, Y = 28418(MainWindow.xaml.cs:329)|
2021-01-23 10:05:00.3324|Info|Moving TOP Axis, Position Name : FOV 13,  X = 4210, Y = 32303(MainWindow.xaml.cs:329)|
2021-01-23 10:05:01.5283|Info|Moving TOP Axis, Position Name : FOV 14,  X = 3631, Y = 25256(MainWindow.xaml.cs:329)|
2021-01-23 10:05:02.6511|Info|Moving TOP Axis, Position Name : FOV 15,  X = 8141, Y = 25013(MainWindow.xaml.cs:329)|
2021-01-23 10:05:03.6920|Info|Moving TOP Axis, Position Name : FOV 16,  X = 12457, Y = 24981(MainWindow.xaml.cs:329)|
2021-01-23 10:05:04.7452|Info|Moving TOP Axis, Position Name : FOV 17,  X = 16789, Y = 25191(MainWindow.xaml.cs:329)|
2021-01-23 10:05:05.7470|Info|Moving TOP Axis, Position Name : FOV 18,  X = 19971, Y = 25683(MainWindow.xaml.cs:329)|
