2021-01-07 10:49:19.2708|Error|Ping PLC failed, IP :192.168.3.100:9999...(MainWindow.xaml.cs:459)|
2021-01-07 10:50:25.7308|Error|Ping PLC failed, IP :192.168.3.100:9999...(MainWindow.xaml.cs:459)|
2021-01-07 10:51:30.7245|Error|Ping PLC failed, IP :192.168.3.100:9999...(MainWindow.xaml.cs:459)|
2021-01-07 10:52:35.7220|Error|Ping PLC failed, IP :192.168.3.100:9999...(MainWindow.xaml.cs:459)|
2021-01-07 10:53:40.7202|Error|Ping PLC failed, IP :192.168.3.100:9999...(MainWindow.xaml.cs:459)|
2021-01-07 10:54:45.7197|Error|Ping PLC failed, IP :192.168.3.100:9999...(MainWindow.xaml.cs:459)|
2021-01-07 10:55:50.7197|Error|Ping PLC failed, IP :192.168.3.100:9999...(MainWindow.xaml.cs:459)|
2021-01-07 10:56:55.7200|Error|Ping PLC failed, IP :192.168.3.100:9999...(MainWindow.xaml.cs:459)|
2021-01-07 10:58:00.7196|Error|Ping PLC failed, IP :192.168.3.100:9999...(MainWindow.xaml.cs:459)|
2021-01-07 10:59:05.7199|Error|Ping PLC failed, IP :192.168.3.100:9999...(MainWindow.xaml.cs:459)|
2021-01-07 11:00:10.7197|Error|Ping PLC failed, IP :192.168.3.100:9999...(MainWindow.xaml.cs:459)|
2021-01-07 11:01:15.7214|Error|Ping PLC failed, IP :192.168.3.100:9999...(MainWindow.xaml.cs:459)|
2021-01-07 11:02:20.7213|Error|Ping PLC failed, IP :192.168.3.100:9999...(MainWindow.xaml.cs:459)|
2021-01-07 11:03:25.7200|Error|Ping PLC failed, IP :192.168.3.100:9999...(MainWindow.xaml.cs:459)|
2021-01-07 11:04:30.7205|Error|Ping PLC failed, IP :192.168.3.100:9999...(MainWindow.xaml.cs:459)|
2021-01-07 11:14:54.3679|Info|Moving TOP Axis, Position Name : FOV 1,  X = 10320, Y = 38685(AutoAdjustFOVWindow.xaml.cs:173)|
2021-01-07 11:14:59.5591|Info|Moving TOP Axis, Position Name : FOV 2,  X = 10552, Y = 36121(AutoAdjustFOVWindow.xaml.cs:173)|
2021-01-07 11:15:00.5666|Info|Moving TOP Axis, Position Name : FOV 3,  X = 2081, Y = 35911(AutoAdjustFOVWindow.xaml.cs:173)|
2021-01-07 11:15:01.5765|Info|Moving TOP Axis, Position Name : FOV 4,  X = 1800, Y = 31132(AutoAdjustFOVWindow.xaml.cs:173)|
2021-01-07 11:15:02.5947|Info|Moving TOP Axis, Position Name : FOV 5,  X = 8527, Y = 32233(AutoAdjustFOVWindow.xaml.cs:173)|
2021-01-07 11:15:03.7322|Info|Moving TOP Axis, Position Name : FOV 6,  X = 12943, Y = 32233(AutoAdjustFOVWindow.xaml.cs:173)|
2021-01-07 11:15:04.8824|Info|Moving TOP Axis, Position Name : FOV 7,  X = 14003, Y = 28565(AutoAdjustFOVWindow.xaml.cs:173)|
2021-01-07 11:15:05.9604|Info|Moving TOP Axis, Position Name : FOV 8,  X = 8911, Y = 28345(AutoAdjustFOVWindow.xaml.cs:173)|
2021-01-07 11:15:06.9823|Info|Moving TOP Axis, Position Name : FOV 9,  X = 4549, Y = 27131(AutoAdjustFOVWindow.xaml.cs:173)|
2021-01-07 11:15:08.0093|Info|Moving TOP Axis, Position Name : FOV 10,  X = 3118, Y = 24634(AutoAdjustFOVWindow.xaml.cs:173)|
2021-01-07 11:15:09.0044|Info|Moving TOP Axis, Position Name : FOV 11,  X = 8414, Y = 24456(AutoAdjustFOVWindow.xaml.cs:173)|
2021-01-07 11:15:10.0475|Info|Moving TOP Axis, Position Name : FOV 12,  X = 12533, Y = 24434(AutoAdjustFOVWindow.xaml.cs:173)|
2021-01-07 11:15:14.6530|Info|Moving TOP Axis, Position Name : FOV 1,  X = 10320, Y = 38685(AutoAdjustFOVWindow.xaml.cs:173)|
2021-01-07 11:15:17.9170|Info|Moving TOP Axis, Position Name : FOV 2,  X = 10552, Y = 36121(AutoAdjustFOVWindow.xaml.cs:173)|
2021-01-07 11:15:21.1726|Info|Moving TOP Axis, Position Name : FOV 3,  X = 2081, Y = 35911(AutoAdjustFOVWindow.xaml.cs:173)|
2021-01-07 11:15:24.5650|Info|Moving TOP Axis, Position Name : FOV 4,  X = 1800, Y = 31132(AutoAdjustFOVWindow.xaml.cs:173)|
2021-01-07 11:15:28.1896|Info|Moving TOP Axis, Position Name : FOV 5,  X = 8527, Y = 32233(AutoAdjustFOVWindow.xaml.cs:173)|
2021-01-07 11:15:31.0238|Info|Moving TOP Axis, Position Name : FOV 6,  X = 12943, Y = 32233(AutoAdjustFOVWindow.xaml.cs:173)|
2021-01-07 11:15:33.1888|Info|Moving TOP Axis, Position Name : FOV 7,  X = 14003, Y = 28565(AutoAdjustFOVWindow.xaml.cs:173)|
2021-01-07 11:15:35.1570|Info|Moving TOP Axis, Position Name : FOV 8,  X = 8911, Y = 28345(AutoAdjustFOVWindow.xaml.cs:173)|
2021-01-07 11:15:37.1808|Info|Moving TOP Axis, Position Name : FOV 9,  X = 4549, Y = 27131(AutoAdjustFOVWindow.xaml.cs:173)|
2021-01-07 11:15:39.3013|Info|Moving TOP Axis, Position Name : FOV 10,  X = 3118, Y = 24634(AutoAdjustFOVWindow.xaml.cs:173)|
2021-01-07 11:15:41.4455|Info|Moving TOP Axis, Position Name : FOV 11,  X = 8414, Y = 24456(AutoAdjustFOVWindow.xaml.cs:173)|
2021-01-07 11:15:43.7495|Info|Moving TOP Axis, Position Name : FOV 12,  X = 12533, Y = 24434(AutoAdjustFOVWindow.xaml.cs:173)|
2021-01-07 11:16:04.8325|Info|Moving TOP Axis, Position Name : Mark 1,  X = 14924, Y = 22556(MainWindow.xaml.cs:171)|
2021-01-07 11:16:05.7498|Info|Moving TOP Axis, Position Name : Mark 2,  X = 692, Y = 39307(MainWindow.xaml.cs:171)|
2021-01-07 11:16:06.9058|Info|Moving TOP Axis, Position Name : FOV 1,  X = 10320, Y = 38685(MainWindow.xaml.cs:266)|
2021-01-07 11:16:08.1683|Info|Moving TOP Axis, Position Name : FOV 2,  X = 10552, Y = 36121(MainWindow.xaml.cs:266)|
2021-01-07 11:16:09.3131|Info|Moving TOP Axis, Position Name : FOV 3,  X = 2081, Y = 35911(MainWindow.xaml.cs:266)|
2021-01-07 11:16:09.5533|Error|Unable to connect to the remote server(ServiceComm.cs:116)|
2021-01-07 11:16:18.7874|Error|Unable to connect to the remote server(ServiceComm.cs:116)|
2021-01-07 11:16:51.0166|Info|Moving TOP Axis, Position Name : Mark 1,  X = 14924, Y = 22556(MainWindow.xaml.cs:171)|
2021-01-07 11:16:52.7384|Info|Moving TOP Axis, Position Name : Mark 2,  X = 692, Y = 39307(MainWindow.xaml.cs:171)|
2021-01-07 11:16:53.8721|Info|Moving TOP Axis, Position Name : FOV 1,  X = 10320, Y = 38685(MainWindow.xaml.cs:266)|
2021-01-07 11:16:55.1484|Info|Moving TOP Axis, Position Name : FOV 2,  X = 10552, Y = 36121(MainWindow.xaml.cs:266)|
2021-01-07 11:16:56.1181|Info|Moving TOP Axis, Position Name : FOV 3,  X = 2081, Y = 35911(MainWindow.xaml.cs:266)|
2021-01-07 11:16:56.3342|Error|Unable to connect to the remote server(ServiceComm.cs:116)|
2021-01-07 11:18:44.9615|Info|Moving TOP Axis, Position Name : Mark 1,  X = 14924, Y = 22556(MainWindow.xaml.cs:171)|
2021-01-07 11:18:46.6589|Info|Moving TOP Axis, Position Name : Mark 2,  X = 692, Y = 39307(MainWindow.xaml.cs:171)|
2021-01-07 11:18:47.7954|Info|Moving TOP Axis, Position Name : FOV 1,  X = 10320, Y = 38685(MainWindow.xaml.cs:266)|
2021-01-07 11:18:51.1147|Info|Moving TOP Axis, Position Name : FOV 2,  X = 10552, Y = 36121(MainWindow.xaml.cs:266)|
2021-01-07 11:18:52.0958|Info|Moving TOP Axis, Position Name : FOV 3,  X = 2081, Y = 35911(MainWindow.xaml.cs:266)|
2021-01-07 11:18:53.4691|Info|Moving TOP Axis, Position Name : FOV 4,  X = 1800, Y = 31132(MainWindow.xaml.cs:266)|
2021-01-07 11:18:54.9352|Info|Moving TOP Axis, Position Name : FOV 5,  X = 8527, Y = 32233(MainWindow.xaml.cs:266)|
2021-01-07 11:18:56.7424|Info|Moving TOP Axis, Position Name : FOV 6,  X = 12943, Y = 32233(MainWindow.xaml.cs:266)|
2021-01-07 11:18:58.6263|Error|The remote server returned an error: (500) Internal Server Error.(ServiceComm.cs:124)|
2021-01-07 11:18:58.7051|Info|Moving TOP Axis, Position Name : FOV 7,  X = 14003, Y = 28565(MainWindow.xaml.cs:266)|
2021-01-07 11:18:59.1948|Error|The remote server returned an error: (500) Internal Server Error.(ServiceComm.cs:124)|
2021-01-07 11:18:59.9967|Info|Moving TOP Axis, Position Name : FOV 8,  X = 8911, Y = 28345(MainWindow.xaml.cs:266)|
2021-01-07 11:19:01.5869|Info|Moving TOP Axis, Position Name : FOV 9,  X = 4549, Y = 27131(MainWindow.xaml.cs:266)|
2021-01-07 11:19:02.2133|Error|The remote server returned an error: (500) Internal Server Error.(ServiceComm.cs:124)|
2021-01-07 11:19:03.0261|Info|Moving TOP Axis, Position Name : FOV 10,  X = 3118, Y = 24634(MainWindow.xaml.cs:266)|
2021-01-07 11:19:03.6674|Error|The remote server returned an error: (500) Internal Server Error.(ServiceComm.cs:124)|
2021-01-07 11:19:04.5530|Info|Moving TOP Axis, Position Name : FOV 11,  X = 8414, Y = 24456(MainWindow.xaml.cs:266)|
2021-01-07 11:19:06.1557|Info|Moving TOP Axis, Position Name : FOV 12,  X = 12533, Y = 24434(MainWindow.xaml.cs:266)|
2021-01-07 11:19:06.4918|Error|The remote server returned an error: (500) Internal Server Error.(ServiceComm.cs:124)|
2021-01-07 11:19:09.6434|Error|The remote server returned an error: (500) Internal Server Error.(ServiceComm.cs:124)|
2021-01-07 11:19:10.7953|Error|The remote server returned an error: (500) Internal Server Error.(ServiceComm.cs:124)|
2021-01-07 11:19:12.2305|Error|The remote server returned an error: (500) Internal Server Error.(ServiceComm.cs:124)|
2021-01-07 11:19:13.5370|Error|The remote server returned an error: (500) Internal Server Error.(ServiceComm.cs:124)|
2021-01-07 11:19:15.0699|Error|The remote server returned an error: (500) Internal Server Error.(ServiceComm.cs:124)|
2021-01-07 11:19:15.1357|Error|The remote server returned an error: (500) Internal Server Error.(ServiceComm.cs:124)|
2021-01-07 11:19:15.2893|Error|The remote server returned an error: (500) Internal Server Error.(ServiceComm.cs:124)|
2021-01-07 11:22:28.3089|Info|Moving TOP Axis, Position Name : Mark 1,  X = 14924, Y = 22556(MainWindow.xaml.cs:171)|
2021-01-07 11:22:29.9911|Info|Moving TOP Axis, Position Name : Mark 2,  X = 692, Y = 39307(MainWindow.xaml.cs:171)|
2021-01-07 11:22:31.1335|Info|Moving TOP Axis, Position Name : FOV 1,  X = 10320, Y = 38685(MainWindow.xaml.cs:266)|
2021-01-07 11:22:32.4001|Info|Moving TOP Axis, Position Name : FOV 2,  X = 10552, Y = 36121(MainWindow.xaml.cs:266)|
2021-01-07 11:22:33.5063|Info|Moving TOP Axis, Position Name : FOV 3,  X = 2081, Y = 35911(MainWindow.xaml.cs:266)|
2021-01-07 11:22:35.0950|Info|Moving TOP Axis, Position Name : FOV 4,  X = 1800, Y = 31132(MainWindow.xaml.cs:266)|
2021-01-07 11:22:37.1964|Info|Moving TOP Axis, Position Name : FOV 5,  X = 8527, Y = 32233(MainWindow.xaml.cs:266)|
2021-01-07 11:22:39.5661|Info|Moving TOP Axis, Position Name : FOV 6,  X = 12943, Y = 32233(MainWindow.xaml.cs:266)|
2021-01-07 11:22:40.3914|Error|The remote server returned an error: (500) Internal Server Error.(ServiceComm.cs:124)|
2021-01-07 11:22:40.4064|Error|The remote server returned an error: (500) Internal Server Error.(ServiceComm.cs:124)|
2021-01-07 11:22:42.2714|Info|Moving TOP Axis, Position Name : FOV 7,  X = 14003, Y = 28565(MainWindow.xaml.cs:266)|
2021-01-07 11:22:42.4090|Error|The remote server returned an error: (500) Internal Server Error.(ServiceComm.cs:124)|
2021-01-07 11:22:43.1760|Error|The remote server returned an error: (500) Internal Server Error.(ServiceComm.cs:124)|
2021-01-07 11:22:44.1494|Info|Moving TOP Axis, Position Name : FOV 8,  X = 8911, Y = 28345(MainWindow.xaml.cs:266)|
2021-01-07 11:22:44.6500|Error|The remote server returned an error: (500) Internal Server Error.(ServiceComm.cs:124)|
2021-01-07 11:22:46.0593|Info|Moving TOP Axis, Position Name : FOV 9,  X = 4549, Y = 27131(MainWindow.xaml.cs:266)|
2021-01-07 11:22:47.1613|Error|The remote server returned an error: (500) Internal Server Error.(ServiceComm.cs:124)|
2021-01-07 11:22:48.0330|Info|Moving TOP Axis, Position Name : FOV 10,  X = 3118, Y = 24634(MainWindow.xaml.cs:266)|
2021-01-07 11:22:49.1809|Error|The remote server returned an error: (500) Internal Server Error.(ServiceComm.cs:124)|
2021-01-07 11:22:50.1433|Info|Moving TOP Axis, Position Name : FOV 11,  X = 8414, Y = 24456(MainWindow.xaml.cs:266)|
2021-01-07 11:22:50.6231|Error|The remote server returned an error: (500) Internal Server Error.(ServiceComm.cs:124)|
2021-01-07 11:22:52.0742|Info|Moving TOP Axis, Position Name : FOV 12,  X = 12533, Y = 24434(MainWindow.xaml.cs:266)|
2021-01-07 11:22:52.6676|Error|The remote server returned an error: (500) Internal Server Error.(ServiceComm.cs:124)|
2021-01-07 11:22:54.9734|Error|The remote server returned an error: (500) Internal Server Error.(ServiceComm.cs:124)|
2021-01-07 11:22:56.6130|Error|The remote server returned an error: (500) Internal Server Error.(ServiceComm.cs:124)|
2021-01-07 11:22:57.4887|Error|The remote server returned an error: (500) Internal Server Error.(ServiceComm.cs:124)|
2021-01-07 11:27:05.8704|Info|Moving TOP Axis, Position Name : Mark 1,  X = 14924, Y = 22556(MainWindow.xaml.cs:171)|
2021-01-07 11:27:07.8706|Info|Moving TOP Axis, Position Name : Mark 2,  X = 692, Y = 39307(MainWindow.xaml.cs:171)|
2021-01-07 11:27:08.9966|Info|Moving TOP Axis, Position Name : FOV 1,  X = 10320, Y = 38685(MainWindow.xaml.cs:266)|
2021-01-07 11:27:10.2737|Info|Moving TOP Axis, Position Name : FOV 2,  X = 10552, Y = 36121(MainWindow.xaml.cs:266)|
2021-01-07 11:27:11.3564|Info|Moving TOP Axis, Position Name : FOV 3,  X = 2081, Y = 35911(MainWindow.xaml.cs:266)|
2021-01-07 11:27:12.8474|Info|Moving TOP Axis, Position Name : FOV 4,  X = 1800, Y = 31132(MainWindow.xaml.cs:266)|
2021-01-07 11:27:14.1961|Info|Moving TOP Axis, Position Name : FOV 5,  X = 8527, Y = 32233(MainWindow.xaml.cs:266)|
2021-01-07 11:27:15.7772|Info|Moving TOP Axis, Position Name : FOV 6,  X = 12943, Y = 32233(MainWindow.xaml.cs:266)|
2021-01-07 11:27:17.0817|Info|Moving TOP Axis, Position Name : FOV 7,  X = 14003, Y = 28565(MainWindow.xaml.cs:266)|
2021-01-07 11:27:18.9966|Info|Moving TOP Axis, Position Name : FOV 8,  X = 8911, Y = 28345(MainWindow.xaml.cs:266)|
2021-01-07 11:27:21.0481|Info|Moving TOP Axis, Position Name : FOV 9,  X = 4549, Y = 27131(MainWindow.xaml.cs:266)|
2021-01-07 11:27:22.8259|Info|Moving TOP Axis, Position Name : FOV 10,  X = 3118, Y = 24634(MainWindow.xaml.cs:266)|
2021-01-07 11:27:24.8924|Info|Moving TOP Axis, Position Name : FOV 11,  X = 8414, Y = 24456(MainWindow.xaml.cs:266)|
2021-01-07 11:27:26.9319|Info|Moving TOP Axis, Position Name : FOV 12,  X = 12533, Y = 24434(MainWindow.xaml.cs:266)|
2021-01-07 11:34:28.4958|Info|Moving TOP Axis, Position Name : Mark 1,  X = 14924, Y = 22556(MainWindow.xaml.cs:171)|
2021-01-07 11:34:29.6155|Info|Moving TOP Axis, Position Name : Mark 2,  X = 692, Y = 39307(MainWindow.xaml.cs:171)|
2021-01-07 11:34:30.7576|Info|Moving TOP Axis, Position Name : FOV 1,  X = 10320, Y = 38685(MainWindow.xaml.cs:266)|
2021-01-07 11:34:32.0053|Info|Moving TOP Axis, Position Name : FOV 2,  X = 10552, Y = 36121(MainWindow.xaml.cs:266)|
2021-01-07 11:34:32.9953|Info|Moving TOP Axis, Position Name : FOV 3,  X = 2081, Y = 35911(MainWindow.xaml.cs:266)|
2021-01-07 11:34:33.2882|Error|Unable to connect to the remote server(ServiceComm.cs:116)|
2021-01-07 11:34:34.0035|Error|Unable to connect to the remote server(ServiceComm.cs:116)|
2021-01-07 11:34:34.0564|Info|Moving TOP Axis, Position Name : FOV 4,  X = 1800, Y = 31132(MainWindow.xaml.cs:266)|
2021-01-07 11:34:35.0653|Error|Unable to connect to the remote server(ServiceComm.cs:116)|
2021-01-07 11:34:35.0653|Info|Moving TOP Axis, Position Name : FOV 5,  X = 8527, Y = 32233(MainWindow.xaml.cs:266)|
2021-01-07 11:34:36.0944|Error|Unable to connect to the remote server(ServiceComm.cs:116)|
2021-01-07 11:34:36.1901|Info|Moving TOP Axis, Position Name : FOV 6,  X = 12943, Y = 32233(MainWindow.xaml.cs:266)|
2021-01-07 11:34:37.2251|Info|Moving TOP Axis, Position Name : FOV 7,  X = 14003, Y = 28565(MainWindow.xaml.cs:266)|
2021-01-07 11:34:37.2755|Error|Unable to connect to the remote server(ServiceComm.cs:116)|
2021-01-07 11:34:38.2108|Info|Moving TOP Axis, Position Name : FOV 8,  X = 8911, Y = 28345(MainWindow.xaml.cs:266)|
2021-01-07 11:34:38.2287|Error|Unable to connect to the remote server(ServiceComm.cs:116)|
2021-01-07 11:34:39.2033|Info|Moving TOP Axis, Position Name : FOV 9,  X = 4549, Y = 27131(MainWindow.xaml.cs:266)|
2021-01-07 11:34:39.2382|Error|Unable to connect to the remote server(ServiceComm.cs:116)|
2021-01-07 11:34:40.2114|Error|Unable to connect to the remote server(ServiceComm.cs:116)|
2021-01-07 11:34:40.2374|Info|Moving TOP Axis, Position Name : FOV 10,  X = 3118, Y = 24634(MainWindow.xaml.cs:266)|
2021-01-07 11:34:41.2454|Error|Unable to connect to the remote server(ServiceComm.cs:116)|
2021-01-07 11:34:41.2584|Info|Moving TOP Axis, Position Name : FOV 11,  X = 8414, Y = 24456(MainWindow.xaml.cs:266)|
2021-01-07 11:34:42.2694|Error|Unable to connect to the remote server(ServiceComm.cs:116)|
2021-01-07 11:34:42.2894|Info|Moving TOP Axis, Position Name : FOV 12,  X = 12533, Y = 24434(MainWindow.xaml.cs:266)|
2021-01-07 11:34:43.3014|Error|Unable to connect to the remote server(ServiceComm.cs:116)|
2021-01-07 11:34:44.2969|Error|Unable to connect to the remote server(ServiceComm.cs:116)|
