2021-01-19 08:20:48.7192|Error|Ping PLC failed, IP :192.168.3.100:9999...(MainWindow.xaml.cs:550)|
2021-01-19 08:26:46.8303|Error|SQL logic error
no such column: C300(Ctl.cs:30)|
2021-01-19 08:26:51.7186|Error|Ping PLC failed, IP :192.168.3.100:9999...(MainWindow.xaml.cs:561)|
2021-01-19 08:31:43.2198|Error|Ping PLC failed, IP :192.168.3.100:9999...(MainWindow.xaml.cs:563)|
2021-01-19 09:16:34.4173|Info|Moving TOP Axis, Position Name : Mark 1,  X = 14922, Y = 22567(MainWindow.xaml.cs:167)|
2021-01-19 09:16:35.9235|Info|Moving TOP Axis, Position Name : Mark 2,  X = 690, Y = 39318(MainWindow.xaml.cs:167)|
2021-01-19 09:16:36.9780|Info|Moving Bot Axis, Position Name : ReadCode 1,  X = 29090, Y = 73154(MainWindow.xaml.cs:273)|
2021-01-19 09:16:41.8576|Info|Moving TOP Axis, Position Name : FOV 1,  X = 9171, Y = 38298(MainWindow.xaml.cs:325)|
2021-01-19 09:16:42.9879|Info|Moving TOP Axis, Position Name : FOV 2,  X = 10696, Y = 38314(MainWindow.xaml.cs:325)|
2021-01-19 09:23:28.5908|Info|Moving TOP Axis, Position Name : Mark 1,  X = 14922, Y = 22567(MainWindow.xaml.cs:167)|
2021-01-19 09:23:31.1621|Info|Moving TOP Axis, Position Name : Mark 2,  X = 690, Y = 39318(MainWindow.xaml.cs:167)|
2021-01-19 09:23:32.2708|Info|Moving Bot Axis, Position Name : ReadCode 1,  X = 29090, Y = 73154(MainWindow.xaml.cs:273)|
2021-01-19 09:23:37.5288|Info|Moving TOP Axis, Position Name : FOV 1,  X = 9171, Y = 38298(MainWindow.xaml.cs:326)|
2021-01-19 09:23:38.6163|Info|Moving TOP Axis, Position Name : FOV 2,  X = 10696, Y = 38314(MainWindow.xaml.cs:326)|
2021-01-19 09:23:39.4345|Info|Moving TOP Axis, Position Name : FOV 3,  X = 2079, Y = 35922(MainWindow.xaml.cs:326)|
2021-01-19 09:23:39.5143|Error|The remote server returned an error: (500) Internal Server Error.(ServiceComm.cs:119)|
2021-01-19 09:23:40.4048|Info|Moving TOP Axis, Position Name : FOV 4,  X = 7775, Y = 33014(MainWindow.xaml.cs:326)|
2021-01-19 09:23:40.4397|Error|The remote server returned an error: (500) Internal Server Error.(ServiceComm.cs:119)|
2021-01-19 09:23:41.3788|Info|Moving TOP Axis, Position Name : FOV 5,  X = 10780, Y = 33461(MainWindow.xaml.cs:326)|
2021-01-19 09:23:42.2205|Info|Moving TOP Axis, Position Name : FOV 6,  X = 13704, Y = 33244(MainWindow.xaml.cs:326)|
2021-01-19 09:23:43.0525|Info|Moving TOP Axis, Position Name : FOV 7,  X = 11013, Y = 30567(MainWindow.xaml.cs:326)|
2021-01-19 09:23:43.8480|Info|Moving TOP Axis, Position Name : FOV 8,  X = 8076, Y = 31182(MainWindow.xaml.cs:326)|
2021-01-19 09:23:44.7189|Info|Moving TOP Axis, Position Name : FOV 9,  X = 1798, Y = 31143(MainWindow.xaml.cs:326)|
2021-01-19 09:23:45.5718|Info|Moving TOP Axis, Position Name : FOV 10,  X = 3539, Y = 27048(MainWindow.xaml.cs:326)|
2021-01-19 09:23:45.5877|Error|The remote server returned an error: (500) Internal Server Error.(ServiceComm.cs:119)|
2021-01-19 09:23:46.4145|Info|Moving TOP Axis, Position Name : FOV 11,  X = 7310, Y = 26588(MainWindow.xaml.cs:326)|
2021-01-19 09:23:47.2757|Info|Moving TOP Axis, Position Name : FOV 12,  X = 14001, Y = 29583(MainWindow.xaml.cs:326)|
2021-01-19 09:23:48.1593|Info|Moving TOP Axis, Position Name : FOV 13,  X = 14379, Y = 26523(MainWindow.xaml.cs:326)|
2021-01-19 09:23:48.9430|Info|Moving TOP Axis, Position Name : FOV 14,  X = 12857, Y = 23979(MainWindow.xaml.cs:326)|
2021-01-19 09:23:48.9580|Error|The remote server returned an error: (500) Internal Server Error.(ServiceComm.cs:119)|
2021-01-19 09:23:49.7804|Info|Moving TOP Axis, Position Name : FOV 15,  X = 9497, Y = 23810(MainWindow.xaml.cs:326)|
2021-01-19 09:23:50.6128|Info|Moving TOP Axis, Position Name : FOV 16,  X = 1627, Y = 23859(MainWindow.xaml.cs:326)|
2021-01-19 09:31:27.4828|Info|Moving TOP Axis, Position Name : Mark 1,  X = 14922, Y = 22567(MainWindow.xaml.cs:167)|
2021-01-19 09:31:28.5688|Info|Score matching is lower score standard... 0 < 70(MainWindow.xaml.cs:212)|
2021-01-19 09:33:07.5467|Info|Moving TOP Axis, Position Name : Mark 1,  X = 14922, Y = 22567(MainWindow.xaml.cs:167)|
2021-01-19 09:33:08.2855|Info|Score matching is lower score standard... 0 < 70(MainWindow.xaml.cs:212)|
2021-01-19 09:33:40.6803|Info|Moving TOP Axis, Position Name : Mark 1,  X = 14922, Y = 22567(MainWindow.xaml.cs:167)|
2021-01-19 09:33:41.3582|Info|Score matching is lower score standard... 0 < 70(MainWindow.xaml.cs:212)|
2021-01-19 09:35:50.8977|Info|Moving TOP Axis, Position Name : Mark 1,  X = 14922, Y = 22567(MainWindow.xaml.cs:167)|
2021-01-19 09:36:02.5475|Error|startIndex cannot be larger than length of string.
Parameter name: startIndex(SLMP.cs:302)|
2021-01-19 09:37:17.3358|Info|Moving TOP Axis, Position Name : Mark 1,  X = 14922, Y = 22567(MainWindow.xaml.cs:167)|
2021-01-19 09:37:18.1274|Info|Moving TOP Axis, Position Name : Mark 2,  X = 690, Y = 39318(MainWindow.xaml.cs:167)|
2021-01-19 09:37:19.1722|Info|Moving Bot Axis, Position Name : ReadCode 1,  X = 29090, Y = 73154(MainWindow.xaml.cs:273)|
2021-01-19 09:37:26.3567|Info|Moving TOP Axis, Position Name : FOV 1,  X = 9171, Y = 38298(MainWindow.xaml.cs:326)|
2021-01-19 09:37:27.4837|Info|Moving TOP Axis, Position Name : FOV 2,  X = 10696, Y = 38314(MainWindow.xaml.cs:326)|
2021-01-19 09:37:28.2812|Info|Moving TOP Axis, Position Name : FOV 3,  X = 2079, Y = 35922(MainWindow.xaml.cs:326)|
2021-01-19 09:37:29.2338|Info|Moving TOP Axis, Position Name : FOV 4,  X = 7775, Y = 33014(MainWindow.xaml.cs:326)|
2021-01-19 09:37:30.1443|Info|Moving TOP Axis, Position Name : FOV 5,  X = 10780, Y = 33461(MainWindow.xaml.cs:326)|
2021-01-19 09:37:30.9947|Info|Moving TOP Axis, Position Name : FOV 6,  X = 13704, Y = 33244(MainWindow.xaml.cs:326)|
2021-01-19 09:37:31.0146|Error|The remote server returned an error: (500) Internal Server Error.(ServiceComm.cs:119)|
2021-01-19 09:37:31.8300|Info|Moving TOP Axis, Position Name : FOV 7,  X = 11013, Y = 30567(MainWindow.xaml.cs:326)|
2021-01-19 09:37:32.6532|Info|Moving TOP Axis, Position Name : FOV 8,  X = 8076, Y = 31182(MainWindow.xaml.cs:326)|
2021-01-19 09:37:33.5124|Info|Moving TOP Axis, Position Name : FOV 9,  X = 1798, Y = 31143(MainWindow.xaml.cs:326)|
2021-01-19 09:37:33.5264|Error|The remote server returned an error: (500) Internal Server Error.(ServiceComm.cs:119)|
2021-01-19 09:37:34.4235|Info|Moving TOP Axis, Position Name : FOV 10,  X = 3539, Y = 27048(MainWindow.xaml.cs:326)|
2021-01-19 09:37:35.2708|Info|Moving TOP Axis, Position Name : FOV 11,  X = 7310, Y = 26588(MainWindow.xaml.cs:326)|
2021-01-19 09:37:35.2847|Error|The remote server returned an error: (500) Internal Server Error.(ServiceComm.cs:119)|
2021-01-19 09:37:36.1496|Info|Moving TOP Axis, Position Name : FOV 12,  X = 14001, Y = 29583(MainWindow.xaml.cs:326)|
2021-01-19 09:37:37.0652|Info|Moving TOP Axis, Position Name : FOV 13,  X = 14379, Y = 26523(MainWindow.xaml.cs:326)|
2021-01-19 09:37:37.0781|Error|The remote server returned an error: (500) Internal Server Error.(ServiceComm.cs:119)|
2021-01-19 09:37:37.9244|Info|Moving TOP Axis, Position Name : FOV 14,  X = 12857, Y = 23979(MainWindow.xaml.cs:326)|
2021-01-19 09:37:38.7834|Info|Moving TOP Axis, Position Name : FOV 15,  X = 9497, Y = 23810(MainWindow.xaml.cs:326)|
2021-01-19 09:37:38.8173|Error|The remote server returned an error: (500) Internal Server Error.(ServiceComm.cs:119)|
2021-01-19 09:37:39.6262|Info|Moving TOP Axis, Position Name : FOV 16,  X = 1627, Y = 23859(MainWindow.xaml.cs:326)|
2021-01-19 09:40:28.4761|Info|Moving TOP Axis, Position Name : Mark 1,  X = 14922, Y = 22567(MainWindow.xaml.cs:167)|
2021-01-19 09:40:29.4653|Info|Moving TOP Axis, Position Name : Mark 2,  X = 690, Y = 39318(MainWindow.xaml.cs:167)|
2021-01-19 09:40:30.5676|Info|Moving Bot Axis, Position Name : ReadCode 1,  X = 29090, Y = 73154(MainWindow.xaml.cs:273)|
2021-01-19 09:40:33.4561|Info|Moving TOP Axis, Position Name : FOV 1,  X = 9171, Y = 38298(MainWindow.xaml.cs:326)|
2021-01-19 09:40:34.5733|Info|Moving TOP Axis, Position Name : FOV 2,  X = 10696, Y = 38314(MainWindow.xaml.cs:326)|
2021-01-19 09:40:35.3530|Info|Moving TOP Axis, Position Name : FOV 3,  X = 2079, Y = 35922(MainWindow.xaml.cs:326)|
2021-01-19 09:40:36.2776|Info|Moving TOP Axis, Position Name : FOV 4,  X = 7775, Y = 33014(MainWindow.xaml.cs:326)|
2021-01-19 09:40:37.1742|Info|Moving TOP Axis, Position Name : FOV 5,  X = 10780, Y = 33461(MainWindow.xaml.cs:326)|
2021-01-19 09:40:37.1882|Error|The remote server returned an error: (500) Internal Server Error.(ServiceComm.cs:119)|
2021-01-19 09:40:37.9904|Info|Moving TOP Axis, Position Name : FOV 6,  X = 13704, Y = 33244(MainWindow.xaml.cs:326)|
2021-01-19 09:40:38.8288|Info|Moving TOP Axis, Position Name : FOV 7,  X = 11013, Y = 30567(MainWindow.xaml.cs:326)|
2021-01-19 09:40:38.8629|Error|The remote server returned an error: (500) Internal Server Error.(ServiceComm.cs:119)|
2021-01-19 09:40:39.6596|Info|Moving TOP Axis, Position Name : FOV 8,  X = 8076, Y = 31182(MainWindow.xaml.cs:326)|
2021-01-19 09:40:40.4924|Info|Moving TOP Axis, Position Name : FOV 9,  X = 1798, Y = 31143(MainWindow.xaml.cs:326)|
2021-01-19 09:40:41.3924|Info|Moving TOP Axis, Position Name : FOV 10,  X = 3539, Y = 27048(MainWindow.xaml.cs:326)|
2021-01-19 09:40:42.2062|Info|Moving TOP Axis, Position Name : FOV 11,  X = 7310, Y = 26588(MainWindow.xaml.cs:326)|
2021-01-19 09:40:43.1025|Info|Moving TOP Axis, Position Name : FOV 12,  X = 14001, Y = 29583(MainWindow.xaml.cs:326)|
2021-01-19 09:40:44.0247|Info|Moving TOP Axis, Position Name : FOV 13,  X = 14379, Y = 26523(MainWindow.xaml.cs:326)|
2021-01-19 09:40:44.9050|Info|Moving TOP Axis, Position Name : FOV 14,  X = 12857, Y = 23979(MainWindow.xaml.cs:326)|
2021-01-19 09:40:45.7294|Info|Moving TOP Axis, Position Name : FOV 15,  X = 9497, Y = 23810(MainWindow.xaml.cs:326)|
2021-01-19 09:40:46.5847|Info|Moving TOP Axis, Position Name : FOV 16,  X = 1627, Y = 23859(MainWindow.xaml.cs:326)|
2021-01-19 09:40:46.6175|Error|The remote server returned an error: (500) Internal Server Error.(ServiceComm.cs:119)|
2021-01-19 09:44:59.0871|Info|Moving TOP Axis, Position Name : Mark 1,  X = 14922, Y = 22567(MainWindow.xaml.cs:167)|
2021-01-19 09:45:00.1560|Info|Moving TOP Axis, Position Name : Mark 2,  X = 690, Y = 39318(MainWindow.xaml.cs:167)|
2021-01-19 09:45:01.2086|Info|Moving Bot Axis, Position Name : ReadCode 1,  X = 29090, Y = 73154(MainWindow.xaml.cs:273)|
2021-01-19 09:45:04.1261|Info|Moving TOP Axis, Position Name : FOV 1,  X = 9171, Y = 38298(MainWindow.xaml.cs:325)|
2021-01-19 09:45:05.2423|Info|Moving TOP Axis, Position Name : FOV 2,  X = 10696, Y = 38314(MainWindow.xaml.cs:325)|
2021-01-19 09:45:06.0804|Info|Moving TOP Axis, Position Name : FOV 3,  X = 2079, Y = 35922(MainWindow.xaml.cs:325)|
2021-01-19 09:45:07.0222|Info|Moving TOP Axis, Position Name : FOV 4,  X = 7775, Y = 33014(MainWindow.xaml.cs:325)|
2021-01-19 09:45:07.9310|Info|Moving TOP Axis, Position Name : FOV 5,  X = 10780, Y = 33461(MainWindow.xaml.cs:325)|
2021-01-19 09:45:08.7934|Info|Moving TOP Axis, Position Name : FOV 6,  X = 13704, Y = 33244(MainWindow.xaml.cs:325)|
2021-01-19 09:45:09.6732|Info|Moving TOP Axis, Position Name : FOV 7,  X = 11013, Y = 30567(MainWindow.xaml.cs:325)|
2021-01-19 09:45:10.5536|Info|Moving TOP Axis, Position Name : FOV 8,  X = 8076, Y = 31182(MainWindow.xaml.cs:325)|
2021-01-19 09:45:11.4205|Info|Moving TOP Axis, Position Name : FOV 9,  X = 1798, Y = 31143(MainWindow.xaml.cs:325)|
2021-01-19 09:45:12.3282|Info|Moving TOP Axis, Position Name : FOV 10,  X = 3539, Y = 27048(MainWindow.xaml.cs:325)|
2021-01-19 09:45:13.2002|Info|Moving TOP Axis, Position Name : FOV 11,  X = 7310, Y = 26588(MainWindow.xaml.cs:325)|
2021-01-19 09:45:14.1245|Info|Moving TOP Axis, Position Name : FOV 12,  X = 14001, Y = 29583(MainWindow.xaml.cs:325)|
2021-01-19 09:45:15.0455|Info|Moving TOP Axis, Position Name : FOV 13,  X = 14379, Y = 26523(MainWindow.xaml.cs:325)|
2021-01-19 09:45:15.8787|Info|Moving TOP Axis, Position Name : FOV 14,  X = 12857, Y = 23979(MainWindow.xaml.cs:325)|
2021-01-19 09:45:16.7541|Info|Moving TOP Axis, Position Name : FOV 15,  X = 9497, Y = 23810(MainWindow.xaml.cs:325)|
2021-01-19 09:45:17.6071|Info|Moving TOP Axis, Position Name : FOV 16,  X = 1627, Y = 23859(MainWindow.xaml.cs:325)|
2021-01-19 09:46:10.0716|Info|Moving TOP Axis, Position Name : Mark 1,  X = 14922, Y = 22567(MainWindow.xaml.cs:167)|
2021-01-19 09:46:11.1260|Info|Moving TOP Axis, Position Name : Mark 2,  X = 690, Y = 39318(MainWindow.xaml.cs:167)|
2021-01-19 09:46:12.1863|Info|Moving Bot Axis, Position Name : ReadCode 1,  X = 29090, Y = 73154(MainWindow.xaml.cs:273)|
2021-01-19 09:46:12.6589|Info|Moving TOP Axis, Position Name : FOV 1,  X = 9171, Y = 38298(MainWindow.xaml.cs:325)|
2021-01-19 09:46:13.7881|Info|Moving TOP Axis, Position Name : FOV 2,  X = 10696, Y = 38314(MainWindow.xaml.cs:325)|
2021-01-19 09:46:14.6287|Info|Moving TOP Axis, Position Name : FOV 3,  X = 2079, Y = 35922(MainWindow.xaml.cs:325)|
2021-01-19 09:46:15.5785|Info|Moving TOP Axis, Position Name : FOV 4,  X = 7775, Y = 33014(MainWindow.xaml.cs:325)|
2021-01-19 09:46:16.5167|Info|Moving TOP Axis, Position Name : FOV 5,  X = 10780, Y = 33461(MainWindow.xaml.cs:325)|
2021-01-19 09:46:17.3724|Info|Moving TOP Axis, Position Name : FOV 6,  X = 13704, Y = 33244(MainWindow.xaml.cs:325)|
2021-01-19 09:46:18.2198|Info|Moving TOP Axis, Position Name : FOV 7,  X = 11013, Y = 30567(MainWindow.xaml.cs:325)|
2021-01-19 09:46:19.1084|Info|Moving TOP Axis, Position Name : FOV 8,  X = 8076, Y = 31182(MainWindow.xaml.cs:325)|
2021-01-19 09:46:20.0246|Info|Moving TOP Axis, Position Name : FOV 9,  X = 1798, Y = 31143(MainWindow.xaml.cs:325)|
2021-01-19 09:46:20.9692|Info|Moving TOP Axis, Position Name : FOV 10,  X = 3539, Y = 27048(MainWindow.xaml.cs:325)|
2021-01-19 09:46:21.8614|Info|Moving TOP Axis, Position Name : FOV 11,  X = 7310, Y = 26588(MainWindow.xaml.cs:325)|
2021-01-19 09:46:22.7249|Info|Moving TOP Axis, Position Name : FOV 12,  X = 14001, Y = 29583(MainWindow.xaml.cs:325)|
2021-01-19 09:46:23.6705|Info|Moving TOP Axis, Position Name : FOV 13,  X = 14379, Y = 26523(MainWindow.xaml.cs:325)|
2021-01-19 09:46:24.5505|Info|Moving TOP Axis, Position Name : FOV 14,  X = 12857, Y = 23979(MainWindow.xaml.cs:325)|
2021-01-19 09:46:25.4142|Info|Moving TOP Axis, Position Name : FOV 15,  X = 9497, Y = 23810(MainWindow.xaml.cs:325)|
2021-01-19 09:46:26.3154|Info|Moving TOP Axis, Position Name : FOV 16,  X = 1627, Y = 23859(MainWindow.xaml.cs:325)|
2021-01-19 09:47:17.4854|Info|Moving TOP Axis, Position Name : Mark 1,  X = 14922, Y = 22567(MainWindow.xaml.cs:167)|
2021-01-19 09:47:18.5561|Info|Moving TOP Axis, Position Name : Mark 2,  X = 690, Y = 39318(MainWindow.xaml.cs:167)|
2021-01-19 09:47:19.6047|Info|Moving Bot Axis, Position Name : ReadCode 1,  X = 29090, Y = 73154(MainWindow.xaml.cs:273)|
2021-01-19 09:47:20.0967|Info|Moving TOP Axis, Position Name : FOV 1,  X = 9171, Y = 38298(MainWindow.xaml.cs:325)|
2021-01-19 09:47:21.1834|Info|Moving TOP Axis, Position Name : FOV 2,  X = 10696, Y = 38314(MainWindow.xaml.cs:325)|
2021-01-19 09:47:22.0144|Info|Moving TOP Axis, Position Name : FOV 3,  X = 2079, Y = 35922(MainWindow.xaml.cs:325)|
2021-01-19 09:47:22.9713|Info|Moving TOP Axis, Position Name : FOV 4,  X = 7775, Y = 33014(MainWindow.xaml.cs:325)|
2021-01-19 09:47:23.8960|Info|Moving TOP Axis, Position Name : FOV 5,  X = 10780, Y = 33461(MainWindow.xaml.cs:325)|
2021-01-19 09:47:24.7986|Info|Moving TOP Axis, Position Name : FOV 6,  X = 13704, Y = 33244(MainWindow.xaml.cs:325)|
2021-01-19 09:47:25.6367|Info|Moving TOP Axis, Position Name : FOV 7,  X = 11013, Y = 30567(MainWindow.xaml.cs:325)|
2021-01-19 09:47:26.4785|Info|Moving TOP Axis, Position Name : FOV 8,  X = 8076, Y = 31182(MainWindow.xaml.cs:325)|
2021-01-19 09:47:27.3749|Info|Moving TOP Axis, Position Name : FOV 9,  X = 1798, Y = 31143(MainWindow.xaml.cs:325)|
2021-01-19 09:47:28.2887|Info|Moving TOP Axis, Position Name : FOV 10,  X = 3539, Y = 27048(MainWindow.xaml.cs:325)|
2021-01-19 09:47:29.1793|Info|Moving TOP Axis, Position Name : FOV 11,  X = 7310, Y = 26588(MainWindow.xaml.cs:325)|
2021-01-19 09:47:30.0513|Info|Moving TOP Axis, Position Name : FOV 12,  X = 14001, Y = 29583(MainWindow.xaml.cs:325)|
2021-01-19 09:47:30.9644|Info|Moving TOP Axis, Position Name : FOV 13,  X = 14379, Y = 26523(MainWindow.xaml.cs:325)|
2021-01-19 09:47:31.8197|Info|Moving TOP Axis, Position Name : FOV 14,  X = 12857, Y = 23979(MainWindow.xaml.cs:325)|
2021-01-19 09:47:32.7079|Info|Moving TOP Axis, Position Name : FOV 15,  X = 9497, Y = 23810(MainWindow.xaml.cs:325)|
2021-01-19 09:47:33.6105|Info|Moving TOP Axis, Position Name : FOV 16,  X = 1627, Y = 23859(MainWindow.xaml.cs:325)|
2021-01-19 09:50:51.3670|Info|Moving TOP Axis, Position Name : Mark 1,  X = 14922, Y = 22567(MainWindow.xaml.cs:167)|
2021-01-19 09:50:52.4916|Info|Moving TOP Axis, Position Name : Mark 2,  X = 690, Y = 39318(MainWindow.xaml.cs:167)|
2021-01-19 09:50:53.5542|Info|Moving Bot Axis, Position Name : ReadCode 1,  X = 29090, Y = 73154(MainWindow.xaml.cs:273)|
2021-01-19 09:50:54.0363|Info|Moving TOP Axis, Position Name : FOV 1,  X = 9171, Y = 38298(MainWindow.xaml.cs:325)|
2021-01-19 09:50:55.1505|Info|Moving TOP Axis, Position Name : FOV 2,  X = 10696, Y = 38314(MainWindow.xaml.cs:325)|
2021-01-19 09:50:56.0125|Info|Moving TOP Axis, Position Name : FOV 3,  X = 2079, Y = 35922(MainWindow.xaml.cs:325)|
2021-01-19 09:50:56.9722|Info|Moving TOP Axis, Position Name : FOV 4,  X = 7775, Y = 33014(MainWindow.xaml.cs:325)|
2021-01-19 09:50:57.9163|Info|Moving TOP Axis, Position Name : FOV 5,  X = 10780, Y = 33461(MainWindow.xaml.cs:325)|
2021-01-19 09:50:58.7608|Info|Moving TOP Axis, Position Name : FOV 6,  X = 13704, Y = 33244(MainWindow.xaml.cs:325)|
2021-01-19 09:50:59.6481|Info|Moving TOP Axis, Position Name : FOV 7,  X = 11013, Y = 30567(MainWindow.xaml.cs:325)|
2021-01-19 09:51:00.5231|Info|Moving TOP Axis, Position Name : FOV 8,  X = 8076, Y = 31182(MainWindow.xaml.cs:325)|
2021-01-19 09:51:01.3884|Info|Moving TOP Axis, Position Name : FOV 9,  X = 1798, Y = 31143(MainWindow.xaml.cs:325)|
2021-01-19 09:51:02.3281|Info|Moving TOP Axis, Position Name : FOV 10,  X = 3539, Y = 27048(MainWindow.xaml.cs:325)|
2021-01-19 09:51:03.2036|Info|Moving TOP Axis, Position Name : FOV 11,  X = 7310, Y = 26588(MainWindow.xaml.cs:325)|
2021-01-19 09:51:04.0983|Info|Moving TOP Axis, Position Name : FOV 12,  X = 14001, Y = 29583(MainWindow.xaml.cs:325)|
2021-01-19 09:51:05.0674|Info|Moving TOP Axis, Position Name : FOV 13,  X = 14379, Y = 26523(MainWindow.xaml.cs:325)|
2021-01-19 09:51:05.9555|Info|Moving TOP Axis, Position Name : FOV 14,  X = 12857, Y = 23979(MainWindow.xaml.cs:325)|
2021-01-19 09:51:06.8483|Info|Moving TOP Axis, Position Name : FOV 15,  X = 9497, Y = 23810(MainWindow.xaml.cs:325)|
2021-01-19 09:51:07.7316|Info|Moving TOP Axis, Position Name : FOV 16,  X = 1627, Y = 23859(MainWindow.xaml.cs:325)|
2021-01-19 09:55:04.6332|Info|Moving TOP Axis, Position Name : Mark 1,  X = 14922, Y = 22567(MainWindow.xaml.cs:167)|
2021-01-19 09:55:05.6855|Info|Moving TOP Axis, Position Name : Mark 2,  X = 690, Y = 39318(MainWindow.xaml.cs:167)|
2021-01-19 09:55:06.7501|Info|Moving Bot Axis, Position Name : ReadCode 1,  X = 29090, Y = 73154(MainWindow.xaml.cs:273)|
2021-01-19 09:55:07.1682|Info|Moving TOP Axis, Position Name : FOV 1,  X = 9171, Y = 38298(MainWindow.xaml.cs:325)|
2021-01-19 09:55:08.3177|Info|Moving TOP Axis, Position Name : FOV 2,  X = 10696, Y = 38314(MainWindow.xaml.cs:325)|
2021-01-19 09:55:09.0964|Info|Moving TOP Axis, Position Name : FOV 3,  X = 2079, Y = 35922(MainWindow.xaml.cs:325)|
2021-01-19 09:55:10.1132|Info|Moving TOP Axis, Position Name : FOV 4,  X = 7775, Y = 33014(MainWindow.xaml.cs:325)|
2021-01-19 09:55:11.0634|Info|Moving TOP Axis, Position Name : FOV 5,  X = 10780, Y = 33461(MainWindow.xaml.cs:325)|
2021-01-19 09:55:11.9806|Info|Moving TOP Axis, Position Name : FOV 6,  X = 13704, Y = 33244(MainWindow.xaml.cs:325)|
2021-01-19 09:55:12.8813|Info|Moving TOP Axis, Position Name : FOV 7,  X = 11013, Y = 30567(MainWindow.xaml.cs:325)|
2021-01-19 09:55:13.7533|Info|Moving TOP Axis, Position Name : FOV 8,  X = 8076, Y = 31182(MainWindow.xaml.cs:325)|
2021-01-19 09:55:14.6209|Info|Moving TOP Axis, Position Name : FOV 9,  X = 1798, Y = 31143(MainWindow.xaml.cs:325)|
2021-01-19 09:55:15.5588|Info|Moving TOP Axis, Position Name : FOV 10,  X = 3539, Y = 27048(MainWindow.xaml.cs:325)|
2021-01-19 09:55:16.4443|Info|Moving TOP Axis, Position Name : FOV 11,  X = 7310, Y = 26588(MainWindow.xaml.cs:325)|
2021-01-19 09:55:17.3549|Info|Moving TOP Axis, Position Name : FOV 12,  X = 14001, Y = 29583(MainWindow.xaml.cs:325)|
2021-01-19 09:55:18.3305|Info|Moving TOP Axis, Position Name : FOV 13,  X = 14379, Y = 26523(MainWindow.xaml.cs:325)|
2021-01-19 09:55:19.2687|Info|Moving TOP Axis, Position Name : FOV 14,  X = 12857, Y = 23979(MainWindow.xaml.cs:325)|
2021-01-19 09:55:20.1684|Info|Moving TOP Axis, Position Name : FOV 15,  X = 9497, Y = 23810(MainWindow.xaml.cs:325)|
2021-01-19 09:55:21.0241|Info|Moving TOP Axis, Position Name : FOV 16,  X = 1627, Y = 23859(MainWindow.xaml.cs:325)|
2021-01-19 09:56:26.5495|Info|Moving TOP Axis, Position Name : Mark 1,  X = 14922, Y = 22567(MainWindow.xaml.cs:167)|
2021-01-19 09:56:27.5733|Info|Moving TOP Axis, Position Name : Mark 2,  X = 690, Y = 39318(MainWindow.xaml.cs:167)|
2021-01-19 09:56:28.6124|Info|Moving Bot Axis, Position Name : ReadCode 1,  X = 29090, Y = 73154(MainWindow.xaml.cs:273)|
2021-01-19 09:56:29.1100|Info|Moving TOP Axis, Position Name : FOV 1,  X = 9171, Y = 38298(MainWindow.xaml.cs:325)|
2021-01-19 09:56:30.2039|Info|Moving TOP Axis, Position Name : FOV 2,  X = 10696, Y = 38314(MainWindow.xaml.cs:325)|
2021-01-19 09:56:31.0648|Info|Moving TOP Axis, Position Name : FOV 3,  X = 2079, Y = 35922(MainWindow.xaml.cs:325)|
2021-01-19 09:56:32.0058|Info|Moving TOP Axis, Position Name : FOV 4,  X = 7775, Y = 33014(MainWindow.xaml.cs:325)|
2021-01-19 09:56:32.9203|Info|Moving TOP Axis, Position Name : FOV 5,  X = 10780, Y = 33461(MainWindow.xaml.cs:325)|
2021-01-19 09:56:33.7783|Info|Moving TOP Axis, Position Name : FOV 6,  X = 13704, Y = 33244(MainWindow.xaml.cs:325)|
2021-01-19 09:56:34.6276|Info|Moving TOP Axis, Position Name : FOV 7,  X = 11013, Y = 30567(MainWindow.xaml.cs:325)|
2021-01-19 09:56:35.5128|Info|Moving TOP Axis, Position Name : FOV 8,  X = 8076, Y = 31182(MainWindow.xaml.cs:325)|
2021-01-19 09:56:36.4247|Info|Moving TOP Axis, Position Name : FOV 9,  X = 1798, Y = 31143(MainWindow.xaml.cs:325)|
2021-01-19 09:56:37.3739|Info|Moving TOP Axis, Position Name : FOV 10,  X = 3539, Y = 27048(MainWindow.xaml.cs:325)|
2021-01-19 09:56:38.2975|Info|Moving TOP Axis, Position Name : FOV 11,  X = 7310, Y = 26588(MainWindow.xaml.cs:325)|
2021-01-19 09:56:39.1646|Info|Moving TOP Axis, Position Name : FOV 12,  X = 14001, Y = 29583(MainWindow.xaml.cs:325)|
2021-01-19 09:56:40.0835|Info|Moving TOP Axis, Position Name : FOV 13,  X = 14379, Y = 26523(MainWindow.xaml.cs:325)|
2021-01-19 09:56:40.9705|Info|Moving TOP Axis, Position Name : FOV 14,  X = 12857, Y = 23979(MainWindow.xaml.cs:325)|
2021-01-19 09:56:41.8549|Info|Moving TOP Axis, Position Name : FOV 15,  X = 9497, Y = 23810(MainWindow.xaml.cs:325)|
2021-01-19 09:56:42.7560|Info|Moving TOP Axis, Position Name : FOV 16,  X = 1627, Y = 23859(MainWindow.xaml.cs:325)|
2021-01-19 10:02:45.8245|Info|Moving TOP Axis, Position Name : Mark 1,  X = 14922, Y = 22567(MainWindow.xaml.cs:167)|
2021-01-19 10:02:46.8703|Info|Moving TOP Axis, Position Name : Mark 2,  X = 690, Y = 39318(MainWindow.xaml.cs:167)|
2021-01-19 10:02:47.9570|Info|Moving Bot Axis, Position Name : ReadCode 1,  X = 29090, Y = 73154(MainWindow.xaml.cs:273)|
2021-01-19 10:02:51.0289|Info|Moving TOP Axis, Position Name : FOV 1,  X = 9171, Y = 38298(MainWindow.xaml.cs:325)|
2021-01-19 10:02:52.1283|Info|Moving TOP Axis, Position Name : FOV 2,  X = 10696, Y = 38314(MainWindow.xaml.cs:325)|
2021-01-19 10:02:52.9829|Info|Moving TOP Axis, Position Name : FOV 3,  X = 2079, Y = 35922(MainWindow.xaml.cs:325)|
2021-01-19 10:02:53.9246|Info|Moving TOP Axis, Position Name : FOV 4,  X = 7775, Y = 33014(MainWindow.xaml.cs:325)|
2021-01-19 10:02:54.8287|Info|Moving TOP Axis, Position Name : FOV 5,  X = 10780, Y = 33461(MainWindow.xaml.cs:325)|
2021-01-19 10:02:55.6983|Info|Moving TOP Axis, Position Name : FOV 6,  X = 13704, Y = 33244(MainWindow.xaml.cs:325)|
2021-01-19 10:02:56.5605|Info|Moving TOP Axis, Position Name : FOV 7,  X = 11013, Y = 30567(MainWindow.xaml.cs:325)|
2021-01-19 10:02:57.4449|Info|Moving TOP Axis, Position Name : FOV 8,  X = 8076, Y = 31182(MainWindow.xaml.cs:325)|
2021-01-19 10:02:58.3556|Info|Moving TOP Axis, Position Name : FOV 9,  X = 1798, Y = 31143(MainWindow.xaml.cs:325)|
2021-01-19 10:02:59.2642|Info|Moving TOP Axis, Position Name : FOV 10,  X = 3539, Y = 27048(MainWindow.xaml.cs:325)|
2021-01-19 10:03:00.1724|Info|Moving TOP Axis, Position Name : FOV 11,  X = 7310, Y = 26588(MainWindow.xaml.cs:325)|
2021-01-19 10:03:01.0693|Info|Moving TOP Axis, Position Name : FOV 12,  X = 14001, Y = 29583(MainWindow.xaml.cs:325)|
2021-01-19 10:03:02.0134|Info|Moving TOP Axis, Position Name : FOV 13,  X = 14379, Y = 26523(MainWindow.xaml.cs:325)|
2021-01-19 10:03:02.8401|Info|Moving TOP Axis, Position Name : FOV 14,  X = 12857, Y = 23979(MainWindow.xaml.cs:325)|
2021-01-19 10:03:03.7184|Info|Moving TOP Axis, Position Name : FOV 15,  X = 9497, Y = 23810(MainWindow.xaml.cs:325)|
2021-01-19 10:03:04.6285|Info|Moving TOP Axis, Position Name : FOV 16,  X = 1627, Y = 23859(MainWindow.xaml.cs:325)|
2021-01-19 10:05:46.3173|Info|Moving TOP Axis, Position Name : Mark 1,  X = 14922, Y = 22567(MainWindow.xaml.cs:167)|
2021-01-19 10:05:47.2964|Info|Moving TOP Axis, Position Name : Mark 2,  X = 690, Y = 39318(MainWindow.xaml.cs:167)|
2021-01-19 10:05:48.4392|Info|Moving Bot Axis, Position Name : ReadCode 1,  X = 29090, Y = 73154(MainWindow.xaml.cs:273)|
2021-01-19 10:05:51.1585|Info|Moving TOP Axis, Position Name : FOV 1,  X = 9171, Y = 38298(MainWindow.xaml.cs:325)|
2021-01-19 10:05:52.3102|Info|Moving TOP Axis, Position Name : FOV 2,  X = 10696, Y = 38314(MainWindow.xaml.cs:325)|
2021-01-19 10:05:53.1906|Info|Moving TOP Axis, Position Name : FOV 3,  X = 2079, Y = 35922(MainWindow.xaml.cs:325)|
2021-01-19 10:05:54.1552|Info|Moving TOP Axis, Position Name : FOV 4,  X = 7775, Y = 33014(MainWindow.xaml.cs:325)|
2021-01-19 10:05:55.0484|Info|Moving TOP Axis, Position Name : FOV 5,  X = 10780, Y = 33461(MainWindow.xaml.cs:325)|
2021-01-19 10:05:55.9238|Info|Moving TOP Axis, Position Name : FOV 6,  X = 13704, Y = 33244(MainWindow.xaml.cs:325)|
2021-01-19 10:05:56.7798|Info|Moving TOP Axis, Position Name : FOV 7,  X = 11013, Y = 30567(MainWindow.xaml.cs:325)|
2021-01-19 10:05:57.6666|Info|Moving TOP Axis, Position Name : FOV 8,  X = 8076, Y = 31182(MainWindow.xaml.cs:325)|
2021-01-19 10:05:58.5820|Info|Moving TOP Axis, Position Name : FOV 9,  X = 1798, Y = 31143(MainWindow.xaml.cs:325)|
2021-01-19 10:05:59.5213|Info|Moving TOP Axis, Position Name : FOV 10,  X = 3539, Y = 27048(MainWindow.xaml.cs:325)|
2021-01-19 10:06:00.4341|Info|Moving TOP Axis, Position Name : FOV 11,  X = 7310, Y = 26588(MainWindow.xaml.cs:325)|
2021-01-19 10:06:01.3086|Info|Moving TOP Axis, Position Name : FOV 12,  X = 14001, Y = 29583(MainWindow.xaml.cs:325)|
2021-01-19 10:06:02.2585|Info|Moving TOP Axis, Position Name : FOV 13,  X = 14379, Y = 26523(MainWindow.xaml.cs:325)|
2021-01-19 10:06:03.1478|Info|Moving TOP Axis, Position Name : FOV 14,  X = 12857, Y = 23979(MainWindow.xaml.cs:325)|
2021-01-19 10:06:03.9770|Info|Moving TOP Axis, Position Name : FOV 15,  X = 9497, Y = 23810(MainWindow.xaml.cs:325)|
2021-01-19 10:06:04.8852|Info|Moving TOP Axis, Position Name : FOV 16,  X = 1627, Y = 23859(MainWindow.xaml.cs:325)|
2021-01-19 10:07:47.9716|Info|Moving TOP Axis, Position Name : Mark 1,  X = 14922, Y = 22567(MainWindow.xaml.cs:167)|
2021-01-19 10:07:48.9520|Info|Moving TOP Axis, Position Name : Mark 2,  X = 690, Y = 39318(MainWindow.xaml.cs:167)|
2021-01-19 10:07:50.0029|Info|Moving Bot Axis, Position Name : ReadCode 1,  X = 29090, Y = 73154(MainWindow.xaml.cs:273)|
2021-01-19 10:07:52.8366|Info|Moving TOP Axis, Position Name : FOV 1,  X = 9171, Y = 38298(MainWindow.xaml.cs:325)|
2021-01-19 10:07:53.9655|Info|Moving TOP Axis, Position Name : FOV 2,  X = 10696, Y = 38314(MainWindow.xaml.cs:325)|
2021-01-19 10:07:54.7499|Info|Moving TOP Axis, Position Name : FOV 3,  X = 2079, Y = 35922(MainWindow.xaml.cs:325)|
2021-01-19 10:07:55.7266|Info|Moving TOP Axis, Position Name : FOV 4,  X = 7775, Y = 33014(MainWindow.xaml.cs:325)|
2021-01-19 10:07:56.6865|Info|Moving TOP Axis, Position Name : FOV 5,  X = 10780, Y = 33461(MainWindow.xaml.cs:325)|
2021-01-19 10:07:57.5834|Info|Moving TOP Axis, Position Name : FOV 6,  X = 13704, Y = 33244(MainWindow.xaml.cs:325)|
2021-01-19 10:07:58.4146|Info|Moving TOP Axis, Position Name : FOV 7,  X = 11013, Y = 30567(MainWindow.xaml.cs:325)|
2021-01-19 10:07:59.2872|Info|Moving TOP Axis, Position Name : FOV 8,  X = 8076, Y = 31182(MainWindow.xaml.cs:325)|
2021-01-19 10:08:00.1690|Info|Moving TOP Axis, Position Name : FOV 9,  X = 1798, Y = 31143(MainWindow.xaml.cs:325)|
2021-01-19 10:08:01.1305|Info|Moving TOP Axis, Position Name : FOV 10,  X = 3539, Y = 27048(MainWindow.xaml.cs:325)|
2021-01-19 10:08:02.0485|Info|Moving TOP Axis, Position Name : FOV 11,  X = 7310, Y = 26588(MainWindow.xaml.cs:325)|
2021-01-19 10:08:02.9631|Info|Moving TOP Axis, Position Name : FOV 12,  X = 14001, Y = 29583(MainWindow.xaml.cs:325)|
2021-01-19 10:08:03.8955|Info|Moving TOP Axis, Position Name : FOV 13,  X = 14379, Y = 26523(MainWindow.xaml.cs:325)|
2021-01-19 10:08:04.7552|Info|Moving TOP Axis, Position Name : FOV 14,  X = 12857, Y = 23979(MainWindow.xaml.cs:325)|
2021-01-19 10:08:05.6442|Info|Moving TOP Axis, Position Name : FOV 15,  X = 9497, Y = 23810(MainWindow.xaml.cs:325)|
2021-01-19 10:08:06.5425|Info|Moving TOP Axis, Position Name : FOV 16,  X = 1627, Y = 23859(MainWindow.xaml.cs:325)|
2021-01-19 10:09:04.6151|Info|Moving TOP Axis, Position Name : Mark 1,  X = 14922, Y = 22567(MainWindow.xaml.cs:167)|
2021-01-19 10:09:05.6681|Info|Moving TOP Axis, Position Name : Mark 2,  X = 690, Y = 39318(MainWindow.xaml.cs:167)|
2021-01-19 10:09:06.7458|Info|Moving Bot Axis, Position Name : ReadCode 1,  X = 29090, Y = 73154(MainWindow.xaml.cs:273)|
2021-01-19 10:09:07.2213|Info|Moving TOP Axis, Position Name : FOV 1,  X = 9171, Y = 38298(MainWindow.xaml.cs:325)|
2021-01-19 10:09:08.3756|Info|Moving TOP Axis, Position Name : FOV 2,  X = 10696, Y = 38314(MainWindow.xaml.cs:325)|
2021-01-19 10:09:09.2479|Info|Moving TOP Axis, Position Name : FOV 3,  X = 2079, Y = 35922(MainWindow.xaml.cs:325)|
2021-01-19 10:09:10.1962|Info|Moving TOP Axis, Position Name : FOV 4,  X = 7775, Y = 33014(MainWindow.xaml.cs:325)|
2021-01-19 10:09:11.1272|Info|Moving TOP Axis, Position Name : FOV 5,  X = 10780, Y = 33461(MainWindow.xaml.cs:325)|
2021-01-19 10:09:12.0227|Info|Moving TOP Axis, Position Name : FOV 6,  X = 13704, Y = 33244(MainWindow.xaml.cs:325)|
2021-01-19 10:09:12.8625|Info|Moving TOP Axis, Position Name : FOV 7,  X = 11013, Y = 30567(MainWindow.xaml.cs:325)|
2021-01-19 10:09:13.7257|Info|Moving TOP Axis, Position Name : FOV 8,  X = 8076, Y = 31182(MainWindow.xaml.cs:325)|
2021-01-19 10:09:14.6260|Info|Moving TOP Axis, Position Name : FOV 9,  X = 1798, Y = 31143(MainWindow.xaml.cs:325)|
2021-01-19 10:09:15.5934|Info|Moving TOP Axis, Position Name : FOV 10,  X = 3539, Y = 27048(MainWindow.xaml.cs:325)|
2021-01-19 10:09:16.5071|Info|Moving TOP Axis, Position Name : FOV 11,  X = 7310, Y = 26588(MainWindow.xaml.cs:325)|
2021-01-19 10:09:17.4197|Info|Moving TOP Axis, Position Name : FOV 12,  X = 14001, Y = 29583(MainWindow.xaml.cs:325)|
2021-01-19 10:09:18.3350|Info|Moving TOP Axis, Position Name : FOV 13,  X = 14379, Y = 26523(MainWindow.xaml.cs:325)|
2021-01-19 10:09:19.1664|Info|Moving TOP Axis, Position Name : FOV 14,  X = 12857, Y = 23979(MainWindow.xaml.cs:325)|
2021-01-19 10:09:20.0278|Info|Moving TOP Axis, Position Name : FOV 15,  X = 9497, Y = 23810(MainWindow.xaml.cs:325)|
2021-01-19 10:09:20.9307|Info|Moving TOP Axis, Position Name : FOV 16,  X = 1627, Y = 23859(MainWindow.xaml.cs:325)|
2021-01-19 10:10:22.9771|Info|Moving TOP Axis, Position Name : Mark 1,  X = 14922, Y = 22567(MainWindow.xaml.cs:167)|
2021-01-19 10:10:23.9972|Info|Moving TOP Axis, Position Name : Mark 2,  X = 690, Y = 39318(MainWindow.xaml.cs:167)|
2021-01-19 10:10:25.1024|Info|Moving Bot Axis, Position Name : ReadCode 1,  X = 29090, Y = 73154(MainWindow.xaml.cs:273)|
2021-01-19 10:10:25.5399|Info|Moving TOP Axis, Position Name : FOV 1,  X = 9171, Y = 38298(MainWindow.xaml.cs:325)|
2021-01-19 10:10:26.6915|Info|Moving TOP Axis, Position Name : FOV 2,  X = 10696, Y = 38314(MainWindow.xaml.cs:325)|
2021-01-19 10:10:27.5408|Info|Moving TOP Axis, Position Name : FOV 3,  X = 2079, Y = 35922(MainWindow.xaml.cs:325)|
2021-01-19 10:10:28.4813|Info|Moving TOP Axis, Position Name : FOV 4,  X = 7775, Y = 33014(MainWindow.xaml.cs:325)|
2021-01-19 10:10:29.3797|Info|Moving TOP Axis, Position Name : FOV 5,  X = 10780, Y = 33461(MainWindow.xaml.cs:325)|
2021-01-19 10:10:30.2383|Info|Moving TOP Axis, Position Name : FOV 6,  X = 13704, Y = 33244(MainWindow.xaml.cs:325)|
2021-01-19 10:10:31.1150|Info|Moving TOP Axis, Position Name : FOV 7,  X = 11013, Y = 30567(MainWindow.xaml.cs:325)|
2021-01-19 10:10:31.9649|Info|Moving TOP Axis, Position Name : FOV 8,  X = 8076, Y = 31182(MainWindow.xaml.cs:325)|
2021-01-19 10:10:32.8411|Info|Moving TOP Axis, Position Name : FOV 9,  X = 1798, Y = 31143(MainWindow.xaml.cs:325)|
2021-01-19 10:10:33.7752|Info|Moving TOP Axis, Position Name : FOV 10,  X = 3539, Y = 27048(MainWindow.xaml.cs:325)|
2021-01-19 10:10:34.6959|Info|Moving TOP Axis, Position Name : FOV 11,  X = 7310, Y = 26588(MainWindow.xaml.cs:325)|
2021-01-19 10:10:35.5829|Info|Moving TOP Axis, Position Name : FOV 12,  X = 14001, Y = 29583(MainWindow.xaml.cs:325)|
2021-01-19 10:10:36.5889|Info|Moving TOP Axis, Position Name : FOV 13,  X = 14379, Y = 26523(MainWindow.xaml.cs:325)|
2021-01-19 10:10:37.4696|Info|Moving TOP Axis, Position Name : FOV 14,  X = 12857, Y = 23979(MainWindow.xaml.cs:325)|
2021-01-19 10:10:38.3538|Info|Moving TOP Axis, Position Name : FOV 15,  X = 9497, Y = 23810(MainWindow.xaml.cs:325)|
2021-01-19 10:10:39.2559|Info|Moving TOP Axis, Position Name : FOV 16,  X = 1627, Y = 23859(MainWindow.xaml.cs:325)|
2021-01-19 10:11:35.0217|Info|Moving TOP Axis, Position Name : Mark 1,  X = 14922, Y = 22567(MainWindow.xaml.cs:167)|
2021-01-19 10:11:36.0443|Info|Moving TOP Axis, Position Name : Mark 2,  X = 690, Y = 39318(MainWindow.xaml.cs:167)|
2021-01-19 10:11:37.1390|Info|Moving Bot Axis, Position Name : ReadCode 1,  X = 29090, Y = 73154(MainWindow.xaml.cs:273)|
2021-01-19 10:11:37.5943|Info|Moving TOP Axis, Position Name : FOV 1,  X = 9171, Y = 38298(MainWindow.xaml.cs:325)|
2021-01-19 10:11:38.7332|Info|Moving TOP Axis, Position Name : FOV 2,  X = 10696, Y = 38314(MainWindow.xaml.cs:325)|
2021-01-19 10:11:39.5477|Info|Moving TOP Axis, Position Name : FOV 3,  X = 2079, Y = 35922(MainWindow.xaml.cs:325)|
2021-01-19 10:11:40.5664|Info|Moving TOP Axis, Position Name : FOV 4,  X = 7775, Y = 33014(MainWindow.xaml.cs:325)|
2021-01-19 10:11:41.5062|Info|Moving TOP Axis, Position Name : FOV 5,  X = 10780, Y = 33461(MainWindow.xaml.cs:325)|
2021-01-19 10:11:42.4049|Info|Moving TOP Axis, Position Name : FOV 6,  X = 13704, Y = 33244(MainWindow.xaml.cs:325)|
2021-01-19 10:11:43.2678|Info|Moving TOP Axis, Position Name : FOV 7,  X = 11013, Y = 30567(MainWindow.xaml.cs:325)|
2021-01-19 10:11:44.0762|Info|Moving TOP Axis, Position Name : FOV 8,  X = 8076, Y = 31182(MainWindow.xaml.cs:325)|
2021-01-19 10:11:44.9757|Info|Moving TOP Axis, Position Name : FOV 9,  X = 1798, Y = 31143(MainWindow.xaml.cs:325)|
2021-01-19 10:11:45.9650|Info|Moving TOP Axis, Position Name : FOV 10,  X = 3539, Y = 27048(MainWindow.xaml.cs:325)|
2021-01-19 10:11:46.8802|Info|Moving TOP Axis, Position Name : FOV 11,  X = 7310, Y = 26588(MainWindow.xaml.cs:325)|
2021-01-19 10:11:47.7840|Info|Moving TOP Axis, Position Name : FOV 12,  X = 14001, Y = 29583(MainWindow.xaml.cs:325)|
2021-01-19 10:11:48.7211|Info|Moving TOP Axis, Position Name : FOV 13,  X = 14379, Y = 26523(MainWindow.xaml.cs:325)|
2021-01-19 10:11:49.6181|Info|Moving TOP Axis, Position Name : FOV 14,  X = 12857, Y = 23979(MainWindow.xaml.cs:325)|
2021-01-19 10:11:50.4664|Info|Moving TOP Axis, Position Name : FOV 15,  X = 9497, Y = 23810(MainWindow.xaml.cs:325)|
2021-01-19 10:11:51.3631|Info|Moving TOP Axis, Position Name : FOV 16,  X = 1627, Y = 23859(MainWindow.xaml.cs:325)|
2021-01-19 10:13:02.8108|Info|Moving TOP Axis, Position Name : Mark 1,  X = 14922, Y = 22567(MainWindow.xaml.cs:167)|
2021-01-19 10:13:03.7860|Info|Moving TOP Axis, Position Name : Mark 2,  X = 690, Y = 39318(MainWindow.xaml.cs:167)|
2021-01-19 10:13:04.8775|Info|Moving Bot Axis, Position Name : ReadCode 1,  X = 29090, Y = 73154(MainWindow.xaml.cs:273)|
2021-01-19 10:13:12.3130|Info|Moving TOP Axis, Position Name : FOV 1,  X = 9171, Y = 38298(MainWindow.xaml.cs:325)|
2021-01-19 10:13:13.4467|Info|Moving TOP Axis, Position Name : FOV 2,  X = 10696, Y = 38314(MainWindow.xaml.cs:325)|
2021-01-19 10:13:14.2986|Info|Moving TOP Axis, Position Name : FOV 3,  X = 2079, Y = 35922(MainWindow.xaml.cs:325)|
2021-01-19 10:13:15.2869|Info|Moving TOP Axis, Position Name : FOV 4,  X = 7775, Y = 33014(MainWindow.xaml.cs:325)|
2021-01-19 10:13:16.2256|Info|Moving TOP Axis, Position Name : FOV 5,  X = 10780, Y = 33461(MainWindow.xaml.cs:325)|
2021-01-19 10:13:17.1198|Info|Moving TOP Axis, Position Name : FOV 6,  X = 13704, Y = 33244(MainWindow.xaml.cs:325)|
2021-01-19 10:13:17.9796|Info|Moving TOP Axis, Position Name : FOV 7,  X = 11013, Y = 30567(MainWindow.xaml.cs:325)|
2021-01-19 10:13:18.8270|Info|Moving TOP Axis, Position Name : FOV 8,  X = 8076, Y = 31182(MainWindow.xaml.cs:325)|
2021-01-19 10:13:19.7247|Info|Moving TOP Axis, Position Name : FOV 9,  X = 1798, Y = 31143(MainWindow.xaml.cs:325)|
2021-01-19 10:13:20.6588|Info|Moving TOP Axis, Position Name : FOV 10,  X = 3539, Y = 27048(MainWindow.xaml.cs:325)|
2021-01-19 10:13:21.5354|Info|Moving TOP Axis, Position Name : FOV 11,  X = 7310, Y = 26588(MainWindow.xaml.cs:325)|
2021-01-19 10:13:22.3886|Info|Moving TOP Axis, Position Name : FOV 12,  X = 14001, Y = 29583(MainWindow.xaml.cs:325)|
2021-01-19 10:13:23.4048|Info|Moving TOP Axis, Position Name : FOV 13,  X = 14379, Y = 26523(MainWindow.xaml.cs:325)|
2021-01-19 10:13:24.2677|Info|Moving TOP Axis, Position Name : FOV 14,  X = 12857, Y = 23979(MainWindow.xaml.cs:325)|
2021-01-19 10:13:25.1774|Info|Moving TOP Axis, Position Name : FOV 15,  X = 9497, Y = 23810(MainWindow.xaml.cs:325)|
2021-01-19 10:13:26.0720|Info|Moving TOP Axis, Position Name : FOV 16,  X = 1627, Y = 23859(MainWindow.xaml.cs:325)|
2021-01-19 10:38:52.6635|Error|Ping PLC failed, IP :192.168.3.100:9999...(MainWindow.xaml.cs:556)|
2021-01-19 10:39:53.6909|Error|Ping PLC failed, IP :192.168.3.100:9999...(MainWindow.xaml.cs:556)|
2021-01-19 10:40:53.7073|Error|Ping PLC failed, IP :192.168.3.100:9999...(MainWindow.xaml.cs:556)|
2021-01-19 10:41:53.8016|Error|Ping PLC failed, IP :192.168.3.100:9999...(MainWindow.xaml.cs:556)|
2021-01-19 10:42:53.8171|Error|Ping PLC failed, IP :192.168.3.100:9999...(MainWindow.xaml.cs:556)|
2021-01-19 10:43:53.8295|Error|Ping PLC failed, IP :192.168.3.100:9999...(MainWindow.xaml.cs:556)|
2021-01-19 10:44:53.8420|Error|Ping PLC failed, IP :192.168.3.100:9999...(MainWindow.xaml.cs:556)|
2021-01-19 10:45:53.8744|Error|Ping PLC failed, IP :192.168.3.100:9999...(MainWindow.xaml.cs:556)|
2021-01-19 10:46:53.9010|Error|Ping PLC failed, IP :192.168.3.100:9999...(MainWindow.xaml.cs:556)|
2021-01-19 10:47:53.9104|Error|Ping PLC failed, IP :192.168.3.100:9999...(MainWindow.xaml.cs:556)|
2021-01-19 10:48:53.9288|Error|Ping PLC failed, IP :192.168.3.100:9999...(MainWindow.xaml.cs:556)|
2021-01-19 10:49:53.9373|Error|Ping PLC failed, IP :192.168.3.100:9999...(MainWindow.xaml.cs:556)|
2021-01-19 10:50:53.9528|Error|Ping PLC failed, IP :192.168.3.100:9999...(MainWindow.xaml.cs:556)|
2021-01-19 10:51:57.2407|Error|Ping PLC failed, IP :192.168.3.100:9999...(MainWindow.xaml.cs:556)|
2021-01-19 10:52:34.9203|Error|Ping PLC failed, IP :192.168.3.100:9999...(MainWindow.xaml.cs:556)|
2021-01-19 10:53:21.2640|Error|Ping PLC failed, IP :192.168.3.100:9999...(MainWindow.xaml.cs:556)|
2021-01-19 10:54:50.0688|Error|Ping PLC failed, IP :192.168.3.100:9999...(MainWindow.xaml.cs:556)|
2021-01-19 10:59:32.1528|Error|Ping PLC failed, IP :192.168.3.100:9999...(MainWindow.xaml.cs:556)|
2021-01-19 11:00:33.5536|Error|Ping PLC failed, IP :192.168.3.100:9999...(MainWindow.xaml.cs:556)|
2021-01-19 11:01:33.5621|Error|Ping PLC failed, IP :192.168.3.100:9999...(MainWindow.xaml.cs:556)|
2021-01-19 11:10:30.9638|Error|Ping PLC failed, IP :192.168.3.100:9999...(MainWindow.xaml.cs:556)|
2021-01-19 11:11:38.6507|Error|Ping PLC failed, IP :192.168.3.100:9999...(MainWindow.xaml.cs:556)|
2021-01-19 11:12:42.2586|Error|Ping PLC failed, IP :192.168.3.100:9999...(MainWindow.xaml.cs:556)|
2021-01-19 11:13:31.2396|Error|Ping PLC failed, IP :192.168.3.100:9999...(MainWindow.xaml.cs:556)|
2021-01-19 11:14:16.9235|Error|Ping PLC failed, IP :192.168.3.100:9999...(MainWindow.xaml.cs:556)|
2021-01-19 11:14:43.3827|Error|Ping PLC failed, IP :192.168.3.100:9999...(MainWindow.xaml.cs:556)|
2021-01-19 11:28:36.0816|Error|Ping PLC failed, IP :192.168.3.100:9999...(MainWindow.xaml.cs:556)|
2021-01-19 11:29:30.9099|Error|Ping PLC failed, IP :192.168.3.100:9999...(MainWindow.xaml.cs:556)|
2021-01-19 11:29:57.8339|Error|Ping PLC failed, IP :192.168.3.100:9999...(MainWindow.xaml.cs:556)|
2021-01-19 11:30:31.6287|Error|Ping PLC failed, IP :192.168.3.100:9999...(MainWindow.xaml.cs:556)|
2021-01-19 11:31:33.1252|Error|Ping PLC failed, IP :192.168.3.100:9999...(MainWindow.xaml.cs:556)|
2021-01-19 11:32:33.1420|Error|Ping PLC failed, IP :192.168.3.100:9999...(MainWindow.xaml.cs:556)|
2021-01-19 11:33:33.1562|Error|Ping PLC failed, IP :192.168.3.100:9999...(MainWindow.xaml.cs:556)|
2021-01-19 11:34:33.1946|Error|Ping PLC failed, IP :192.168.3.100:9999...(MainWindow.xaml.cs:556)|
2021-01-19 11:35:33.2041|Error|Ping PLC failed, IP :192.168.3.100:9999...(MainWindow.xaml.cs:556)|
2021-01-19 11:36:33.2186|Error|Ping PLC failed, IP :192.168.3.100:9999...(MainWindow.xaml.cs:556)|
2021-01-19 11:37:33.2360|Error|Ping PLC failed, IP :192.168.3.100:9999...(MainWindow.xaml.cs:556)|
2021-01-19 11:38:33.2814|Error|Ping PLC failed, IP :192.168.3.100:9999...(MainWindow.xaml.cs:556)|
2021-01-19 11:39:33.2949|Error|Ping PLC failed, IP :192.168.3.100:9999...(MainWindow.xaml.cs:556)|
2021-01-19 11:40:33.3124|Error|Ping PLC failed, IP :192.168.3.100:9999...(MainWindow.xaml.cs:556)|
2021-01-19 11:41:33.3328|Error|Ping PLC failed, IP :192.168.3.100:9999...(MainWindow.xaml.cs:556)|
2021-01-19 11:42:33.3583|Error|Ping PLC failed, IP :192.168.3.100:9999...(MainWindow.xaml.cs:556)|
2021-01-19 11:43:33.4070|Error|Ping PLC failed, IP :192.168.3.100:9999...(MainWindow.xaml.cs:556)|
2021-01-19 11:44:33.4222|Error|Ping PLC failed, IP :192.168.3.100:9999...(MainWindow.xaml.cs:556)|
2021-01-19 11:45:33.4386|Error|Ping PLC failed, IP :192.168.3.100:9999...(MainWindow.xaml.cs:556)|
2021-01-19 11:46:33.4664|Error|Ping PLC failed, IP :192.168.3.100:9999...(MainWindow.xaml.cs:556)|
2021-01-19 11:47:33.4826|Error|Ping PLC failed, IP :192.168.3.100:9999...(MainWindow.xaml.cs:556)|
2021-01-19 11:48:33.4990|Error|Ping PLC failed, IP :192.168.3.100:9999...(MainWindow.xaml.cs:556)|
2021-01-19 11:49:33.5145|Error|Ping PLC failed, IP :192.168.3.100:9999...(MainWindow.xaml.cs:556)|
2021-01-19 11:50:33.5350|Error|Ping PLC failed, IP :192.168.3.100:9999...(MainWindow.xaml.cs:556)|
2021-01-19 11:51:33.5495|Error|Ping PLC failed, IP :192.168.3.100:9999...(MainWindow.xaml.cs:556)|
2021-01-19 11:52:33.5629|Error|Ping PLC failed, IP :192.168.3.100:9999...(MainWindow.xaml.cs:556)|
2021-01-19 11:53:33.5784|Error|Ping PLC failed, IP :192.168.3.100:9999...(MainWindow.xaml.cs:556)|
2021-01-19 11:54:33.5919|Error|Ping PLC failed, IP :192.168.3.100:9999...(MainWindow.xaml.cs:556)|
2021-01-19 11:55:33.6104|Error|Ping PLC failed, IP :192.168.3.100:9999...(MainWindow.xaml.cs:556)|
2021-01-19 11:56:33.7246|Error|Ping PLC failed, IP :192.168.3.100:9999...(MainWindow.xaml.cs:556)|
2021-01-19 11:57:33.7321|Error|Ping PLC failed, IP :192.168.3.100:9999...(MainWindow.xaml.cs:556)|
2021-01-19 11:58:33.7535|Error|Ping PLC failed, IP :192.168.3.100:9999...(MainWindow.xaml.cs:556)|
2021-01-19 11:59:33.7670|Error|Ping PLC failed, IP :192.168.3.100:9999...(MainWindow.xaml.cs:556)|
2021-01-19 12:00:33.7805|Error|Ping PLC failed, IP :192.168.3.100:9999...(MainWindow.xaml.cs:556)|
2021-01-19 12:01:33.7940|Error|Ping PLC failed, IP :192.168.3.100:9999...(MainWindow.xaml.cs:556)|
2021-01-19 12:02:33.8105|Error|Ping PLC failed, IP :192.168.3.100:9999...(MainWindow.xaml.cs:556)|
2021-01-19 12:03:33.8271|Error|Ping PLC failed, IP :192.168.3.100:9999...(MainWindow.xaml.cs:556)|
2021-01-19 12:04:33.8464|Error|Ping PLC failed, IP :192.168.3.100:9999...(MainWindow.xaml.cs:556)|
2021-01-19 12:05:33.8599|Error|Ping PLC failed, IP :192.168.3.100:9999...(MainWindow.xaml.cs:556)|
2021-01-19 12:06:33.8754|Error|Ping PLC failed, IP :192.168.3.100:9999...(MainWindow.xaml.cs:556)|
2021-01-19 12:07:33.8898|Error|Ping PLC failed, IP :192.168.3.100:9999...(MainWindow.xaml.cs:556)|
2021-01-19 12:08:33.9056|Error|Ping PLC failed, IP :192.168.3.100:9999...(MainWindow.xaml.cs:556)|
2021-01-19 12:09:33.9218|Error|Ping PLC failed, IP :192.168.3.100:9999...(MainWindow.xaml.cs:556)|
2021-01-19 12:10:33.9373|Error|Ping PLC failed, IP :192.168.3.100:9999...(MainWindow.xaml.cs:556)|
2021-01-19 12:11:33.9557|Error|Ping PLC failed, IP :192.168.3.100:9999...(MainWindow.xaml.cs:556)|
2021-01-19 12:12:33.9702|Error|Ping PLC failed, IP :192.168.3.100:9999...(MainWindow.xaml.cs:556)|
2021-01-19 12:13:33.9837|Error|Ping PLC failed, IP :192.168.3.100:9999...(MainWindow.xaml.cs:556)|
2021-01-19 12:14:33.9992|Error|Ping PLC failed, IP :192.168.3.100:9999...(MainWindow.xaml.cs:556)|
2021-01-19 12:15:34.0207|Error|Ping PLC failed, IP :192.168.3.100:9999...(MainWindow.xaml.cs:556)|
2021-01-19 12:16:34.0301|Error|Ping PLC failed, IP :192.168.3.100:9999...(MainWindow.xaml.cs:556)|
2021-01-19 12:17:34.0486|Error|Ping PLC failed, IP :192.168.3.100:9999...(MainWindow.xaml.cs:556)|
2021-01-19 12:18:34.0644|Error|Ping PLC failed, IP :192.168.3.100:9999...(MainWindow.xaml.cs:556)|
2021-01-19 12:19:34.0838|Error|Ping PLC failed, IP :192.168.3.100:9999...(MainWindow.xaml.cs:556)|
2021-01-19 12:20:34.0914|Error|Ping PLC failed, IP :192.168.3.100:9999...(MainWindow.xaml.cs:556)|
2021-01-19 12:21:34.2242|Error|Ping PLC failed, IP :192.168.3.100:9999...(MainWindow.xaml.cs:556)|
2021-01-19 12:22:34.2477|Error|Ping PLC failed, IP :192.168.3.100:9999...(MainWindow.xaml.cs:556)|
2021-01-19 12:23:34.2652|Error|Ping PLC failed, IP :192.168.3.100:9999...(MainWindow.xaml.cs:556)|
2021-01-19 12:24:34.2897|Error|Ping PLC failed, IP :192.168.3.100:9999...(MainWindow.xaml.cs:556)|
2021-01-19 12:25:34.2981|Error|Ping PLC failed, IP :192.168.3.100:9999...(MainWindow.xaml.cs:556)|
2021-01-19 12:26:34.3116|Error|Ping PLC failed, IP :192.168.3.100:9999...(MainWindow.xaml.cs:556)|
2021-01-19 12:27:34.3281|Error|Ping PLC failed, IP :192.168.3.100:9999...(MainWindow.xaml.cs:556)|
2021-01-19 12:28:34.3435|Error|Ping PLC failed, IP :192.168.3.100:9999...(MainWindow.xaml.cs:556)|
2021-01-19 12:29:34.3600|Error|Ping PLC failed, IP :192.168.3.100:9999...(MainWindow.xaml.cs:556)|
2021-01-19 12:30:34.3765|Error|Ping PLC failed, IP :192.168.3.100:9999...(MainWindow.xaml.cs:556)|
2021-01-19 12:31:34.3901|Error|Ping PLC failed, IP :192.168.3.100:9999...(MainWindow.xaml.cs:556)|
2021-01-19 12:32:34.4074|Error|Ping PLC failed, IP :192.168.3.100:9999...(MainWindow.xaml.cs:556)|
2021-01-19 12:33:34.4239|Error|Ping PLC failed, IP :192.168.3.100:9999...(MainWindow.xaml.cs:556)|
2021-01-19 12:34:34.4397|Error|Ping PLC failed, IP :192.168.3.100:9999...(MainWindow.xaml.cs:556)|
2021-01-19 12:35:34.4519|Error|Ping PLC failed, IP :192.168.3.100:9999...(MainWindow.xaml.cs:556)|
2021-01-19 12:36:34.4776|Error|Ping PLC failed, IP :192.168.3.100:9999...(MainWindow.xaml.cs:556)|
2021-01-19 12:37:34.4861|Error|Ping PLC failed, IP :192.168.3.100:9999...(MainWindow.xaml.cs:556)|
2021-01-19 12:38:34.5023|Error|Ping PLC failed, IP :192.168.3.100:9999...(MainWindow.xaml.cs:556)|
2021-01-19 12:39:34.5168|Error|Ping PLC failed, IP :192.168.3.100:9999...(MainWindow.xaml.cs:556)|
2021-01-19 12:40:34.5343|Error|Ping PLC failed, IP :192.168.3.100:9999...(MainWindow.xaml.cs:556)|
2021-01-19 12:41:34.5487|Error|Ping PLC failed, IP :192.168.3.100:9999...(MainWindow.xaml.cs:556)|
2021-01-19 12:42:34.5602|Error|Ping PLC failed, IP :192.168.3.100:9999...(MainWindow.xaml.cs:556)|
2021-01-19 12:43:34.5768|Error|Ping PLC failed, IP :192.168.3.100:9999...(MainWindow.xaml.cs:556)|
2021-01-19 12:44:34.5922|Error|Ping PLC failed, IP :192.168.3.100:9999...(MainWindow.xaml.cs:556)|
2021-01-19 12:45:34.6097|Error|Ping PLC failed, IP :192.168.3.100:9999...(MainWindow.xaml.cs:556)|
2021-01-19 12:46:34.6261|Error|Ping PLC failed, IP :192.168.3.100:9999...(MainWindow.xaml.cs:556)|
2021-01-19 12:47:34.6426|Error|Ping PLC failed, IP :192.168.3.100:9999...(MainWindow.xaml.cs:556)|
2021-01-19 12:48:34.6551|Error|Ping PLC failed, IP :192.168.3.100:9999...(MainWindow.xaml.cs:556)|
2021-01-19 12:49:34.6687|Error|Ping PLC failed, IP :192.168.3.100:9999...(MainWindow.xaml.cs:556)|
2021-01-19 12:50:34.6861|Error|Ping PLC failed, IP :192.168.3.100:9999...(MainWindow.xaml.cs:556)|
2021-01-19 12:51:34.7025|Error|Ping PLC failed, IP :192.168.3.100:9999...(MainWindow.xaml.cs:556)|
2021-01-19 12:52:34.7190|Error|Ping PLC failed, IP :192.168.3.100:9999...(MainWindow.xaml.cs:556)|
2021-01-19 12:53:34.7345|Error|Ping PLC failed, IP :192.168.3.100:9999...(MainWindow.xaml.cs:556)|
2021-01-19 12:54:34.7479|Error|Ping PLC failed, IP :192.168.3.100:9999...(MainWindow.xaml.cs:556)|
2021-01-19 12:55:34.7624|Error|Ping PLC failed, IP :192.168.3.100:9999...(MainWindow.xaml.cs:556)|
2021-01-19 12:56:34.7809|Error|Ping PLC failed, IP :192.168.3.100:9999...(MainWindow.xaml.cs:556)|
2021-01-19 12:57:34.8864|Error|Ping PLC failed, IP :192.168.3.100:9999...(MainWindow.xaml.cs:556)|
2021-01-19 12:58:34.8957|Error|Ping PLC failed, IP :192.168.3.100:9999...(MainWindow.xaml.cs:556)|
2021-01-19 12:59:34.9081|Error|Ping PLC failed, IP :192.168.3.100:9999...(MainWindow.xaml.cs:556)|
2021-01-19 13:00:34.9226|Error|Ping PLC failed, IP :192.168.3.100:9999...(MainWindow.xaml.cs:556)|
2021-01-19 13:01:34.9354|Error|Ping PLC failed, IP :192.168.3.100:9999...(MainWindow.xaml.cs:556)|
2021-01-19 13:02:34.9526|Error|Ping PLC failed, IP :192.168.3.100:9999...(MainWindow.xaml.cs:556)|
2021-01-19 13:03:34.9670|Error|Ping PLC failed, IP :192.168.3.100:9999...(MainWindow.xaml.cs:556)|
2021-01-19 13:04:39.7145|Error|Ping PLC failed, IP :192.168.3.100:9999...(MainWindow.xaml.cs:556)|
2021-01-19 13:05:44.7156|Error|Ping PLC failed, IP :192.168.3.100:9999...(MainWindow.xaml.cs:556)|
2021-01-19 13:06:49.7148|Error|Ping PLC failed, IP :192.168.3.100:9999...(MainWindow.xaml.cs:556)|
2021-01-19 13:14:35.7194|Error|Ping PLC failed, IP :192.168.3.100:9999...(MainWindow.xaml.cs:556)|
2021-01-19 13:16:10.2157|Error|Ping PLC failed, IP :192.168.3.100:9999...(MainWindow.xaml.cs:556)|
2021-01-19 13:17:16.2152|Error|Ping PLC failed, IP :192.168.3.100:9999...(MainWindow.xaml.cs:556)|
2021-01-19 13:19:02.2142|Error|Ping PLC failed, IP :192.168.3.100:9999...(MainWindow.xaml.cs:556)|
2021-01-19 13:19:24.7170|Error|Ping PLC failed, IP :192.168.3.100:9999...(MainWindow.xaml.cs:556)|
2021-01-19 13:20:30.7138|Error|Ping PLC failed, IP :192.168.3.100:9999...(MainWindow.xaml.cs:556)|
2021-01-19 13:21:41.7147|Error|Ping PLC failed, IP :192.168.3.100:9999...(MainWindow.xaml.cs:556)|
2021-01-19 13:22:17.7160|Error|Ping PLC failed, IP :192.168.3.100:9999...(MainWindow.xaml.cs:556)|
2021-01-19 13:22:53.7167|Error|Ping PLC failed, IP :192.168.3.100:9999...(MainWindow.xaml.cs:556)|
2021-01-19 13:24:20.2153|Error|Ping PLC failed, IP :192.168.3.100:9999...(MainWindow.xaml.cs:556)|
2021-01-19 13:25:25.2145|Error|Ping PLC failed, IP :192.168.3.100:9999...(MainWindow.xaml.cs:556)|
2021-01-19 13:44:40.2164|Error|Ping PLC failed, IP :192.168.3.100:9999...(MainWindow.xaml.cs:556)|
2021-01-19 13:46:26.2149|Error|Ping PLC failed, IP :192.168.3.100:9999...(MainWindow.xaml.cs:556)|
2021-01-19 13:48:53.0421|Error|Ping PLC failed, IP :192.168.3.100:9999...(MainWindow.xaml.cs:556)|
2021-01-19 13:50:05.2143|Error|Ping PLC failed, IP :192.168.3.100:9999...(MainWindow.xaml.cs:556)|
2021-01-19 13:51:11.2140|Error|Ping PLC failed, IP :192.168.3.100:9999...(MainWindow.xaml.cs:556)|
2021-01-19 13:54:02.2145|Error|Ping PLC failed, IP :192.168.3.100:9999...(MainWindow.xaml.cs:556)|
2021-01-19 13:58:01.7149|Error|Ping PLC failed, IP :192.168.3.100:9999...(MainWindow.xaml.cs:556)|
2021-01-19 13:58:30.7175|Error|Ping PLC failed, IP :192.168.3.100:9999...(MainWindow.xaml.cs:556)|
2021-01-19 14:05:33.2144|Error|Ping PLC failed, IP :192.168.3.100:9999...(MainWindow.xaml.cs:556)|
2021-01-19 14:06:39.2142|Error|Ping PLC failed, IP :192.168.3.100:9999...(MainWindow.xaml.cs:556)|
2021-01-19 14:07:44.2150|Error|Ping PLC failed, IP :192.168.3.100:9999...(MainWindow.xaml.cs:556)|
2021-01-19 14:12:32.7144|Error|Ping PLC failed, IP :192.168.3.100:9999...(MainWindow.xaml.cs:556)|
2021-01-19 14:16:05.7137|Error|Ping PLC failed, IP :192.168.3.100:9999...(MainWindow.xaml.cs:556)|
2021-01-19 14:17:10.7158|Error|Ping PLC failed, IP :192.168.3.100:9999...(MainWindow.xaml.cs:556)|
2021-01-19 14:24:10.7165|Error|Ping PLC failed, IP :192.168.3.100:9999...(MainWindow.xaml.cs:556)|
2021-01-19 14:30:03.7146|Error|Ping PLC failed, IP :192.168.3.100:9999...(MainWindow.xaml.cs:556)|
2021-01-19 14:38:56.7148|Error|Ping PLC failed, IP :192.168.3.100:9999...(MainWindow.xaml.cs:556)|
2021-01-19 14:39:37.0669|Error|Ping PLC failed, IP :192.168.3.100:9999...(MainWindow.xaml.cs:556)|
2021-01-19 14:41:14.7137|Error|Ping PLC failed, IP :192.168.3.100:9999...(MainWindow.xaml.cs:556)|
2021-01-19 14:42:35.7151|Error|Ping PLC failed, IP :192.168.3.100:9999...(MainWindow.xaml.cs:556)|
2021-01-19 14:43:19.7170|Error|Ping PLC failed, IP :192.168.3.100:9999...(MainWindow.xaml.cs:556)|
2021-01-19 14:43:38.2165|Error|Ping PLC failed, IP :192.168.3.100:9999...(MainWindow.xaml.cs:556)|
2021-01-19 14:44:43.7153|Error|Ping PLC failed, IP :192.168.3.100:9999...(MainWindow.xaml.cs:556)|
2021-01-19 14:45:48.7138|Error|Ping PLC failed, IP :192.168.3.100:9999...(MainWindow.xaml.cs:556)|
2021-01-19 14:46:53.7139|Error|Ping PLC failed, IP :192.168.3.100:9999...(MainWindow.xaml.cs:556)|
2021-01-19 14:50:13.2150|Error|Ping PLC failed, IP :192.168.3.100:9999...(MainWindow.xaml.cs:556)|
2021-01-19 14:51:00.2163|Error|Ping PLC failed, IP :192.168.3.100:9999...(MainWindow.xaml.cs:556)|
2021-01-19 14:52:06.2140|Error|Ping PLC failed, IP :192.168.3.100:9999...(MainWindow.xaml.cs:556)|
2021-01-19 14:53:12.2151|Error|Ping PLC failed, IP :192.168.3.100:9999...(MainWindow.xaml.cs:556)|
2021-01-19 14:54:17.2142|Error|Ping PLC failed, IP :192.168.3.100:9999...(MainWindow.xaml.cs:556)|
2021-01-19 14:55:55.2151|Error|Ping PLC failed, IP :192.168.3.100:9999...(MainWindow.xaml.cs:556)|
2021-01-19 14:57:01.7142|Error|Ping PLC failed, IP :192.168.3.100:9999...(MainWindow.xaml.cs:556)|
2021-01-19 14:58:06.7144|Error|Ping PLC failed, IP :192.168.3.100:9999...(MainWindow.xaml.cs:556)|
2021-01-19 14:59:11.7155|Error|Ping PLC failed, IP :192.168.3.100:9999...(MainWindow.xaml.cs:556)|
2021-01-19 15:07:43.7164|Error|Ping PLC failed, IP :192.168.3.100:9999...(MainWindow.xaml.cs:556)|
2021-01-19 15:13:34.2160|Error|Ping PLC failed, IP :192.168.3.100:9999...(MainWindow.xaml.cs:556)|
2021-01-19 15:14:40.2137|Error|Ping PLC failed, IP :192.168.3.100:9999...(MainWindow.xaml.cs:556)|
2021-01-19 15:15:45.2139|Error|Ping PLC failed, IP :192.168.3.100:9999...(MainWindow.xaml.cs:556)|
2021-01-19 15:16:50.2137|Error|Ping PLC failed, IP :192.168.3.100:9999...(MainWindow.xaml.cs:556)|
2021-01-19 15:30:18.7142|Error|Ping PLC failed, IP :192.168.3.100:9999...(MainWindow.xaml.cs:556)|
2021-01-19 15:30:23.9242|Error|SQL logic error
near "*": syntax error(Ctl.cs:77)|
2021-01-19 15:30:45.2143|Error|Ping PLC failed, IP :192.168.3.100:9999...(MainWindow.xaml.cs:556)|
2021-01-19 15:35:46.7159|Error|Ping PLC failed, IP :192.168.3.100:9999...(MainWindow.xaml.cs:556)|
2021-01-19 15:38:14.7151|Error|Ping PLC failed, IP :192.168.3.100:9999...(MainWindow.xaml.cs:556)|
2021-01-19 15:45:43.6423|Error|Ping PLC failed, IP :192.168.3.100:9999...(MainWindow.xaml.cs:556)|
2021-01-19 15:48:10.7149|Error|Ping PLC failed, IP :192.168.3.100:9999...(MainWindow.xaml.cs:556)|
2021-01-19 15:49:03.2145|Error|Ping PLC failed, IP :192.168.3.100:9999...(MainWindow.xaml.cs:556)|
2021-01-19 15:50:08.7143|Error|Ping PLC failed, IP :192.168.3.100:9999...(MainWindow.xaml.cs:556)|
2021-01-19 15:51:13.7137|Error|Ping PLC failed, IP :192.168.3.100:9999...(MainWindow.xaml.cs:556)|
2021-01-19 15:52:18.7136|Error|Ping PLC failed, IP :192.168.3.100:9999...(MainWindow.xaml.cs:556)|
2021-01-19 15:58:14.2147|Error|Ping PLC failed, IP :192.168.3.100:9999...(MainWindow.xaml.cs:556)|
2021-01-19 16:17:03.2151|Error|Ping PLC failed, IP :192.168.3.100:9999...(MainWindow.xaml.cs:556)|
2021-01-19 16:17:30.2289|Error|Ping PLC failed, IP :192.168.3.100:9999...(MainWindow.xaml.cs:556)|
2021-01-19 16:19:00.2172|Error|Ping PLC failed, IP :192.168.3.100:9999...(MainWindow.xaml.cs:556)|
2021-01-19 16:19:23.2576|Error|Ping PLC failed, IP :192.168.3.100:9999...(MainWindow.xaml.cs:556)|
2021-01-19 16:20:24.7142|Error|Ping PLC failed, IP :192.168.3.100:9999...(MainWindow.xaml.cs:556)|
2021-01-19 16:21:42.7136|Error|Ping PLC failed, IP :192.168.3.100:9999...(MainWindow.xaml.cs:556)|
2021-01-19 16:23:42.7139|Error|Ping PLC failed, IP :192.168.3.100:9999...(MainWindow.xaml.cs:556)|
2021-01-19 16:24:47.7148|Error|Ping PLC failed, IP :192.168.3.100:9999...(MainWindow.xaml.cs:556)|
2021-01-19 16:25:52.7142|Error|Ping PLC failed, IP :192.168.3.100:9999...(MainWindow.xaml.cs:556)|
2021-01-19 16:26:57.7144|Error|Ping PLC failed, IP :192.168.3.100:9999...(MainWindow.xaml.cs:556)|
2021-01-19 16:28:22.2151|Error|Ping PLC failed, IP :192.168.3.100:9999...(MainWindow.xaml.cs:556)|
2021-01-19 16:29:04.2148|Error|Ping PLC failed, IP :192.168.3.100:9999...(MainWindow.xaml.cs:556)|
2021-01-19 16:39:21.7181|Error|Ping PLC failed, IP :192.168.3.100:9999...(MainWindow.xaml.cs:556)|
2021-01-19 16:39:45.2153|Error|Ping PLC failed, IP :192.168.3.100:9999...(MainWindow.xaml.cs:556)|
2021-01-19 16:40:34.7149|Error|Ping PLC failed, IP :192.168.3.100:9999...(MainWindow.xaml.cs:556)|
2021-01-19 16:41:40.7137|Error|Ping PLC failed, IP :192.168.3.100:9999...(MainWindow.xaml.cs:556)|
2021-01-19 16:43:09.7150|Error|Ping PLC failed, IP :192.168.3.100:9999...(MainWindow.xaml.cs:556)|
2021-01-19 16:44:14.7135|Error|Ping PLC failed, IP :192.168.3.100:9999...(MainWindow.xaml.cs:556)|
2021-01-19 16:45:11.2171|Error|Ping PLC failed, IP :192.168.3.100:9999...(MainWindow.xaml.cs:556)|
2021-01-19 16:45:20.2659|Error|SQL logic error
near "'%0%'": syntax error(Ctl.cs:77)|
2021-01-19 16:46:03.7156|Error|Ping PLC failed, IP :192.168.3.100:9999...(MainWindow.xaml.cs:556)|
2021-01-19 16:47:11.2151|Error|Ping PLC failed, IP :192.168.3.100:9999...(MainWindow.xaml.cs:556)|
2021-01-19 16:48:11.2416|Error|Ping PLC failed, IP :192.168.3.100:9999...(MainWindow.xaml.cs:556)|
2021-01-19 16:49:11.2670|Error|Ping PLC failed, IP :192.168.3.100:9999...(MainWindow.xaml.cs:556)|
2021-01-19 16:50:11.2838|Error|Ping PLC failed, IP :192.168.3.100:9999...(MainWindow.xaml.cs:556)|
2021-01-19 16:51:11.2980|Error|Ping PLC failed, IP :192.168.3.100:9999...(MainWindow.xaml.cs:556)|
2021-01-19 16:52:11.3134|Error|Ping PLC failed, IP :192.168.3.100:9999...(MainWindow.xaml.cs:556)|
2021-01-19 16:53:11.3279|Error|Ping PLC failed, IP :192.168.3.100:9999...(MainWindow.xaml.cs:556)|
2021-01-19 16:54:11.3434|Error|Ping PLC failed, IP :192.168.3.100:9999...(MainWindow.xaml.cs:556)|
2021-01-19 16:55:11.3589|Error|Ping PLC failed, IP :192.168.3.100:9999...(MainWindow.xaml.cs:556)|
2021-01-19 16:56:11.3763|Error|Ping PLC failed, IP :192.168.3.100:9999...(MainWindow.xaml.cs:556)|
2021-01-19 16:57:11.3938|Error|Ping PLC failed, IP :192.168.3.100:9999...(MainWindow.xaml.cs:556)|
2021-01-19 16:58:11.4063|Error|Ping PLC failed, IP :192.168.3.100:9999...(MainWindow.xaml.cs:556)|
2021-01-19 16:59:11.4191|Error|Ping PLC failed, IP :192.168.3.100:9999...(MainWindow.xaml.cs:556)|
2021-01-19 17:00:11.4373|Error|Ping PLC failed, IP :192.168.3.100:9999...(MainWindow.xaml.cs:556)|
2021-01-19 17:01:11.4607|Error|Ping PLC failed, IP :192.168.3.100:9999...(MainWindow.xaml.cs:556)|
2021-01-19 17:02:11.4752|Error|Ping PLC failed, IP :192.168.3.100:9999...(MainWindow.xaml.cs:556)|
2021-01-19 17:03:11.4837|Error|Ping PLC failed, IP :192.168.3.100:9999...(MainWindow.xaml.cs:556)|
2021-01-19 17:04:11.5002|Error|Ping PLC failed, IP :192.168.3.100:9999...(MainWindow.xaml.cs:556)|
2021-01-19 17:05:11.5146|Error|Ping PLC failed, IP :192.168.3.100:9999...(MainWindow.xaml.cs:556)|
2021-01-19 17:15:04.4507|Error|Ping PLC failed, IP :192.168.3.100:9999...(MainWindow.xaml.cs:556)|
2021-01-19 17:16:05.6281|Error|Ping PLC failed, IP :192.168.3.100:9999...(MainWindow.xaml.cs:556)|
2021-01-19 17:17:05.6426|Error|Ping PLC failed, IP :192.168.3.100:9999...(MainWindow.xaml.cs:556)|
2021-01-19 17:18:04.6637|Error|Ping PLC failed, IP :192.168.3.100:9999...(MainWindow.xaml.cs:556)|
2021-01-19 17:19:57.0521|Error|Ping PLC failed, IP :192.168.3.100:9999...(MainWindow.xaml.cs:556)|
2021-01-19 17:20:37.9088|Error|Ping PLC failed, IP :192.168.3.100:9999...(MainWindow.xaml.cs:556)|
2021-01-19 17:21:41.8149|Error|Ping PLC failed, IP :192.168.3.100:9999...(MainWindow.xaml.cs:556)|
2021-01-19 17:22:40.0416|Error|Ping PLC failed, IP :192.168.3.100:9999...(MainWindow.xaml.cs:556)|
2021-01-19 17:24:44.5535|Error|Ping PLC failed, IP :192.168.3.100:9999...(MainWindow.xaml.cs:556)|
2021-01-19 17:26:03.0945|Error|Ping PLC failed, IP :192.168.3.100:9999...(MainWindow.xaml.cs:556)|
2021-01-19 17:26:26.9557|Error|Ping PLC failed, IP :192.168.3.100:9999...(MainWindow.xaml.cs:556)|
2021-01-19 17:27:28.4153|Error|Ping PLC failed, IP :192.168.3.100:9999...(MainWindow.xaml.cs:556)|
2021-01-19 17:29:27.3749|Error|Ping PLC failed, IP :192.168.3.100:9999...(MainWindow.xaml.cs:556)|
2021-01-19 17:38:31.3874|Error|Ping PLC failed, IP :192.168.3.100:9999...(MainWindow.xaml.cs:556)|
2021-01-19 17:41:31.2165|Error|Ping PLC failed, IP :192.168.3.100:9999...(MainWindow.xaml.cs:556)|
2021-01-19 17:49:56.9676|Error|SQL logic error
near "150.65462354": syntax error(Ctl.cs:30)|
2021-01-19 17:50:13.7148|Error|Ping PLC failed, IP :192.168.3.100:9999...(MainWindow.xaml.cs:564)|
2021-01-19 17:50:52.4788|Error|SQL logic error
near "150.65462354": syntax error(Ctl.cs:30)|
2021-01-19 17:50:56.7145|Error|Ping PLC failed, IP :192.168.3.100:9999...(MainWindow.xaml.cs:564)|
2021-01-19 17:52:00.2147|Error|Ping PLC failed, IP :192.168.3.100:9999...(MainWindow.xaml.cs:564)|
2021-01-19 17:53:19.2144|Error|Ping PLC failed, IP :192.168.3.100:9999...(MainWindow.xaml.cs:564)|
2021-01-19 17:54:28.7145|Error|Ping PLC failed, IP :192.168.3.100:9999...(MainWindow.xaml.cs:564)|
