2021-01-16 08:17:46.9607|Error|Ping PLC failed, IP :192.168.3.100:9999...(MainWindow.xaml.cs:494)|
2021-01-16 08:18:31.1624|Error|Ping PLC failed, IP :192.168.3.100:9999...(MainWindow.xaml.cs:494)|
2021-01-16 08:19:18.4549|Error|Ping PLC failed, IP :192.168.3.100:9999...(MainWindow.xaml.cs:494)|
2021-01-16 08:19:38.9840|Error|Ping PLC failed, IP :192.168.3.100:9999...(MainWindow.xaml.cs:494)|
2021-01-16 08:38:17.6627|Error|Ping PLC failed, IP :192.168.3.100:9999...(MainWindow.xaml.cs:494)|
2021-01-16 08:40:28.1627|Error|Cannot implicitly convert type 'Newtonsoft.Json.Linq.JArray' to 'string'. An explicit conversion exists (are you missing a cast?)(ServiceComm.cs:144)|
2021-01-16 08:41:52.2398|Error|Unable to connect to the remote server(ServiceComm.cs:116)|
2021-01-16 08:41:52.2986|Error|Ping PLC failed, IP :192.168.3.100:9999...(MainWindow.xaml.cs:490)|
2021-01-16 10:33:44.7193|Error|Ping PLC failed, IP :192.168.3.100:9999...(MainWindow.xaml.cs:551)|
2021-01-16 10:38:25.5550|Error|Ping PLC failed, IP :192.168.3.100:9999...(MainWindow.xaml.cs:551)|
2021-01-16 11:12:08.2222|Info|Moving TOP Axis, Position Name : Mark 1,  X = 14945, Y = 22571(AutoAdjustFOVWindow.xaml.cs:169)|
2021-01-16 11:12:09.0383|Info|Score matching is lower score standard... 0 < 50(AutoAdjustFOVWindow.xaml.cs:210)|
2021-01-16 11:12:09.0383|Info|Moving TOP Axis, Position Name : FOV 1,  X = 9194, Y = 38302(AutoAdjustFOVWindow.xaml.cs:251)|
2021-01-16 11:12:11.1403|Info|Moving TOP Axis, Position Name : FOV 2,  X = 10719, Y = 38318(AutoAdjustFOVWindow.xaml.cs:251)|
2021-01-16 11:12:12.9688|Info|Moving TOP Axis, Position Name : FOV 3,  X = 2102, Y = 35926(AutoAdjustFOVWindow.xaml.cs:251)|
2021-01-16 11:12:14.7162|Info|Moving TOP Axis, Position Name : FOV 4,  X = 7798, Y = 33018(AutoAdjustFOVWindow.xaml.cs:251)|
2021-01-16 11:12:16.6350|Info|Moving TOP Axis, Position Name : FOV 5,  X = 10803, Y = 33465(AutoAdjustFOVWindow.xaml.cs:251)|
2021-01-16 11:12:18.6768|Info|Moving TOP Axis, Position Name : FOV 6,  X = 13727, Y = 33248(AutoAdjustFOVWindow.xaml.cs:251)|
2021-01-16 11:12:20.5160|Info|Moving TOP Axis, Position Name : FOV 7,  X = 11036, Y = 30571(AutoAdjustFOVWindow.xaml.cs:251)|
2021-01-16 11:12:22.5677|Info|Moving TOP Axis, Position Name : FOV 8,  X = 8099, Y = 31186(AutoAdjustFOVWindow.xaml.cs:251)|
2021-01-16 11:12:24.4335|Info|Moving TOP Axis, Position Name : FOV 9,  X = 1821, Y = 31147(AutoAdjustFOVWindow.xaml.cs:251)|
2021-01-16 11:12:26.2429|Info|Moving TOP Axis, Position Name : FOV 10,  X = 3562, Y = 27052(AutoAdjustFOVWindow.xaml.cs:251)|
2021-01-16 11:12:28.0953|Info|Moving TOP Axis, Position Name : FOV 11,  X = 7333, Y = 26592(AutoAdjustFOVWindow.xaml.cs:251)|
2021-01-16 11:12:29.9632|Info|Moving TOP Axis, Position Name : FOV 12,  X = 14024, Y = 29587(AutoAdjustFOVWindow.xaml.cs:251)|
2021-01-16 11:12:31.9746|Info|Moving TOP Axis, Position Name : FOV 13,  X = 14402, Y = 26527(AutoAdjustFOVWindow.xaml.cs:251)|
2021-01-16 11:12:33.9056|Info|Moving TOP Axis, Position Name : FOV 14,  X = 12880, Y = 23983(AutoAdjustFOVWindow.xaml.cs:251)|
2021-01-16 11:12:36.0240|Info|Moving TOP Axis, Position Name : FOV 15,  X = 9520, Y = 23814(AutoAdjustFOVWindow.xaml.cs:251)|
2021-01-16 11:12:37.8598|Info|Moving TOP Axis, Position Name : FOV 16,  X = 1650, Y = 23863(AutoAdjustFOVWindow.xaml.cs:251)|
2021-01-16 11:12:54.8756|Info|Current Pulse conveyor 1557176 => 1557176(HardwareWindow.xaml.cs:727)|
2021-01-16 11:13:10.2098|Info|Moving TOP Axis, Position Name : Mark 1,  X = 14945, Y = 22571(AutoAdjustFOVWindow.xaml.cs:169)|
2021-01-16 11:13:10.9469|Info|Score matching is lower score standard... 0 < 50(AutoAdjustFOVWindow.xaml.cs:210)|
2021-01-16 11:13:10.9469|Info|Moving TOP Axis, Position Name : FOV 1,  X = 9194, Y = 38302(AutoAdjustFOVWindow.xaml.cs:251)|
2021-01-16 11:14:51.4048|Info|Current Pulse conveyor 1557176 => 1557176(HardwareWindow.xaml.cs:727)|
2021-01-16 11:15:04.1877|Info|Moving TOP Axis, Position Name : Mark 1,  X = 14945, Y = 22571(AutoAdjustFOVWindow.xaml.cs:169)|
2021-01-16 11:15:29.3249|Info|Moving TOP Axis, Position Name : Mark 1,  X = 14945, Y = 22571(AutoAdjustFOVWindow.xaml.cs:169)|
2021-01-16 11:15:30.2676|Info|Moving TOP Axis, Position Name : Mark 2,  X = 713, Y = 39322(AutoAdjustFOVWindow.xaml.cs:169)|
2021-01-16 11:15:31.4930|Info|Moving TOP Axis, Position Name : FOV 1,  X = 9194, Y = 38302(AutoAdjustFOVWindow.xaml.cs:251)|
2021-01-16 11:15:33.8345|Info|Moving TOP Axis, Position Name : FOV 2,  X = 10719, Y = 38318(AutoAdjustFOVWindow.xaml.cs:251)|
2021-01-16 11:15:35.7615|Info|Moving TOP Axis, Position Name : FOV 3,  X = 2102, Y = 35926(AutoAdjustFOVWindow.xaml.cs:251)|
2021-01-16 11:15:37.6353|Info|Moving TOP Axis, Position Name : FOV 4,  X = 7798, Y = 33018(AutoAdjustFOVWindow.xaml.cs:251)|
2021-01-16 11:15:39.6427|Info|Moving TOP Axis, Position Name : FOV 5,  X = 10803, Y = 33465(AutoAdjustFOVWindow.xaml.cs:251)|
2021-01-16 11:15:41.8299|Info|Moving TOP Axis, Position Name : FOV 6,  X = 13727, Y = 33248(AutoAdjustFOVWindow.xaml.cs:251)|
2021-01-16 11:15:43.7781|Info|Moving TOP Axis, Position Name : FOV 7,  X = 11036, Y = 30571(AutoAdjustFOVWindow.xaml.cs:251)|
2021-01-16 11:15:45.9097|Info|Moving TOP Axis, Position Name : FOV 8,  X = 8099, Y = 31186(AutoAdjustFOVWindow.xaml.cs:251)|
2021-01-16 11:15:47.8775|Info|Moving TOP Axis, Position Name : FOV 9,  X = 1821, Y = 31147(AutoAdjustFOVWindow.xaml.cs:251)|
2021-01-16 11:15:49.8264|Info|Moving TOP Axis, Position Name : FOV 10,  X = 3562, Y = 27052(AutoAdjustFOVWindow.xaml.cs:251)|
2021-01-16 11:15:51.8101|Info|Moving TOP Axis, Position Name : FOV 11,  X = 7333, Y = 26592(AutoAdjustFOVWindow.xaml.cs:251)|
2021-01-16 11:15:53.8372|Info|Moving TOP Axis, Position Name : FOV 12,  X = 14024, Y = 29587(AutoAdjustFOVWindow.xaml.cs:251)|
2021-01-16 11:15:55.9853|Info|Moving TOP Axis, Position Name : FOV 13,  X = 14402, Y = 26527(AutoAdjustFOVWindow.xaml.cs:251)|
2021-01-16 11:15:58.0477|Info|Moving TOP Axis, Position Name : FOV 14,  X = 12880, Y = 23983(AutoAdjustFOVWindow.xaml.cs:251)|
2021-01-16 11:16:00.2737|Info|Moving TOP Axis, Position Name : FOV 15,  X = 9520, Y = 23814(AutoAdjustFOVWindow.xaml.cs:251)|
2021-01-16 11:16:02.2364|Info|Moving TOP Axis, Position Name : FOV 16,  X = 1650, Y = 23863(AutoAdjustFOVWindow.xaml.cs:251)|
2021-01-16 11:16:59.1978|Info|Moving TOP Axis, Position Name : Mark 1,  X = 14945, Y = 22571(AutoAdjustFOVWindow.xaml.cs:169)|
2021-01-16 11:17:00.3795|Info|Moving TOP Axis, Position Name : Mark 2,  X = 713, Y = 39322(AutoAdjustFOVWindow.xaml.cs:169)|
2021-01-16 11:17:01.6026|Info|Moving TOP Axis, Position Name : FOV 1,  X = 9194, Y = 38302(AutoAdjustFOVWindow.xaml.cs:251)|
2021-01-16 11:17:03.8425|Info|Moving TOP Axis, Position Name : FOV 2,  X = 10719, Y = 38318(AutoAdjustFOVWindow.xaml.cs:251)|
2021-01-16 11:17:05.7757|Info|Moving TOP Axis, Position Name : FOV 3,  X = 2102, Y = 35926(AutoAdjustFOVWindow.xaml.cs:251)|
2021-01-16 11:17:07.6622|Info|Moving TOP Axis, Position Name : FOV 4,  X = 7798, Y = 33018(AutoAdjustFOVWindow.xaml.cs:251)|
2021-01-16 11:17:09.6868|Info|Moving TOP Axis, Position Name : FOV 5,  X = 10803, Y = 33465(AutoAdjustFOVWindow.xaml.cs:251)|
2021-01-16 11:17:11.8209|Info|Moving TOP Axis, Position Name : FOV 6,  X = 13727, Y = 33248(AutoAdjustFOVWindow.xaml.cs:251)|
2021-01-16 11:17:13.7492|Info|Moving TOP Axis, Position Name : FOV 7,  X = 11036, Y = 30571(AutoAdjustFOVWindow.xaml.cs:251)|
2021-01-16 11:17:15.8909|Info|Moving TOP Axis, Position Name : FOV 8,  X = 8099, Y = 31186(AutoAdjustFOVWindow.xaml.cs:251)|
2021-01-16 11:17:17.8554|Info|Moving TOP Axis, Position Name : FOV 9,  X = 1821, Y = 31147(AutoAdjustFOVWindow.xaml.cs:251)|
2021-01-16 11:17:19.7909|Info|Moving TOP Axis, Position Name : FOV 10,  X = 3562, Y = 27052(AutoAdjustFOVWindow.xaml.cs:251)|
2021-01-16 11:17:21.7522|Info|Moving TOP Axis, Position Name : FOV 11,  X = 7333, Y = 26592(AutoAdjustFOVWindow.xaml.cs:251)|
2021-01-16 11:17:23.7608|Info|Moving TOP Axis, Position Name : FOV 12,  X = 14024, Y = 29587(AutoAdjustFOVWindow.xaml.cs:251)|
2021-01-16 11:17:25.9036|Info|Moving TOP Axis, Position Name : FOV 13,  X = 14402, Y = 26527(AutoAdjustFOVWindow.xaml.cs:251)|
2021-01-16 11:17:27.9821|Info|Moving TOP Axis, Position Name : FOV 14,  X = 12880, Y = 23983(AutoAdjustFOVWindow.xaml.cs:251)|
2021-01-16 11:17:30.1825|Info|Moving TOP Axis, Position Name : FOV 15,  X = 9520, Y = 23814(AutoAdjustFOVWindow.xaml.cs:251)|
2021-01-16 11:17:32.1397|Info|Moving TOP Axis, Position Name : FOV 16,  X = 1650, Y = 23863(AutoAdjustFOVWindow.xaml.cs:251)|
2021-01-16 11:17:40.2847|Info|Moving TOP Axis, Position Name : FOV 1,  X = 9194, Y = 38302(AutoAdjustFOVWindow.xaml.cs:251)|
2021-01-16 11:17:42.4536|Info|Moving TOP Axis, Position Name : FOV 2,  X = 10719, Y = 38318(AutoAdjustFOVWindow.xaml.cs:251)|
2021-01-16 11:17:44.3864|Info|Moving TOP Axis, Position Name : FOV 3,  X = 2102, Y = 35926(AutoAdjustFOVWindow.xaml.cs:251)|
2021-01-16 11:17:46.2405|Info|Moving TOP Axis, Position Name : FOV 4,  X = 7798, Y = 33018(AutoAdjustFOVWindow.xaml.cs:251)|
2021-01-16 11:17:48.2771|Info|Moving TOP Axis, Position Name : FOV 5,  X = 10803, Y = 33465(AutoAdjustFOVWindow.xaml.cs:251)|
2021-01-16 11:17:50.4340|Info|Moving TOP Axis, Position Name : FOV 6,  X = 13727, Y = 33248(AutoAdjustFOVWindow.xaml.cs:251)|
2021-01-16 11:17:52.3957|Info|Moving TOP Axis, Position Name : FOV 7,  X = 11036, Y = 30571(AutoAdjustFOVWindow.xaml.cs:251)|
2021-01-16 11:17:54.5427|Info|Moving TOP Axis, Position Name : FOV 8,  X = 8099, Y = 31186(AutoAdjustFOVWindow.xaml.cs:251)|
2021-01-16 11:17:56.4982|Info|Moving TOP Axis, Position Name : FOV 9,  X = 1821, Y = 31147(AutoAdjustFOVWindow.xaml.cs:251)|
2021-01-16 11:17:58.4465|Info|Moving TOP Axis, Position Name : FOV 10,  X = 3562, Y = 27052(AutoAdjustFOVWindow.xaml.cs:251)|
2021-01-16 11:18:00.4359|Info|Moving TOP Axis, Position Name : FOV 11,  X = 7333, Y = 26592(AutoAdjustFOVWindow.xaml.cs:251)|
2021-01-16 11:18:02.4906|Info|Moving TOP Axis, Position Name : FOV 12,  X = 14024, Y = 29587(AutoAdjustFOVWindow.xaml.cs:251)|
2021-01-16 11:18:04.6405|Info|Moving TOP Axis, Position Name : FOV 13,  X = 14402, Y = 26527(AutoAdjustFOVWindow.xaml.cs:251)|
2021-01-16 11:18:06.7008|Info|Moving TOP Axis, Position Name : FOV 14,  X = 12880, Y = 23983(AutoAdjustFOVWindow.xaml.cs:251)|
2021-01-16 11:18:08.9623|Info|Moving TOP Axis, Position Name : FOV 15,  X = 9520, Y = 23814(AutoAdjustFOVWindow.xaml.cs:251)|
2021-01-16 11:18:10.9373|Info|Moving TOP Axis, Position Name : FOV 16,  X = 1650, Y = 23863(AutoAdjustFOVWindow.xaml.cs:251)|
2021-01-16 11:20:13.3925|Info|Moving TOP Axis, Position Name : Mark 1,  X = 14945, Y = 22571(MainWindow.xaml.cs:159)|
2021-01-16 11:20:14.8557|Info|Moving TOP Axis, Position Name : Mark 2,  X = 713, Y = 39322(MainWindow.xaml.cs:159)|
2021-01-16 11:20:15.9428|Info|Moving Bot Axis, Position Name : ReadCode 1,  X = 29723, Y = 72432(MainWindow.xaml.cs:264)|
2021-01-16 11:20:16.2043|Info|Cant read code : 1(MainWindow.xaml.cs:272)|
2021-01-16 11:21:02.0298|Info|Moving TOP Axis, Position Name : Mark 1,  X = 14945, Y = 22571(MainWindow.xaml.cs:159)|
2021-01-16 11:21:03.3103|Info|Moving TOP Axis, Position Name : Mark 2,  X = 713, Y = 39322(MainWindow.xaml.cs:159)|
2021-01-16 11:21:11.5699|Info|Moving Bot Axis, Position Name : ReadCode 1,  X = 29723, Y = 72432(MainWindow.xaml.cs:264)|
2021-01-16 11:24:53.5582|Info|Moving TOP Axis, Position Name : Mark 1,  X = 14945, Y = 22571(MainWindow.xaml.cs:159)|
2021-01-16 11:24:54.7638|Info|Moving TOP Axis, Position Name : Mark 2,  X = 713, Y = 39322(MainWindow.xaml.cs:159)|
2021-01-16 11:24:55.8234|Info|Moving Bot Axis, Position Name : ReadCode 1,  X = 29723, Y = 72432(MainWindow.xaml.cs:264)|
2021-01-16 11:25:43.2041|Info|Moving TOP Axis, Position Name : Mark 1,  X = 14945, Y = 22571(MainWindow.xaml.cs:159)|
2021-01-16 11:25:44.4489|Info|Moving TOP Axis, Position Name : Mark 2,  X = 713, Y = 39322(MainWindow.xaml.cs:159)|
2021-01-16 11:25:45.4963|Info|Moving Bot Axis, Position Name : ReadCode 1,  X = 29723, Y = 72432(MainWindow.xaml.cs:264)|
2021-01-16 11:26:54.0987|Info|Moving TOP Axis, Position Name : Mark 1,  X = 14945, Y = 22571(MainWindow.xaml.cs:159)|
2021-01-16 11:26:55.3522|Info|Moving TOP Axis, Position Name : Mark 2,  X = 713, Y = 39322(MainWindow.xaml.cs:159)|
2021-01-16 11:26:56.4036|Info|Moving Bot Axis, Position Name : ReadCode 1,  X = 29723, Y = 72432(MainWindow.xaml.cs:264)|
2021-01-16 11:27:02.1188|Error|The operation has timed out.(MyScaner.cs:87)|
2021-01-16 11:27:35.0638|Info|Moving TOP Axis, Position Name : Mark 1,  X = 14945, Y = 22571(MainWindow.xaml.cs:159)|
2021-01-16 11:27:36.3320|Info|Moving TOP Axis, Position Name : Mark 2,  X = 713, Y = 39322(MainWindow.xaml.cs:159)|
2021-01-16 11:27:37.4304|Info|Moving Bot Axis, Position Name : ReadCode 1,  X = 29723, Y = 72432(MainWindow.xaml.cs:264)|
2021-01-16 11:28:00.1607|Error|The operation has timed out.(MyScaner.cs:87)|
2021-01-16 11:29:04.9377|Info|Moving TOP Axis, Position Name : Mark 1,  X = 14945, Y = 22571(MainWindow.xaml.cs:159)|
2021-01-16 11:29:06.1369|Info|Moving TOP Axis, Position Name : Mark 2,  X = 713, Y = 39322(MainWindow.xaml.cs:159)|
2021-01-16 11:29:07.1985|Info|Moving Bot Axis, Position Name : ReadCode 1,  X = 29723, Y = 72432(MainWindow.xaml.cs:264)|
2021-01-16 11:32:19.9406|Info|Moving TOP Axis, Position Name : Mark 1,  X = 14945, Y = 22571(MainWindow.xaml.cs:159)|
2021-01-16 11:32:21.2013|Info|Moving TOP Axis, Position Name : Mark 2,  X = 713, Y = 39322(MainWindow.xaml.cs:159)|
2021-01-16 11:32:22.3350|Info|Moving Bot Axis, Position Name : ReadCode 1,  X = 29723, Y = 72432(MainWindow.xaml.cs:264)|
2021-01-16 11:33:04.5779|Info|Moving TOP Axis, Position Name : Mark 1,  X = 14945, Y = 22571(MainWindow.xaml.cs:159)|
2021-01-16 11:33:05.8139|Info|Moving TOP Axis, Position Name : Mark 2,  X = 713, Y = 39322(MainWindow.xaml.cs:159)|
2021-01-16 11:33:06.8699|Info|Moving Bot Axis, Position Name : ReadCode 1,  X = 29723, Y = 72432(MainWindow.xaml.cs:264)|
2021-01-16 11:33:17.4119|Info|Moving TOP Axis, Position Name : FOV 1,  X = 9194, Y = 38302(MainWindow.xaml.cs:318)|
2021-01-16 11:33:18.6098|Info|Moving TOP Axis, Position Name : FOV 2,  X = 10719, Y = 38318(MainWindow.xaml.cs:318)|
2021-01-16 11:33:19.5317|Info|Moving TOP Axis, Position Name : FOV 3,  X = 2102, Y = 35926(MainWindow.xaml.cs:318)|
2021-01-16 11:33:20.5731|Info|Moving TOP Axis, Position Name : FOV 4,  X = 7798, Y = 33018(MainWindow.xaml.cs:318)|
2021-01-16 11:33:21.5870|Info|Moving TOP Axis, Position Name : FOV 5,  X = 10803, Y = 33465(MainWindow.xaml.cs:318)|
2021-01-16 11:33:22.4971|Info|Moving TOP Axis, Position Name : FOV 6,  X = 13727, Y = 33248(MainWindow.xaml.cs:318)|
2021-01-16 11:33:23.4233|Info|Moving TOP Axis, Position Name : FOV 7,  X = 11036, Y = 30571(MainWindow.xaml.cs:318)|
2021-01-16 11:33:24.3636|Info|Moving TOP Axis, Position Name : FOV 8,  X = 8099, Y = 31186(MainWindow.xaml.cs:318)|
2021-01-16 11:37:24.8523|Info|Moving TOP Axis, Position Name : Mark 1,  X = 14945, Y = 22571(MainWindow.xaml.cs:159)|
2021-01-16 11:37:26.3232|Info|Moving TOP Axis, Position Name : Mark 2,  X = 713, Y = 39322(MainWindow.xaml.cs:159)|
2021-01-16 11:37:27.4384|Info|Moving Bot Axis, Position Name : ReadCode 1,  X = 29723, Y = 72432(MainWindow.xaml.cs:264)|
2021-01-16 11:37:30.0359|Info|Moving TOP Axis, Position Name : FOV 1,  X = 9194, Y = 38302(MainWindow.xaml.cs:319)|
2021-01-16 11:37:31.2535|Info|Moving TOP Axis, Position Name : FOV 2,  X = 10719, Y = 38318(MainWindow.xaml.cs:319)|
2021-01-16 11:37:32.1039|Info|Moving TOP Axis, Position Name : FOV 3,  X = 2102, Y = 35926(MainWindow.xaml.cs:319)|
2021-01-16 11:37:33.1149|Info|Moving TOP Axis, Position Name : FOV 4,  X = 7798, Y = 33018(MainWindow.xaml.cs:319)|
2021-01-16 11:37:34.1034|Info|Moving TOP Axis, Position Name : FOV 5,  X = 10803, Y = 33465(MainWindow.xaml.cs:319)|
2021-01-16 11:37:35.0396|Info|Moving TOP Axis, Position Name : FOV 6,  X = 13727, Y = 33248(MainWindow.xaml.cs:319)|
2021-01-16 11:37:35.9694|Info|Moving TOP Axis, Position Name : FOV 7,  X = 11036, Y = 30571(MainWindow.xaml.cs:319)|
2021-01-16 11:37:36.8648|Info|Moving TOP Axis, Position Name : FOV 8,  X = 8099, Y = 31186(MainWindow.xaml.cs:319)|
2021-01-16 11:37:37.8293|Info|Moving TOP Axis, Position Name : FOV 9,  X = 1821, Y = 31147(MainWindow.xaml.cs:319)|
2021-01-16 11:37:38.8110|Info|Moving TOP Axis, Position Name : FOV 10,  X = 3562, Y = 27052(MainWindow.xaml.cs:319)|
2021-01-16 11:37:39.7183|Info|Moving TOP Axis, Position Name : FOV 11,  X = 7333, Y = 26592(MainWindow.xaml.cs:319)|
2021-01-16 11:37:40.7224|Info|Moving TOP Axis, Position Name : FOV 12,  X = 14024, Y = 29587(MainWindow.xaml.cs:319)|
2021-01-16 11:37:41.6958|Info|Moving TOP Axis, Position Name : FOV 13,  X = 14402, Y = 26527(MainWindow.xaml.cs:319)|
2021-01-16 11:37:42.6441|Info|Moving TOP Axis, Position Name : FOV 14,  X = 12880, Y = 23983(MainWindow.xaml.cs:319)|
2021-01-16 11:37:43.5946|Info|Moving TOP Axis, Position Name : FOV 15,  X = 9520, Y = 23814(MainWindow.xaml.cs:319)|
2021-01-16 11:37:44.5353|Info|Moving TOP Axis, Position Name : FOV 16,  X = 1650, Y = 23863(MainWindow.xaml.cs:319)|
2021-01-16 11:37:48.1442|Info|show error(MainWindow.xaml.cs:423)|
2021-01-16 11:38:55.5465|Info|Moving TOP Axis, Position Name : Mark 1,  X = 14945, Y = 22571(MainWindow.xaml.cs:159)|
2021-01-16 11:38:56.5209|Info|Moving TOP Axis, Position Name : Mark 2,  X = 713, Y = 39322(MainWindow.xaml.cs:159)|
2021-01-16 11:38:57.6008|Info|Moving Bot Axis, Position Name : ReadCode 1,  X = 29723, Y = 72432(MainWindow.xaml.cs:264)|
2021-01-16 11:38:58.2808|Info|Moving TOP Axis, Position Name : FOV 1,  X = 9194, Y = 38302(MainWindow.xaml.cs:319)|
2021-01-16 11:38:59.4583|Info|Moving TOP Axis, Position Name : FOV 2,  X = 10719, Y = 38318(MainWindow.xaml.cs:319)|
2021-01-16 11:39:00.2982|Info|Moving TOP Axis, Position Name : FOV 3,  X = 2102, Y = 35926(MainWindow.xaml.cs:319)|
2021-01-16 11:39:01.3607|Info|Moving TOP Axis, Position Name : FOV 4,  X = 7798, Y = 33018(MainWindow.xaml.cs:319)|
2021-01-16 11:39:02.3360|Info|Moving TOP Axis, Position Name : FOV 5,  X = 10803, Y = 33465(MainWindow.xaml.cs:319)|
2021-01-16 11:39:03.2256|Info|Moving TOP Axis, Position Name : FOV 6,  X = 13727, Y = 33248(MainWindow.xaml.cs:319)|
2021-01-16 11:39:04.1479|Info|Moving TOP Axis, Position Name : FOV 7,  X = 11036, Y = 30571(MainWindow.xaml.cs:319)|
2021-01-16 11:39:05.0621|Info|Moving TOP Axis, Position Name : FOV 8,  X = 8099, Y = 31186(MainWindow.xaml.cs:319)|
2021-01-16 11:39:05.9785|Info|Moving TOP Axis, Position Name : FOV 9,  X = 1821, Y = 31147(MainWindow.xaml.cs:319)|
2021-01-16 11:39:06.9244|Info|Moving TOP Axis, Position Name : FOV 10,  X = 3562, Y = 27052(MainWindow.xaml.cs:319)|
2021-01-16 11:39:07.8411|Info|Moving TOP Axis, Position Name : FOV 11,  X = 7333, Y = 26592(MainWindow.xaml.cs:319)|
2021-01-16 11:39:08.7991|Info|Moving TOP Axis, Position Name : FOV 12,  X = 14024, Y = 29587(MainWindow.xaml.cs:319)|
2021-01-16 11:39:09.7906|Info|Moving TOP Axis, Position Name : FOV 13,  X = 14402, Y = 26527(MainWindow.xaml.cs:319)|
2021-01-16 11:39:10.7368|Info|Moving TOP Axis, Position Name : FOV 14,  X = 12880, Y = 23983(MainWindow.xaml.cs:319)|
2021-01-16 11:39:11.6249|Info|Moving TOP Axis, Position Name : FOV 15,  X = 9520, Y = 23814(MainWindow.xaml.cs:319)|
2021-01-16 11:39:12.5682|Info|Moving TOP Axis, Position Name : FOV 16,  X = 1650, Y = 23863(MainWindow.xaml.cs:319)|
2021-01-16 11:39:16.1543|Info|show error(MainWindow.xaml.cs:423)|
2021-01-16 14:03:28.6090|Info|Current Pulse conveyor 0 => 1557176(HardwareWindow.xaml.cs:750)|
2021-01-16 14:06:33.5067|Info|Current Pulse conveyor 1557176 => 1557176(HardwareWindow.xaml.cs:755)|
2021-01-16 14:11:05.4096|Info|Current Pulse conveyor 1557176 => 1557176(HardwareWindow.xaml.cs:755)|
2021-01-16 14:15:56.0842|Info|Moving TOP Axis, Position Name : Mark 1,  X = 14909, Y = 22561(AutoAdjustFOVWindow.xaml.cs:169)|
2021-01-16 14:15:56.9635|Info|Moving TOP Axis, Position Name : Mark 2,  X = 677, Y = 39312(AutoAdjustFOVWindow.xaml.cs:169)|
2021-01-16 14:15:58.1843|Info|Moving TOP Axis, Position Name : FOV 1,  X = 9158, Y = 38292(AutoAdjustFOVWindow.xaml.cs:251)|
2021-01-16 14:16:00.4766|Info|Moving TOP Axis, Position Name : FOV 2,  X = 10683, Y = 38308(AutoAdjustFOVWindow.xaml.cs:251)|
2021-01-16 14:16:02.3832|Info|Moving TOP Axis, Position Name : FOV 3,  X = 2066, Y = 35916(AutoAdjustFOVWindow.xaml.cs:251)|
2021-01-16 14:16:04.2120|Info|Moving TOP Axis, Position Name : FOV 4,  X = 7762, Y = 33008(AutoAdjustFOVWindow.xaml.cs:251)|
2021-01-16 14:16:06.2527|Info|Moving TOP Axis, Position Name : FOV 5,  X = 10767, Y = 33455(AutoAdjustFOVWindow.xaml.cs:251)|
2021-01-16 14:16:08.3820|Info|Moving TOP Axis, Position Name : FOV 6,  X = 13691, Y = 33238(AutoAdjustFOVWindow.xaml.cs:251)|
2021-01-16 14:16:10.3418|Info|Moving TOP Axis, Position Name : FOV 7,  X = 11000, Y = 30561(AutoAdjustFOVWindow.xaml.cs:251)|
2021-01-16 14:16:12.5061|Info|Moving TOP Axis, Position Name : FOV 8,  X = 8063, Y = 31176(AutoAdjustFOVWindow.xaml.cs:251)|
2021-01-16 14:16:14.4669|Info|Moving TOP Axis, Position Name : FOV 9,  X = 1785, Y = 31137(AutoAdjustFOVWindow.xaml.cs:251)|
2021-01-16 14:16:16.4317|Info|Moving TOP Axis, Position Name : FOV 10,  X = 3526, Y = 27042(AutoAdjustFOVWindow.xaml.cs:251)|
2021-01-16 14:16:18.4251|Info|Moving TOP Axis, Position Name : FOV 11,  X = 7297, Y = 26582(AutoAdjustFOVWindow.xaml.cs:251)|
2021-01-16 14:16:20.4334|Info|Moving TOP Axis, Position Name : FOV 12,  X = 13988, Y = 29577(AutoAdjustFOVWindow.xaml.cs:251)|
2021-01-16 14:16:22.5674|Info|Moving TOP Axis, Position Name : FOV 13,  X = 14366, Y = 26517(AutoAdjustFOVWindow.xaml.cs:251)|
2021-01-16 14:16:24.6225|Info|Moving TOP Axis, Position Name : FOV 14,  X = 12844, Y = 23973(AutoAdjustFOVWindow.xaml.cs:251)|
2021-01-16 14:16:26.8413|Info|Moving TOP Axis, Position Name : FOV 15,  X = 9484, Y = 23804(AutoAdjustFOVWindow.xaml.cs:251)|
2021-01-16 14:16:28.7941|Info|Moving TOP Axis, Position Name : FOV 16,  X = 1614, Y = 23853(AutoAdjustFOVWindow.xaml.cs:251)|
2021-01-16 14:19:37.4318|Info|Moving TOP Axis, Position Name : Mark 1,  X = 14909, Y = 22561(MainWindow.xaml.cs:159)|
2021-01-16 14:19:38.9187|Info|Moving TOP Axis, Position Name : Mark 2,  X = 677, Y = 39312(MainWindow.xaml.cs:159)|
2021-01-16 14:19:39.9652|Info|Moving Bot Axis, Position Name : ReadCode 1,  X = 30404, Y = 72883(MainWindow.xaml.cs:264)|
2021-01-16 14:19:42.5654|Info|Moving TOP Axis, Position Name : FOV 1,  X = 9158, Y = 38292(MainWindow.xaml.cs:319)|
2021-01-16 14:19:43.7556|Info|Moving TOP Axis, Position Name : FOV 2,  X = 10683, Y = 38308(MainWindow.xaml.cs:319)|
2021-01-16 14:19:44.6459|Info|Moving TOP Axis, Position Name : FOV 3,  X = 2066, Y = 35916(MainWindow.xaml.cs:319)|
2021-01-16 14:19:45.7604|Info|Moving TOP Axis, Position Name : FOV 4,  X = 7762, Y = 33008(MainWindow.xaml.cs:319)|
2021-01-16 14:19:46.7351|Info|Moving TOP Axis, Position Name : FOV 5,  X = 10767, Y = 33455(MainWindow.xaml.cs:319)|
2021-01-16 14:19:47.6365|Info|Moving TOP Axis, Position Name : FOV 6,  X = 13691, Y = 33238(MainWindow.xaml.cs:319)|
2021-01-16 14:19:48.5224|Info|Moving TOP Axis, Position Name : FOV 7,  X = 11000, Y = 30561(MainWindow.xaml.cs:319)|
2021-01-16 14:19:49.4491|Info|Moving TOP Axis, Position Name : FOV 8,  X = 8063, Y = 31176(MainWindow.xaml.cs:319)|
2021-01-16 14:19:50.3859|Info|Moving TOP Axis, Position Name : FOV 9,  X = 1785, Y = 31137(MainWindow.xaml.cs:319)|
2021-01-16 14:19:51.3999|Info|Moving TOP Axis, Position Name : FOV 10,  X = 3526, Y = 27042(MainWindow.xaml.cs:319)|
2021-01-16 14:19:52.3023|Info|Moving TOP Axis, Position Name : FOV 11,  X = 7297, Y = 26582(MainWindow.xaml.cs:319)|
2021-01-16 14:19:53.2260|Info|Moving TOP Axis, Position Name : FOV 12,  X = 13988, Y = 29577(MainWindow.xaml.cs:319)|
2021-01-16 14:19:54.1959|Info|Moving TOP Axis, Position Name : FOV 13,  X = 14366, Y = 26517(MainWindow.xaml.cs:319)|
2021-01-16 14:19:55.1036|Info|Moving TOP Axis, Position Name : FOV 14,  X = 12844, Y = 23973(MainWindow.xaml.cs:319)|
2021-01-16 14:19:56.0210|Info|Moving TOP Axis, Position Name : FOV 15,  X = 9484, Y = 23804(MainWindow.xaml.cs:319)|
2021-01-16 14:19:56.9280|Info|Moving TOP Axis, Position Name : FOV 16,  X = 1614, Y = 23853(MainWindow.xaml.cs:319)|
2021-01-16 14:20:00.4912|Info|show error(MainWindow.xaml.cs:423)|
2021-01-16 14:28:27.0669|Info|Moving TOP Axis, Position Name : Mark 1,  X = 14909, Y = 22561(MainWindow.xaml.cs:159)|
2021-01-16 14:28:28.1403|Info|Moving TOP Axis, Position Name : Mark 2,  X = 677, Y = 39312(MainWindow.xaml.cs:159)|
2021-01-16 14:28:29.1934|Info|Moving Bot Axis, Position Name : ReadCode 1,  X = 30404, Y = 72883(MainWindow.xaml.cs:264)|
2021-01-16 14:28:29.8338|Info|Moving TOP Axis, Position Name : FOV 1,  X = 9158, Y = 38292(MainWindow.xaml.cs:319)|
2021-01-16 14:28:31.0095|Info|Moving TOP Axis, Position Name : FOV 2,  X = 10683, Y = 38308(MainWindow.xaml.cs:319)|
2021-01-16 14:28:31.8738|Info|Moving TOP Axis, Position Name : FOV 3,  X = 2066, Y = 35916(MainWindow.xaml.cs:319)|
2021-01-16 14:28:32.9451|Info|Moving TOP Axis, Position Name : FOV 4,  X = 7762, Y = 33008(MainWindow.xaml.cs:319)|
2021-01-16 14:28:33.9433|Info|Moving TOP Axis, Position Name : FOV 5,  X = 10767, Y = 33455(MainWindow.xaml.cs:319)|
2021-01-16 14:28:34.8958|Info|Moving TOP Axis, Position Name : FOV 6,  X = 13691, Y = 33238(MainWindow.xaml.cs:319)|
2021-01-16 14:28:35.8223|Info|Moving TOP Axis, Position Name : FOV 7,  X = 11000, Y = 30561(MainWindow.xaml.cs:319)|
2021-01-16 14:28:36.7497|Info|Moving TOP Axis, Position Name : FOV 8,  X = 8063, Y = 31176(MainWindow.xaml.cs:319)|
2021-01-16 14:28:37.6659|Info|Moving TOP Axis, Position Name : FOV 9,  X = 1785, Y = 31137(MainWindow.xaml.cs:319)|
2021-01-16 14:28:38.6550|Info|Moving TOP Axis, Position Name : FOV 10,  X = 3526, Y = 27042(MainWindow.xaml.cs:319)|
2021-01-16 14:28:39.5891|Info|Moving TOP Axis, Position Name : FOV 11,  X = 7297, Y = 26582(MainWindow.xaml.cs:319)|
2021-01-16 14:28:40.5314|Info|Moving TOP Axis, Position Name : FOV 12,  X = 13988, Y = 29577(MainWindow.xaml.cs:319)|
2021-01-16 14:28:41.5264|Info|Moving TOP Axis, Position Name : FOV 13,  X = 14366, Y = 26517(MainWindow.xaml.cs:319)|
2021-01-16 14:28:42.5015|Info|Moving TOP Axis, Position Name : FOV 14,  X = 12844, Y = 23973(MainWindow.xaml.cs:319)|
2021-01-16 14:28:43.4336|Info|Moving TOP Axis, Position Name : FOV 15,  X = 9484, Y = 23804(MainWindow.xaml.cs:319)|
2021-01-16 14:28:44.3798|Info|Moving TOP Axis, Position Name : FOV 16,  X = 1614, Y = 23853(MainWindow.xaml.cs:319)|
2021-01-16 14:28:48.0273|Info|show error(MainWindow.xaml.cs:423)|
2021-01-16 14:30:53.2476|Info|Current Pulse conveyor 1557176 => 1557176(HardwareWindow.xaml.cs:755)|
2021-01-16 14:36:33.4687|Error|The operation has timed out.(MyScaner.cs:94)|
2021-01-16 14:36:38.8065|Error|The operation has timed out.(MyScaner.cs:94)|
2021-01-16 14:36:44.0804|Error|The operation has timed out.(MyScaner.cs:94)|
2021-01-16 14:36:49.3532|Error|The operation has timed out.(MyScaner.cs:94)|
2021-01-16 14:36:54.6243|Error|The operation has timed out.(MyScaner.cs:94)|
2021-01-16 14:36:59.8976|Error|The operation has timed out.(MyScaner.cs:94)|
2021-01-16 14:37:05.1693|Error|The operation has timed out.(MyScaner.cs:94)|
2021-01-16 14:37:10.4467|Error|The operation has timed out.(MyScaner.cs:94)|
2021-01-16 14:39:36.8773|Error|The operation has timed out.(MyScaner.cs:94)|
2021-01-16 14:39:44.8355|Error|The operation has timed out.(MyScaner.cs:94)|
2021-01-16 14:58:37.2258|Error|Access to the port 'COM6' is denied.(MyScaner.cs:46)|
2021-01-16 14:58:48.9943|Info|Current Pulse conveyor 0 => 1557176(HardwareWindow.xaml.cs:755)|
2021-01-16 15:00:14.2396|Error|The operation has timed out.(MyScaner.cs:94)|
2021-01-16 15:05:35.5039|Error|The operation has timed out.(MyScaner.cs:94)|
2021-01-16 15:05:52.9277|Error|The operation has timed out.(MyScaner.cs:94)|
2021-01-16 15:06:43.0542|Info|Current Pulse conveyor 1557176 => 1557176(HardwareWindow.xaml.cs:755)|
2021-01-16 15:07:11.0608|Info|Moving TOP Axis, Position Name : Mark 1,  X = 14922, Y = 22567(AutoAdjustFOVWindow.xaml.cs:169)|
2021-01-16 15:07:11.9418|Info|Moving TOP Axis, Position Name : Mark 2,  X = 690, Y = 39318(AutoAdjustFOVWindow.xaml.cs:169)|
2021-01-16 15:07:13.1583|Info|Moving TOP Axis, Position Name : FOV 1,  X = 9171, Y = 38298(AutoAdjustFOVWindow.xaml.cs:251)|
2021-01-16 15:07:15.4162|Info|Moving TOP Axis, Position Name : FOV 2,  X = 10696, Y = 38314(AutoAdjustFOVWindow.xaml.cs:251)|
2021-01-16 15:07:17.3695|Info|Moving TOP Axis, Position Name : FOV 3,  X = 2079, Y = 35922(AutoAdjustFOVWindow.xaml.cs:251)|
2021-01-16 15:07:19.2584|Info|Moving TOP Axis, Position Name : FOV 4,  X = 7775, Y = 33014(AutoAdjustFOVWindow.xaml.cs:251)|
2021-01-16 15:07:21.2962|Info|Moving TOP Axis, Position Name : FOV 5,  X = 10780, Y = 33461(AutoAdjustFOVWindow.xaml.cs:251)|
2021-01-16 15:07:23.4344|Info|Moving TOP Axis, Position Name : FOV 6,  X = 13704, Y = 33244(AutoAdjustFOVWindow.xaml.cs:251)|
2021-01-16 15:07:25.3731|Info|Moving TOP Axis, Position Name : FOV 7,  X = 11013, Y = 30567(AutoAdjustFOVWindow.xaml.cs:251)|
2021-01-16 15:07:27.5215|Info|Moving TOP Axis, Position Name : FOV 8,  X = 8076, Y = 31182(AutoAdjustFOVWindow.xaml.cs:251)|
2021-01-16 15:07:29.4980|Info|Moving TOP Axis, Position Name : FOV 9,  X = 1798, Y = 31143(AutoAdjustFOVWindow.xaml.cs:251)|
2021-01-16 15:07:31.4485|Info|Moving TOP Axis, Position Name : FOV 10,  X = 3539, Y = 27048(AutoAdjustFOVWindow.xaml.cs:251)|
2021-01-16 15:07:33.4221|Info|Moving TOP Axis, Position Name : FOV 11,  X = 7310, Y = 26588(AutoAdjustFOVWindow.xaml.cs:251)|
2021-01-16 15:07:35.4202|Info|Moving TOP Axis, Position Name : FOV 12,  X = 14001, Y = 29583(AutoAdjustFOVWindow.xaml.cs:251)|
2021-01-16 15:07:37.5323|Info|Moving TOP Axis, Position Name : FOV 13,  X = 14379, Y = 26523(AutoAdjustFOVWindow.xaml.cs:251)|
2021-01-16 15:07:39.6121|Info|Moving TOP Axis, Position Name : FOV 14,  X = 12857, Y = 23979(AutoAdjustFOVWindow.xaml.cs:251)|
2021-01-16 15:07:41.8089|Info|Moving TOP Axis, Position Name : FOV 15,  X = 9497, Y = 23810(AutoAdjustFOVWindow.xaml.cs:251)|
2021-01-16 15:07:43.7524|Info|Moving TOP Axis, Position Name : FOV 16,  X = 1627, Y = 23859(AutoAdjustFOVWindow.xaml.cs:251)|
2021-01-16 15:07:49.2254|Info|Moving TOP Axis, Position Name : FOV 1,  X = 9171, Y = 38298(AutoAdjustFOVWindow.xaml.cs:251)|
2021-01-16 15:07:51.4045|Info|Moving TOP Axis, Position Name : FOV 2,  X = 10696, Y = 38314(AutoAdjustFOVWindow.xaml.cs:251)|
2021-01-16 15:07:53.3562|Info|Moving TOP Axis, Position Name : FOV 3,  X = 2079, Y = 35922(AutoAdjustFOVWindow.xaml.cs:251)|
2021-01-16 15:07:55.2131|Info|Moving TOP Axis, Position Name : FOV 4,  X = 7775, Y = 33014(AutoAdjustFOVWindow.xaml.cs:251)|
2021-01-16 15:07:57.2188|Info|Moving TOP Axis, Position Name : FOV 5,  X = 10780, Y = 33461(AutoAdjustFOVWindow.xaml.cs:251)|
2021-01-16 15:07:59.3623|Info|Moving TOP Axis, Position Name : FOV 6,  X = 13704, Y = 33244(AutoAdjustFOVWindow.xaml.cs:251)|
2021-01-16 15:08:01.3078|Info|Moving TOP Axis, Position Name : FOV 7,  X = 11013, Y = 30567(AutoAdjustFOVWindow.xaml.cs:251)|
2021-01-16 15:08:03.4476|Info|Moving TOP Axis, Position Name : FOV 8,  X = 8076, Y = 31182(AutoAdjustFOVWindow.xaml.cs:251)|
2021-01-16 15:08:05.4144|Info|Moving TOP Axis, Position Name : FOV 9,  X = 1798, Y = 31143(AutoAdjustFOVWindow.xaml.cs:251)|
2021-01-16 15:08:07.3442|Info|Moving TOP Axis, Position Name : FOV 10,  X = 3539, Y = 27048(AutoAdjustFOVWindow.xaml.cs:251)|
2021-01-16 15:08:09.3219|Info|Moving TOP Axis, Position Name : FOV 11,  X = 7310, Y = 26588(AutoAdjustFOVWindow.xaml.cs:251)|
2021-01-16 15:08:11.3485|Info|Moving TOP Axis, Position Name : FOV 12,  X = 14001, Y = 29583(AutoAdjustFOVWindow.xaml.cs:251)|
2021-01-16 15:08:13.4858|Info|Moving TOP Axis, Position Name : FOV 13,  X = 14379, Y = 26523(AutoAdjustFOVWindow.xaml.cs:251)|
2021-01-16 15:08:15.5403|Info|Moving TOP Axis, Position Name : FOV 14,  X = 12857, Y = 23979(AutoAdjustFOVWindow.xaml.cs:251)|
2021-01-16 15:08:17.7773|Info|Moving TOP Axis, Position Name : FOV 15,  X = 9497, Y = 23810(AutoAdjustFOVWindow.xaml.cs:251)|
2021-01-16 15:08:19.7301|Info|Moving TOP Axis, Position Name : FOV 16,  X = 1627, Y = 23859(AutoAdjustFOVWindow.xaml.cs:251)|
2021-01-16 15:08:36.2390|Info|Moving TOP Axis, Position Name : Mark 1,  X = 14922, Y = 22567(AutoAdjustFOVWindow.xaml.cs:169)|
2021-01-16 15:08:37.4348|Info|Moving TOP Axis, Position Name : Mark 2,  X = 690, Y = 39318(AutoAdjustFOVWindow.xaml.cs:169)|
2021-01-16 15:08:38.6645|Info|Moving TOP Axis, Position Name : FOV 1,  X = 9171, Y = 38298(AutoAdjustFOVWindow.xaml.cs:251)|
2021-01-16 15:08:40.9604|Info|Moving TOP Axis, Position Name : FOV 2,  X = 10696, Y = 38314(AutoAdjustFOVWindow.xaml.cs:251)|
2021-01-16 15:08:42.8892|Info|Moving TOP Axis, Position Name : FOV 3,  X = 2079, Y = 35922(AutoAdjustFOVWindow.xaml.cs:251)|
2021-01-16 15:08:44.7442|Info|Moving TOP Axis, Position Name : FOV 4,  X = 7775, Y = 33014(AutoAdjustFOVWindow.xaml.cs:251)|
2021-01-16 15:08:46.7549|Info|Moving TOP Axis, Position Name : FOV 5,  X = 10780, Y = 33461(AutoAdjustFOVWindow.xaml.cs:251)|
2021-01-16 15:08:48.8901|Info|Moving TOP Axis, Position Name : FOV 6,  X = 13704, Y = 33244(AutoAdjustFOVWindow.xaml.cs:251)|
2021-01-16 15:08:50.8260|Info|Moving TOP Axis, Position Name : FOV 7,  X = 11013, Y = 30567(AutoAdjustFOVWindow.xaml.cs:251)|
2021-01-16 15:08:52.9961|Info|Moving TOP Axis, Position Name : FOV 8,  X = 8076, Y = 31182(AutoAdjustFOVWindow.xaml.cs:251)|
2021-01-16 15:08:54.9480|Info|Moving TOP Axis, Position Name : FOV 9,  X = 1798, Y = 31143(AutoAdjustFOVWindow.xaml.cs:251)|
2021-01-16 15:08:56.8758|Info|Moving TOP Axis, Position Name : FOV 10,  X = 3539, Y = 27048(AutoAdjustFOVWindow.xaml.cs:251)|
2021-01-16 15:08:58.8505|Info|Moving TOP Axis, Position Name : FOV 11,  X = 7310, Y = 26588(AutoAdjustFOVWindow.xaml.cs:251)|
2021-01-16 15:09:00.8641|Info|Moving TOP Axis, Position Name : FOV 12,  X = 14001, Y = 29583(AutoAdjustFOVWindow.xaml.cs:251)|
2021-01-16 15:09:03.0074|Info|Moving TOP Axis, Position Name : FOV 13,  X = 14379, Y = 26523(AutoAdjustFOVWindow.xaml.cs:251)|
2021-01-16 15:09:05.0569|Info|Moving TOP Axis, Position Name : FOV 14,  X = 12857, Y = 23979(AutoAdjustFOVWindow.xaml.cs:251)|
2021-01-16 15:09:07.2830|Info|Moving TOP Axis, Position Name : FOV 15,  X = 9497, Y = 23810(AutoAdjustFOVWindow.xaml.cs:251)|
2021-01-16 15:09:09.2348|Info|Moving TOP Axis, Position Name : FOV 16,  X = 1627, Y = 23859(AutoAdjustFOVWindow.xaml.cs:251)|
2021-01-16 15:14:27.7356|Info|Moving TOP Axis, Position Name : Mark 1,  X = 14922, Y = 22567(MainWindow.xaml.cs:159)|
2021-01-16 15:14:29.1698|Info|Moving TOP Axis, Position Name : Mark 2,  X = 690, Y = 39318(MainWindow.xaml.cs:159)|
2021-01-16 15:14:30.2698|Info|Moving Bot Axis, Position Name : ReadCode 1,  X = 29090, Y = 73154(MainWindow.xaml.cs:264)|
2021-01-16 15:14:32.8260|Info|Moving TOP Axis, Position Name : FOV 1,  X = 9171, Y = 38298(MainWindow.xaml.cs:318)|
2021-01-16 15:14:34.0138|Info|Moving TOP Axis, Position Name : FOV 2,  X = 10696, Y = 38314(MainWindow.xaml.cs:318)|
2021-01-16 15:14:34.8526|Info|Moving TOP Axis, Position Name : FOV 3,  X = 2079, Y = 35922(MainWindow.xaml.cs:318)|
2021-01-16 15:14:35.8769|Info|Moving TOP Axis, Position Name : FOV 4,  X = 7775, Y = 33014(MainWindow.xaml.cs:318)|
2021-01-16 15:14:36.8273|Info|Moving TOP Axis, Position Name : FOV 5,  X = 10780, Y = 33461(MainWindow.xaml.cs:318)|
2021-01-16 15:14:37.7469|Info|Moving TOP Axis, Position Name : FOV 6,  X = 13704, Y = 33244(MainWindow.xaml.cs:318)|
2021-01-16 15:14:38.6674|Info|Moving TOP Axis, Position Name : FOV 7,  X = 11013, Y = 30567(MainWindow.xaml.cs:318)|
2021-01-16 15:14:39.5431|Info|Moving TOP Axis, Position Name : FOV 8,  X = 8076, Y = 31182(MainWindow.xaml.cs:318)|
2021-01-16 15:14:40.4586|Info|Moving TOP Axis, Position Name : FOV 9,  X = 1798, Y = 31143(MainWindow.xaml.cs:318)|
2021-01-16 15:14:41.4380|Info|Moving TOP Axis, Position Name : FOV 10,  X = 3539, Y = 27048(MainWindow.xaml.cs:318)|
2021-01-16 15:14:42.3815|Info|Moving TOP Axis, Position Name : FOV 11,  X = 7310, Y = 26588(MainWindow.xaml.cs:318)|
2021-01-16 15:14:43.3190|Info|Moving TOP Axis, Position Name : FOV 12,  X = 14001, Y = 29583(MainWindow.xaml.cs:318)|
2021-01-16 15:14:44.3153|Info|Moving TOP Axis, Position Name : FOV 13,  X = 14379, Y = 26523(MainWindow.xaml.cs:318)|
2021-01-16 15:14:45.2418|Info|Moving TOP Axis, Position Name : FOV 14,  X = 12857, Y = 23979(MainWindow.xaml.cs:318)|
2021-01-16 15:14:46.1644|Info|Moving TOP Axis, Position Name : FOV 15,  X = 9497, Y = 23810(MainWindow.xaml.cs:318)|
2021-01-16 15:14:47.0899|Info|Moving TOP Axis, Position Name : FOV 16,  X = 1627, Y = 23859(MainWindow.xaml.cs:318)|
2021-01-16 15:14:50.6604|Info|show error(MainWindow.xaml.cs:422)|
2021-01-16 15:15:37.4692|Info|Moving TOP Axis, Position Name : Mark 1,  X = 14922, Y = 22567(MainWindow.xaml.cs:159)|
2021-01-16 15:15:38.5085|Info|Moving TOP Axis, Position Name : Mark 2,  X = 690, Y = 39318(MainWindow.xaml.cs:159)|
2021-01-16 15:15:39.5477|Info|Moving Bot Axis, Position Name : ReadCode 1,  X = 29090, Y = 73154(MainWindow.xaml.cs:264)|
2021-01-16 15:15:40.2209|Info|Moving TOP Axis, Position Name : FOV 1,  X = 9171, Y = 38298(MainWindow.xaml.cs:318)|
2021-01-16 15:15:41.4127|Info|Moving TOP Axis, Position Name : FOV 2,  X = 10696, Y = 38314(MainWindow.xaml.cs:318)|
2021-01-16 15:15:42.2884|Info|Moving TOP Axis, Position Name : FOV 3,  X = 2079, Y = 35922(MainWindow.xaml.cs:318)|
2021-01-16 15:15:43.2907|Info|Moving TOP Axis, Position Name : FOV 4,  X = 7775, Y = 33014(MainWindow.xaml.cs:318)|
2021-01-16 15:15:44.2362|Info|Moving TOP Axis, Position Name : FOV 5,  X = 10780, Y = 33461(MainWindow.xaml.cs:318)|
2021-01-16 15:15:45.1497|Info|Moving TOP Axis, Position Name : FOV 6,  X = 13704, Y = 33244(MainWindow.xaml.cs:318)|
2021-01-16 15:15:46.0862|Info|Moving TOP Axis, Position Name : FOV 7,  X = 11013, Y = 30567(MainWindow.xaml.cs:318)|
2021-01-16 15:15:47.0037|Info|Moving TOP Axis, Position Name : FOV 8,  X = 8076, Y = 31182(MainWindow.xaml.cs:318)|
2021-01-16 15:15:47.9433|Info|Moving TOP Axis, Position Name : FOV 9,  X = 1798, Y = 31143(MainWindow.xaml.cs:318)|
2021-01-16 15:15:48.9034|Info|Moving TOP Axis, Position Name : FOV 10,  X = 3539, Y = 27048(MainWindow.xaml.cs:318)|
2021-01-16 15:15:49.8224|Info|Moving TOP Axis, Position Name : FOV 11,  X = 7310, Y = 26588(MainWindow.xaml.cs:318)|
2021-01-16 15:15:50.7533|Info|Moving TOP Axis, Position Name : FOV 12,  X = 14001, Y = 29583(MainWindow.xaml.cs:318)|
2021-01-16 15:15:51.7676|Info|Moving TOP Axis, Position Name : FOV 13,  X = 14379, Y = 26523(MainWindow.xaml.cs:318)|
2021-01-16 15:15:52.7250|Info|Moving TOP Axis, Position Name : FOV 14,  X = 12857, Y = 23979(MainWindow.xaml.cs:318)|
2021-01-16 15:15:53.6551|Info|Moving TOP Axis, Position Name : FOV 15,  X = 9497, Y = 23810(MainWindow.xaml.cs:318)|
2021-01-16 15:15:54.6251|Info|Moving TOP Axis, Position Name : FOV 16,  X = 1627, Y = 23859(MainWindow.xaml.cs:318)|
2021-01-16 15:15:58.2385|Info|show error(MainWindow.xaml.cs:422)|
2021-01-16 15:18:58.0494|Info|Moving TOP Axis, Position Name : Mark 1,  X = 14922, Y = 22567(MainWindow.xaml.cs:159)|
2021-01-16 15:18:59.0904|Info|Moving TOP Axis, Position Name : Mark 2,  X = 690, Y = 39318(MainWindow.xaml.cs:159)|
2021-01-16 15:19:00.1709|Info|Moving Bot Axis, Position Name : ReadCode 1,  X = 29090, Y = 73154(MainWindow.xaml.cs:264)|
2021-01-16 15:19:05.8450|Error|The operation has timed out.(MyScaner.cs:95)|
2021-01-16 15:19:05.8639|Info|Moving TOP Axis, Position Name : FOV 1,  X = 9171, Y = 38298(MainWindow.xaml.cs:318)|
2021-01-16 15:19:07.0239|Info|Moving TOP Axis, Position Name : FOV 2,  X = 10696, Y = 38314(MainWindow.xaml.cs:318)|
2021-01-16 15:19:07.9199|Info|Moving TOP Axis, Position Name : FOV 3,  X = 2079, Y = 35922(MainWindow.xaml.cs:318)|
2021-01-16 15:19:09.0147|Info|Moving TOP Axis, Position Name : FOV 4,  X = 7775, Y = 33014(MainWindow.xaml.cs:318)|
2021-01-16 15:19:09.9772|Info|Moving TOP Axis, Position Name : FOV 5,  X = 10780, Y = 33461(MainWindow.xaml.cs:318)|
2021-01-16 15:19:10.8761|Info|Moving TOP Axis, Position Name : FOV 6,  X = 13704, Y = 33244(MainWindow.xaml.cs:318)|
2021-01-16 15:19:11.7784|Info|Moving TOP Axis, Position Name : FOV 7,  X = 11013, Y = 30567(MainWindow.xaml.cs:318)|
2021-01-16 15:19:12.6834|Info|Moving TOP Axis, Position Name : FOV 8,  X = 8076, Y = 31182(MainWindow.xaml.cs:318)|
2021-01-16 15:19:13.6282|Info|Moving TOP Axis, Position Name : FOV 9,  X = 1798, Y = 31143(MainWindow.xaml.cs:318)|
2021-01-16 15:19:14.5775|Info|Moving TOP Axis, Position Name : FOV 10,  X = 3539, Y = 27048(MainWindow.xaml.cs:318)|
2021-01-16 15:19:15.5201|Info|Moving TOP Axis, Position Name : FOV 11,  X = 7310, Y = 26588(MainWindow.xaml.cs:318)|
2021-01-16 15:19:16.4393|Info|Moving TOP Axis, Position Name : FOV 12,  X = 14001, Y = 29583(MainWindow.xaml.cs:318)|
2021-01-16 15:19:17.4146|Info|Moving TOP Axis, Position Name : FOV 13,  X = 14379, Y = 26523(MainWindow.xaml.cs:318)|
2021-01-16 15:19:18.3134|Info|Moving TOP Axis, Position Name : FOV 14,  X = 12857, Y = 23979(MainWindow.xaml.cs:318)|
2021-01-16 15:19:19.2173|Info|Moving TOP Axis, Position Name : FOV 15,  X = 9497, Y = 23810(MainWindow.xaml.cs:318)|
2021-01-16 15:19:20.1379|Info|Moving TOP Axis, Position Name : FOV 16,  X = 1627, Y = 23859(MainWindow.xaml.cs:318)|
2021-01-16 15:19:23.6988|Info|show error(MainWindow.xaml.cs:422)|
2021-01-16 15:25:54.4763|Info|Moving TOP Axis, Position Name : Mark 1,  X = 14922, Y = 22567(MainWindow.xaml.cs:160)|
2021-01-16 15:26:59.5053|Info|Moving TOP Axis, Position Name : Mark 1,  X = 14922, Y = 22567(MainWindow.xaml.cs:160)|
2021-01-16 15:27:01.0994|Info|Score matching is lower score standard... 61.12 < 70(MainWindow.xaml.cs:205)|
2021-01-16 15:27:01.0994|Info|Score matching is lower score standard... 61.12 < 70(MainWindow.xaml.cs:205)|
2021-01-16 15:27:49.5619|Info|Moving TOP Axis, Position Name : Mark 1,  X = 14922, Y = 22567(MainWindow.xaml.cs:160)|
2021-01-16 15:27:51.0357|Info|Moving TOP Axis, Position Name : Mark 2,  X = 690, Y = 39318(MainWindow.xaml.cs:160)|
2021-01-16 15:27:52.0813|Info|Moving Bot Axis, Position Name : ReadCode 1,  X = 29090, Y = 73154(MainWindow.xaml.cs:265)|
2021-01-16 15:27:55.2136|Info|Moving TOP Axis, Position Name : FOV 1,  X = 9171, Y = 38298(MainWindow.xaml.cs:319)|
2021-01-16 15:27:56.4394|Info|Moving TOP Axis, Position Name : FOV 2,  X = 10696, Y = 38314(MainWindow.xaml.cs:319)|
2021-01-16 15:27:57.3403|Info|Moving TOP Axis, Position Name : FOV 3,  X = 2079, Y = 35922(MainWindow.xaml.cs:319)|
2021-01-16 15:27:58.3555|Info|Moving TOP Axis, Position Name : FOV 4,  X = 7775, Y = 33014(MainWindow.xaml.cs:319)|
2021-01-16 15:27:59.3674|Info|Moving TOP Axis, Position Name : FOV 5,  X = 10780, Y = 33461(MainWindow.xaml.cs:319)|
2021-01-16 15:28:00.2956|Info|Moving TOP Axis, Position Name : FOV 6,  X = 13704, Y = 33244(MainWindow.xaml.cs:319)|
2021-01-16 15:28:01.1891|Info|Moving TOP Axis, Position Name : FOV 7,  X = 11013, Y = 30567(MainWindow.xaml.cs:319)|
2021-01-16 15:28:02.1134|Info|Moving TOP Axis, Position Name : FOV 8,  X = 8076, Y = 31182(MainWindow.xaml.cs:319)|
2021-01-16 15:28:03.0413|Info|Moving TOP Axis, Position Name : FOV 9,  X = 1798, Y = 31143(MainWindow.xaml.cs:319)|
2021-01-16 15:28:04.0220|Info|Moving TOP Axis, Position Name : FOV 10,  X = 3539, Y = 27048(MainWindow.xaml.cs:319)|
2021-01-16 15:28:04.9768|Info|Moving TOP Axis, Position Name : FOV 11,  X = 7310, Y = 26588(MainWindow.xaml.cs:319)|
2021-01-16 15:28:05.9137|Info|Moving TOP Axis, Position Name : FOV 12,  X = 14001, Y = 29583(MainWindow.xaml.cs:319)|
2021-01-16 15:28:06.9040|Info|Moving TOP Axis, Position Name : FOV 13,  X = 14379, Y = 26523(MainWindow.xaml.cs:319)|
2021-01-16 15:28:07.8335|Info|Moving TOP Axis, Position Name : FOV 14,  X = 12857, Y = 23979(MainWindow.xaml.cs:319)|
2021-01-16 15:28:08.7754|Info|Moving TOP Axis, Position Name : FOV 15,  X = 9497, Y = 23810(MainWindow.xaml.cs:319)|
2021-01-16 15:28:09.7244|Info|Moving TOP Axis, Position Name : FOV 16,  X = 1627, Y = 23859(MainWindow.xaml.cs:319)|
2021-01-16 15:28:13.3152|Info|show error(MainWindow.xaml.cs:423)|
2021-01-16 15:28:59.7393|Info|Moving TOP Axis, Position Name : Mark 1,  X = 14922, Y = 22567(MainWindow.xaml.cs:160)|
2021-01-16 15:29:00.7672|Info|Moving TOP Axis, Position Name : Mark 2,  X = 690, Y = 39318(MainWindow.xaml.cs:160)|
2021-01-16 15:29:01.8586|Info|Moving Bot Axis, Position Name : ReadCode 1,  X = 29090, Y = 73154(MainWindow.xaml.cs:265)|
2021-01-16 15:29:02.2883|Info|Moving TOP Axis, Position Name : FOV 1,  X = 9171, Y = 38298(MainWindow.xaml.cs:319)|
2021-01-16 15:29:03.5049|Info|Moving TOP Axis, Position Name : FOV 2,  X = 10696, Y = 38314(MainWindow.xaml.cs:319)|
2021-01-16 15:29:04.4314|Info|Moving TOP Axis, Position Name : FOV 3,  X = 2079, Y = 35922(MainWindow.xaml.cs:319)|
2021-01-16 15:29:05.4874|Info|Moving TOP Axis, Position Name : FOV 4,  X = 7775, Y = 33014(MainWindow.xaml.cs:319)|
2021-01-16 15:29:06.5382|Info|Moving TOP Axis, Position Name : FOV 5,  X = 10780, Y = 33461(MainWindow.xaml.cs:319)|
2021-01-16 15:29:07.4608|Info|Moving TOP Axis, Position Name : FOV 6,  X = 13704, Y = 33244(MainWindow.xaml.cs:319)|
2021-01-16 15:29:08.4006|Info|Moving TOP Axis, Position Name : FOV 7,  X = 11013, Y = 30567(MainWindow.xaml.cs:319)|
2021-01-16 15:29:09.3468|Info|Moving TOP Axis, Position Name : FOV 8,  X = 8076, Y = 31182(MainWindow.xaml.cs:319)|
2021-01-16 15:29:10.2729|Info|Moving TOP Axis, Position Name : FOV 9,  X = 1798, Y = 31143(MainWindow.xaml.cs:319)|
2021-01-16 15:29:11.2457|Info|Moving TOP Axis, Position Name : FOV 10,  X = 3539, Y = 27048(MainWindow.xaml.cs:319)|
2021-01-16 15:29:12.2101|Info|Moving TOP Axis, Position Name : FOV 11,  X = 7310, Y = 26588(MainWindow.xaml.cs:319)|
2021-01-16 15:29:13.1499|Info|Moving TOP Axis, Position Name : FOV 12,  X = 14001, Y = 29583(MainWindow.xaml.cs:319)|
2021-01-16 15:29:14.1359|Info|Moving TOP Axis, Position Name : FOV 13,  X = 14379, Y = 26523(MainWindow.xaml.cs:319)|
2021-01-16 15:29:15.1341|Info|Moving TOP Axis, Position Name : FOV 14,  X = 12857, Y = 23979(MainWindow.xaml.cs:319)|
2021-01-16 15:29:16.0829|Info|Moving TOP Axis, Position Name : FOV 15,  X = 9497, Y = 23810(MainWindow.xaml.cs:319)|
2021-01-16 15:29:17.0402|Info|Moving TOP Axis, Position Name : FOV 16,  X = 1627, Y = 23859(MainWindow.xaml.cs:319)|
2021-01-16 15:29:20.5215|Info|show error(MainWindow.xaml.cs:423)|
2021-01-16 15:30:50.0169|Info|Moving TOP Axis, Position Name : Mark 1,  X = 14922, Y = 22567(MainWindow.xaml.cs:160)|
2021-01-16 15:30:51.0797|Info|Moving TOP Axis, Position Name : Mark 2,  X = 690, Y = 39318(MainWindow.xaml.cs:160)|
2021-01-16 15:30:52.1861|Info|Moving Bot Axis, Position Name : ReadCode 1,  X = 29090, Y = 73154(MainWindow.xaml.cs:265)|
2021-01-16 15:30:52.6075|Info|Moving TOP Axis, Position Name : FOV 1,  X = 9171, Y = 38298(MainWindow.xaml.cs:319)|
2021-01-16 15:30:53.7966|Info|Moving TOP Axis, Position Name : FOV 2,  X = 10696, Y = 38314(MainWindow.xaml.cs:319)|
2021-01-16 15:30:54.7072|Info|Moving TOP Axis, Position Name : FOV 3,  X = 2079, Y = 35922(MainWindow.xaml.cs:319)|
2021-01-16 15:30:55.6854|Info|Moving TOP Axis, Position Name : FOV 4,  X = 7775, Y = 33014(MainWindow.xaml.cs:319)|
2021-01-16 15:30:56.6740|Info|Moving TOP Axis, Position Name : FOV 5,  X = 10780, Y = 33461(MainWindow.xaml.cs:319)|
2021-01-16 15:30:57.5955|Info|Moving TOP Axis, Position Name : FOV 6,  X = 13704, Y = 33244(MainWindow.xaml.cs:319)|
2021-01-16 15:30:58.5371|Info|Moving TOP Axis, Position Name : FOV 7,  X = 11013, Y = 30567(MainWindow.xaml.cs:319)|
2021-01-16 15:30:59.4496|Info|Moving TOP Axis, Position Name : FOV 8,  X = 8076, Y = 31182(MainWindow.xaml.cs:319)|
2021-01-16 15:31:00.3608|Info|Moving TOP Axis, Position Name : FOV 9,  X = 1798, Y = 31143(MainWindow.xaml.cs:319)|
2021-01-16 15:31:01.3246|Info|Moving TOP Axis, Position Name : FOV 10,  X = 3539, Y = 27048(MainWindow.xaml.cs:319)|
2021-01-16 15:31:02.2656|Info|Moving TOP Axis, Position Name : FOV 11,  X = 7310, Y = 26588(MainWindow.xaml.cs:319)|
2021-01-16 15:31:03.1927|Info|Moving TOP Axis, Position Name : FOV 12,  X = 14001, Y = 29583(MainWindow.xaml.cs:319)|
2021-01-16 15:31:04.1807|Info|Moving TOP Axis, Position Name : FOV 13,  X = 14379, Y = 26523(MainWindow.xaml.cs:319)|
2021-01-16 15:31:05.1161|Info|Moving TOP Axis, Position Name : FOV 14,  X = 12857, Y = 23979(MainWindow.xaml.cs:319)|
2021-01-16 15:31:06.0496|Info|Moving TOP Axis, Position Name : FOV 15,  X = 9497, Y = 23810(MainWindow.xaml.cs:319)|
2021-01-16 15:31:06.9582|Info|Moving TOP Axis, Position Name : FOV 16,  X = 1627, Y = 23859(MainWindow.xaml.cs:319)|
2021-01-16 15:31:10.5325|Info|show error(MainWindow.xaml.cs:423)|
2021-01-16 15:31:53.9202|Info|Moving TOP Axis, Position Name : Mark 1,  X = 14922, Y = 22567(MainWindow.xaml.cs:160)|
2021-01-16 15:31:54.9285|Info|Moving TOP Axis, Position Name : Mark 2,  X = 690, Y = 39318(MainWindow.xaml.cs:160)|
2021-01-16 15:31:56.0507|Info|Moving Bot Axis, Position Name : ReadCode 1,  X = 29090, Y = 73154(MainWindow.xaml.cs:265)|
2021-01-16 15:32:01.4768|Error|The operation has timed out.(MyScaner.cs:92)|
2021-01-16 15:32:01.4957|Info|Moving TOP Axis, Position Name : FOV 1,  X = 9171, Y = 38298(MainWindow.xaml.cs:319)|
2021-01-16 15:32:02.6847|Info|Moving TOP Axis, Position Name : FOV 2,  X = 10696, Y = 38314(MainWindow.xaml.cs:319)|
2021-01-16 15:32:03.5772|Info|Moving TOP Axis, Position Name : FOV 3,  X = 2079, Y = 35922(MainWindow.xaml.cs:319)|
2021-01-16 15:32:04.6065|Info|Moving TOP Axis, Position Name : FOV 4,  X = 7775, Y = 33014(MainWindow.xaml.cs:319)|
2021-01-16 15:32:05.5965|Info|Moving TOP Axis, Position Name : FOV 5,  X = 10780, Y = 33461(MainWindow.xaml.cs:319)|
2021-01-16 15:32:06.5632|Info|Moving TOP Axis, Position Name : FOV 6,  X = 13704, Y = 33244(MainWindow.xaml.cs:319)|
2021-01-16 15:32:07.4869|Info|Moving TOP Axis, Position Name : FOV 7,  X = 11013, Y = 30567(MainWindow.xaml.cs:319)|
2021-01-16 15:32:08.4147|Info|Moving TOP Axis, Position Name : FOV 8,  X = 8076, Y = 31182(MainWindow.xaml.cs:319)|
2021-01-16 15:32:09.3496|Info|Moving TOP Axis, Position Name : FOV 9,  X = 1798, Y = 31143(MainWindow.xaml.cs:319)|
2021-01-16 15:32:10.3817|Info|Moving TOP Axis, Position Name : FOV 10,  X = 3539, Y = 27048(MainWindow.xaml.cs:319)|
2021-01-16 15:32:11.3540|Info|Moving TOP Axis, Position Name : FOV 11,  X = 7310, Y = 26588(MainWindow.xaml.cs:319)|
2021-01-16 15:32:12.3285|Info|Moving TOP Axis, Position Name : FOV 12,  X = 14001, Y = 29583(MainWindow.xaml.cs:319)|
2021-01-16 15:32:13.2957|Info|Moving TOP Axis, Position Name : FOV 13,  X = 14379, Y = 26523(MainWindow.xaml.cs:319)|
2021-01-16 15:32:14.2061|Info|Moving TOP Axis, Position Name : FOV 14,  X = 12857, Y = 23979(MainWindow.xaml.cs:319)|
2021-01-16 15:32:15.1229|Info|Moving TOP Axis, Position Name : FOV 15,  X = 9497, Y = 23810(MainWindow.xaml.cs:319)|
2021-01-16 15:32:16.0407|Info|Moving TOP Axis, Position Name : FOV 16,  X = 1627, Y = 23859(MainWindow.xaml.cs:319)|
2021-01-16 15:32:19.5219|Info|show error(MainWindow.xaml.cs:423)|
2021-01-16 15:33:03.4247|Info|Moving TOP Axis, Position Name : Mark 1,  X = 14922, Y = 22567(MainWindow.xaml.cs:160)|
2021-01-16 15:33:04.4810|Info|Moving TOP Axis, Position Name : Mark 2,  X = 690, Y = 39318(MainWindow.xaml.cs:160)|
2021-01-16 15:33:05.5524|Info|Moving Bot Axis, Position Name : ReadCode 1,  X = 29090, Y = 73154(MainWindow.xaml.cs:265)|
2021-01-16 15:33:06.0078|Info|Moving TOP Axis, Position Name : FOV 1,  X = 9171, Y = 38298(MainWindow.xaml.cs:319)|
2021-01-16 15:33:07.1998|Info|Moving TOP Axis, Position Name : FOV 2,  X = 10696, Y = 38314(MainWindow.xaml.cs:319)|
2021-01-16 15:33:08.1043|Info|Moving TOP Axis, Position Name : FOV 3,  X = 2079, Y = 35922(MainWindow.xaml.cs:319)|
2021-01-16 15:33:09.1174|Info|Moving TOP Axis, Position Name : FOV 4,  X = 7775, Y = 33014(MainWindow.xaml.cs:319)|
2021-01-16 15:33:10.1370|Info|Moving TOP Axis, Position Name : FOV 5,  X = 10780, Y = 33461(MainWindow.xaml.cs:319)|
2021-01-16 15:33:11.0727|Info|Moving TOP Axis, Position Name : FOV 6,  X = 13704, Y = 33244(MainWindow.xaml.cs:319)|
2021-01-16 15:33:12.0307|Info|Moving TOP Axis, Position Name : FOV 7,  X = 11013, Y = 30567(MainWindow.xaml.cs:319)|
2021-01-16 15:33:12.9681|Info|Moving TOP Axis, Position Name : FOV 8,  X = 8076, Y = 31182(MainWindow.xaml.cs:319)|
2021-01-16 15:33:13.9664|Info|Moving TOP Axis, Position Name : FOV 9,  X = 1798, Y = 31143(MainWindow.xaml.cs:319)|
2021-01-16 15:33:14.9624|Info|Moving TOP Axis, Position Name : FOV 10,  X = 3539, Y = 27048(MainWindow.xaml.cs:319)|
2021-01-16 15:33:15.8866|Info|Moving TOP Axis, Position Name : FOV 11,  X = 7310, Y = 26588(MainWindow.xaml.cs:319)|
2021-01-16 15:33:16.8268|Info|Moving TOP Axis, Position Name : FOV 12,  X = 14001, Y = 29583(MainWindow.xaml.cs:319)|
2021-01-16 15:33:17.8397|Info|Moving TOP Axis, Position Name : FOV 13,  X = 14379, Y = 26523(MainWindow.xaml.cs:319)|
2021-01-16 15:33:18.7515|Info|Moving TOP Axis, Position Name : FOV 14,  X = 12857, Y = 23979(MainWindow.xaml.cs:319)|
2021-01-16 15:33:19.7169|Info|Moving TOP Axis, Position Name : FOV 15,  X = 9497, Y = 23810(MainWindow.xaml.cs:319)|
2021-01-16 15:33:20.6545|Info|Moving TOP Axis, Position Name : FOV 16,  X = 1627, Y = 23859(MainWindow.xaml.cs:319)|
2021-01-16 15:33:24.1645|Info|show error(MainWindow.xaml.cs:423)|
2021-01-16 15:34:31.8083|Info|Moving TOP Axis, Position Name : Mark 1,  X = 14922, Y = 22567(MainWindow.xaml.cs:160)|
2021-01-16 15:34:32.7832|Info|Moving TOP Axis, Position Name : Mark 2,  X = 690, Y = 39318(MainWindow.xaml.cs:160)|
2021-01-16 15:34:33.9113|Info|Moving Bot Axis, Position Name : ReadCode 1,  X = 29090, Y = 73154(MainWindow.xaml.cs:265)|
2021-01-16 15:34:34.3775|Info|Moving TOP Axis, Position Name : FOV 1,  X = 9171, Y = 38298(MainWindow.xaml.cs:319)|
2021-01-16 15:34:35.5136|Info|Moving TOP Axis, Position Name : FOV 2,  X = 10696, Y = 38314(MainWindow.xaml.cs:319)|
2021-01-16 15:34:36.3884|Info|Moving TOP Axis, Position Name : FOV 3,  X = 2079, Y = 35922(MainWindow.xaml.cs:319)|
2021-01-16 15:34:37.4571|Info|Moving TOP Axis, Position Name : FOV 4,  X = 7775, Y = 33014(MainWindow.xaml.cs:319)|
2021-01-16 15:34:38.4385|Info|Moving TOP Axis, Position Name : FOV 5,  X = 10780, Y = 33461(MainWindow.xaml.cs:319)|
2021-01-16 15:34:39.3475|Info|Moving TOP Axis, Position Name : FOV 6,  X = 13704, Y = 33244(MainWindow.xaml.cs:319)|
2021-01-16 15:34:40.2777|Info|Moving TOP Axis, Position Name : FOV 7,  X = 11013, Y = 30567(MainWindow.xaml.cs:319)|
2021-01-16 15:34:41.1700|Info|Moving TOP Axis, Position Name : FOV 8,  X = 8076, Y = 31182(MainWindow.xaml.cs:319)|
2021-01-16 15:34:42.0970|Info|Moving TOP Axis, Position Name : FOV 9,  X = 1798, Y = 31143(MainWindow.xaml.cs:319)|
2021-01-16 15:34:43.1033|Info|Moving TOP Axis, Position Name : FOV 10,  X = 3539, Y = 27048(MainWindow.xaml.cs:319)|
2021-01-16 15:34:44.0578|Info|Moving TOP Axis, Position Name : FOV 11,  X = 7310, Y = 26588(MainWindow.xaml.cs:319)|
2021-01-16 15:34:45.0006|Info|Moving TOP Axis, Position Name : FOV 12,  X = 14001, Y = 29583(MainWindow.xaml.cs:319)|
2021-01-16 15:34:46.0254|Info|Moving TOP Axis, Position Name : FOV 13,  X = 14379, Y = 26523(MainWindow.xaml.cs:319)|
2021-01-16 15:34:46.9859|Info|Moving TOP Axis, Position Name : FOV 14,  X = 12857, Y = 23979(MainWindow.xaml.cs:319)|
2021-01-16 15:34:47.9322|Info|Moving TOP Axis, Position Name : FOV 15,  X = 9497, Y = 23810(MainWindow.xaml.cs:319)|
2021-01-16 15:34:48.9031|Info|Moving TOP Axis, Position Name : FOV 16,  X = 1627, Y = 23859(MainWindow.xaml.cs:319)|
2021-01-16 15:34:52.4332|Info|show error(MainWindow.xaml.cs:423)|
2021-01-16 15:37:52.2438|Info|Moving TOP Axis, Position Name : Mark 1,  X = 14922, Y = 22567(MainWindow.xaml.cs:160)|
2021-01-16 15:37:53.2882|Info|Moving TOP Axis, Position Name : Mark 2,  X = 690, Y = 39318(MainWindow.xaml.cs:160)|
2021-01-16 15:37:54.3893|Info|Moving Bot Axis, Position Name : ReadCode 1,  X = 29090, Y = 73154(MainWindow.xaml.cs:265)|
2021-01-16 15:37:54.8751|Info|Moving TOP Axis, Position Name : FOV 1,  X = 9171, Y = 38298(MainWindow.xaml.cs:319)|
2021-01-16 15:37:56.0919|Info|Moving TOP Axis, Position Name : FOV 2,  X = 10696, Y = 38314(MainWindow.xaml.cs:319)|
2021-01-16 15:37:56.9258|Info|Moving TOP Axis, Position Name : FOV 3,  X = 2079, Y = 35922(MainWindow.xaml.cs:319)|
2021-01-16 15:37:57.9500|Info|Moving TOP Axis, Position Name : FOV 4,  X = 7775, Y = 33014(MainWindow.xaml.cs:319)|
2021-01-16 15:37:58.9297|Info|Moving TOP Axis, Position Name : FOV 5,  X = 10780, Y = 33461(MainWindow.xaml.cs:319)|
2021-01-16 15:37:59.8575|Info|Moving TOP Axis, Position Name : FOV 6,  X = 13704, Y = 33244(MainWindow.xaml.cs:319)|
2021-01-16 15:38:00.7981|Info|Moving TOP Axis, Position Name : FOV 7,  X = 11013, Y = 30567(MainWindow.xaml.cs:319)|
2021-01-16 15:38:01.7221|Info|Moving TOP Axis, Position Name : FOV 8,  X = 8076, Y = 31182(MainWindow.xaml.cs:319)|
2021-01-16 15:38:02.7027|Info|Moving TOP Axis, Position Name : FOV 9,  X = 1798, Y = 31143(MainWindow.xaml.cs:319)|
2021-01-16 15:38:03.7146|Info|Moving TOP Axis, Position Name : FOV 10,  X = 3539, Y = 27048(MainWindow.xaml.cs:319)|
2021-01-16 15:38:04.6792|Info|Moving TOP Axis, Position Name : FOV 11,  X = 7310, Y = 26588(MainWindow.xaml.cs:319)|
2021-01-16 15:38:05.6916|Info|Moving TOP Axis, Position Name : FOV 12,  X = 14001, Y = 29583(MainWindow.xaml.cs:319)|
2021-01-16 15:38:06.6923|Info|Moving TOP Axis, Position Name : FOV 13,  X = 14379, Y = 26523(MainWindow.xaml.cs:319)|
2021-01-16 15:38:07.6598|Info|Moving TOP Axis, Position Name : FOV 14,  X = 12857, Y = 23979(MainWindow.xaml.cs:319)|
2021-01-16 15:38:08.6134|Info|Moving TOP Axis, Position Name : FOV 15,  X = 9497, Y = 23810(MainWindow.xaml.cs:319)|
2021-01-16 15:38:09.5705|Info|Moving TOP Axis, Position Name : FOV 16,  X = 1627, Y = 23859(MainWindow.xaml.cs:319)|
2021-01-16 15:38:13.1560|Info|show error(MainWindow.xaml.cs:423)|
2021-01-16 15:38:47.8860|Info|Moving TOP Axis, Position Name : Mark 1,  X = 14922, Y = 22567(MainWindow.xaml.cs:160)|
2021-01-16 15:38:48.9170|Info|Moving TOP Axis, Position Name : Mark 2,  X = 690, Y = 39318(MainWindow.xaml.cs:160)|
2021-01-16 15:38:50.0224|Info|Moving Bot Axis, Position Name : ReadCode 1,  X = 29090, Y = 73154(MainWindow.xaml.cs:265)|
2021-01-16 15:38:50.4846|Info|Moving TOP Axis, Position Name : FOV 1,  X = 9171, Y = 38298(MainWindow.xaml.cs:319)|
2021-01-16 15:38:51.6904|Info|Moving TOP Axis, Position Name : FOV 2,  X = 10696, Y = 38314(MainWindow.xaml.cs:319)|
2021-01-16 15:38:52.5743|Info|Moving TOP Axis, Position Name : FOV 3,  X = 2079, Y = 35922(MainWindow.xaml.cs:319)|
2021-01-16 15:38:53.5549|Info|Moving TOP Axis, Position Name : FOV 4,  X = 7775, Y = 33014(MainWindow.xaml.cs:319)|
2021-01-16 15:38:54.5241|Info|Moving TOP Axis, Position Name : FOV 5,  X = 10780, Y = 33461(MainWindow.xaml.cs:319)|
2021-01-16 15:38:55.4671|Info|Moving TOP Axis, Position Name : FOV 6,  X = 13704, Y = 33244(MainWindow.xaml.cs:319)|
2021-01-16 15:38:56.3928|Info|Moving TOP Axis, Position Name : FOV 7,  X = 11013, Y = 30567(MainWindow.xaml.cs:319)|
2021-01-16 15:38:57.3535|Info|Moving TOP Axis, Position Name : FOV 8,  X = 8076, Y = 31182(MainWindow.xaml.cs:319)|
2021-01-16 15:38:58.2963|Info|Moving TOP Axis, Position Name : FOV 9,  X = 1798, Y = 31143(MainWindow.xaml.cs:319)|
2021-01-16 15:38:59.2869|Info|Moving TOP Axis, Position Name : FOV 10,  X = 3539, Y = 27048(MainWindow.xaml.cs:319)|
2021-01-16 15:39:00.2655|Info|Moving TOP Axis, Position Name : FOV 11,  X = 7310, Y = 26588(MainWindow.xaml.cs:319)|
2021-01-16 15:39:01.2607|Info|Moving TOP Axis, Position Name : FOV 12,  X = 14001, Y = 29583(MainWindow.xaml.cs:319)|
2021-01-16 15:39:02.2590|Info|Moving TOP Axis, Position Name : FOV 13,  X = 14379, Y = 26523(MainWindow.xaml.cs:319)|
2021-01-16 15:39:03.1918|Info|Moving TOP Axis, Position Name : FOV 14,  X = 12857, Y = 23979(MainWindow.xaml.cs:319)|
2021-01-16 15:39:04.1366|Info|Moving TOP Axis, Position Name : FOV 15,  X = 9497, Y = 23810(MainWindow.xaml.cs:319)|
2021-01-16 15:39:05.0811|Info|Moving TOP Axis, Position Name : FOV 16,  X = 1627, Y = 23859(MainWindow.xaml.cs:319)|
2021-01-16 15:39:08.6002|Info|show error(MainWindow.xaml.cs:423)|
2021-01-16 15:39:58.7193|Info|Moving TOP Axis, Position Name : Mark 1,  X = 14922, Y = 22567(MainWindow.xaml.cs:160)|
2021-01-16 15:39:59.7296|Info|Moving TOP Axis, Position Name : Mark 2,  X = 690, Y = 39318(MainWindow.xaml.cs:160)|
2021-01-16 15:40:00.8479|Info|Moving Bot Axis, Position Name : ReadCode 1,  X = 29090, Y = 73154(MainWindow.xaml.cs:265)|
2021-01-16 15:40:06.2938|Error|The operation has timed out.(MyScaner.cs:92)|
2021-01-16 15:40:06.3098|Info|Moving TOP Axis, Position Name : FOV 1,  X = 9171, Y = 38298(MainWindow.xaml.cs:319)|
2021-01-16 15:40:07.4650|Info|Moving TOP Axis, Position Name : FOV 2,  X = 10696, Y = 38314(MainWindow.xaml.cs:319)|
2021-01-16 15:40:08.3127|Info|Moving TOP Axis, Position Name : FOV 3,  X = 2079, Y = 35922(MainWindow.xaml.cs:319)|
2021-01-16 15:40:09.4192|Info|Moving TOP Axis, Position Name : FOV 4,  X = 7775, Y = 33014(MainWindow.xaml.cs:319)|
2021-01-16 15:40:10.3752|Info|Moving TOP Axis, Position Name : FOV 5,  X = 10780, Y = 33461(MainWindow.xaml.cs:319)|
2021-01-16 15:40:11.3273|Info|Moving TOP Axis, Position Name : FOV 6,  X = 13704, Y = 33244(MainWindow.xaml.cs:319)|
2021-01-16 15:40:12.2757|Info|Moving TOP Axis, Position Name : FOV 7,  X = 11013, Y = 30567(MainWindow.xaml.cs:319)|
2021-01-16 15:40:13.1931|Info|Moving TOP Axis, Position Name : FOV 8,  X = 8076, Y = 31182(MainWindow.xaml.cs:319)|
2021-01-16 15:40:14.1019|Info|Moving TOP Axis, Position Name : FOV 9,  X = 1798, Y = 31143(MainWindow.xaml.cs:319)|
2021-01-16 15:40:15.0863|Info|Moving TOP Axis, Position Name : FOV 10,  X = 3539, Y = 27048(MainWindow.xaml.cs:319)|
2021-01-16 15:40:16.0324|Info|Moving TOP Axis, Position Name : FOV 11,  X = 7310, Y = 26588(MainWindow.xaml.cs:319)|
2021-01-16 15:40:16.9775|Info|Moving TOP Axis, Position Name : FOV 12,  X = 14001, Y = 29583(MainWindow.xaml.cs:319)|
2021-01-16 15:40:17.9899|Info|Moving TOP Axis, Position Name : FOV 13,  X = 14379, Y = 26523(MainWindow.xaml.cs:319)|
2021-01-16 15:40:18.9423|Info|Moving TOP Axis, Position Name : FOV 14,  X = 12857, Y = 23979(MainWindow.xaml.cs:319)|
2021-01-16 15:40:19.8322|Info|Moving TOP Axis, Position Name : FOV 15,  X = 9497, Y = 23810(MainWindow.xaml.cs:319)|
2021-01-16 15:40:20.7893|Info|Moving TOP Axis, Position Name : FOV 16,  X = 1627, Y = 23859(MainWindow.xaml.cs:319)|
2021-01-16 15:40:24.3321|Info|show error(MainWindow.xaml.cs:423)|
2021-01-16 15:41:31.3237|Info|Moving TOP Axis, Position Name : Mark 1,  X = 14922, Y = 22567(MainWindow.xaml.cs:160)|
2021-01-16 15:41:32.3687|Info|Moving TOP Axis, Position Name : Mark 2,  X = 690, Y = 39318(MainWindow.xaml.cs:160)|
2021-01-16 15:41:33.4097|Info|Moving Bot Axis, Position Name : ReadCode 1,  X = 29090, Y = 73154(MainWindow.xaml.cs:265)|
2021-01-16 15:41:38.8791|Error|The operation has timed out.(MyScaner.cs:92)|
2021-01-16 15:41:38.8980|Info|Moving TOP Axis, Position Name : FOV 1,  X = 9171, Y = 38298(MainWindow.xaml.cs:319)|
2021-01-16 15:41:40.0828|Info|Moving TOP Axis, Position Name : FOV 2,  X = 10696, Y = 38314(MainWindow.xaml.cs:319)|
2021-01-16 15:41:41.0117|Info|Moving TOP Axis, Position Name : FOV 3,  X = 2079, Y = 35922(MainWindow.xaml.cs:319)|
2021-01-16 15:41:42.0903|Info|Moving TOP Axis, Position Name : FOV 4,  X = 7775, Y = 33014(MainWindow.xaml.cs:319)|
2021-01-16 15:41:43.1235|Info|Moving TOP Axis, Position Name : FOV 5,  X = 10780, Y = 33461(MainWindow.xaml.cs:319)|
2021-01-16 15:41:44.0352|Info|Moving TOP Axis, Position Name : FOV 6,  X = 13704, Y = 33244(MainWindow.xaml.cs:319)|
2021-01-16 15:41:44.9538|Info|Moving TOP Axis, Position Name : FOV 7,  X = 11013, Y = 30567(MainWindow.xaml.cs:319)|
2021-01-16 15:41:45.8281|Info|Moving TOP Axis, Position Name : FOV 8,  X = 8076, Y = 31182(MainWindow.xaml.cs:319)|
2021-01-16 15:41:46.7372|Info|Moving TOP Axis, Position Name : FOV 9,  X = 1798, Y = 31143(MainWindow.xaml.cs:319)|
2021-01-16 15:41:47.7699|Info|Moving TOP Axis, Position Name : FOV 10,  X = 3539, Y = 27048(MainWindow.xaml.cs:319)|
2021-01-16 15:41:48.6746|Info|Moving TOP Axis, Position Name : FOV 11,  X = 7310, Y = 26588(MainWindow.xaml.cs:319)|
2021-01-16 15:41:49.6100|Info|Moving TOP Axis, Position Name : FOV 12,  X = 14001, Y = 29583(MainWindow.xaml.cs:319)|
2021-01-16 15:41:50.6253|Info|Moving TOP Axis, Position Name : FOV 13,  X = 14379, Y = 26523(MainWindow.xaml.cs:319)|
2021-01-16 15:41:51.5495|Info|Moving TOP Axis, Position Name : FOV 14,  X = 12857, Y = 23979(MainWindow.xaml.cs:319)|
2021-01-16 15:41:52.4694|Info|Moving TOP Axis, Position Name : FOV 15,  X = 9497, Y = 23810(MainWindow.xaml.cs:319)|
2021-01-16 15:41:53.4078|Info|Moving TOP Axis, Position Name : FOV 16,  X = 1627, Y = 23859(MainWindow.xaml.cs:319)|
2021-01-16 15:41:56.9514|Info|show error(MainWindow.xaml.cs:423)|
2021-01-16 15:42:32.1697|Info|Moving TOP Axis, Position Name : Mark 1,  X = 14922, Y = 22567(MainWindow.xaml.cs:160)|
2021-01-16 15:42:33.1710|Info|Moving TOP Axis, Position Name : Mark 2,  X = 690, Y = 39318(MainWindow.xaml.cs:160)|
2021-01-16 15:42:34.2057|Info|Moving Bot Axis, Position Name : ReadCode 1,  X = 29090, Y = 73154(MainWindow.xaml.cs:265)|
2021-01-16 15:42:39.7089|Error|The operation has timed out.(MyScaner.cs:92)|
2021-01-16 15:42:39.7249|Info|Moving TOP Axis, Position Name : FOV 1,  X = 9171, Y = 38298(MainWindow.xaml.cs:319)|
2021-01-16 15:42:40.8940|Info|Moving TOP Axis, Position Name : FOV 2,  X = 10696, Y = 38314(MainWindow.xaml.cs:319)|
2021-01-16 15:42:41.8051|Info|Moving TOP Axis, Position Name : FOV 3,  X = 2079, Y = 35922(MainWindow.xaml.cs:319)|
2021-01-16 15:42:42.9061|Info|Moving TOP Axis, Position Name : FOV 4,  X = 7775, Y = 33014(MainWindow.xaml.cs:319)|
2021-01-16 15:42:43.8525|Info|Moving TOP Axis, Position Name : FOV 5,  X = 10780, Y = 33461(MainWindow.xaml.cs:319)|
2021-01-16 15:42:44.8013|Info|Moving TOP Axis, Position Name : FOV 6,  X = 13704, Y = 33244(MainWindow.xaml.cs:319)|
2021-01-16 15:42:45.7387|Info|Moving TOP Axis, Position Name : FOV 7,  X = 11013, Y = 30567(MainWindow.xaml.cs:319)|
2021-01-16 15:42:46.6183|Info|Moving TOP Axis, Position Name : FOV 8,  X = 8076, Y = 31182(MainWindow.xaml.cs:319)|
2021-01-16 15:42:47.5877|Info|Moving TOP Axis, Position Name : FOV 9,  X = 1798, Y = 31143(MainWindow.xaml.cs:319)|
2021-01-16 15:42:48.5633|Info|Moving TOP Axis, Position Name : FOV 10,  X = 3539, Y = 27048(MainWindow.xaml.cs:319)|
2021-01-16 15:42:49.5046|Info|Moving TOP Axis, Position Name : FOV 11,  X = 7310, Y = 26588(MainWindow.xaml.cs:319)|
2021-01-16 15:42:50.4165|Info|Moving TOP Axis, Position Name : FOV 12,  X = 14001, Y = 29583(MainWindow.xaml.cs:319)|
2021-01-16 15:42:51.4154|Info|Moving TOP Axis, Position Name : FOV 13,  X = 14379, Y = 26523(MainWindow.xaml.cs:319)|
2021-01-16 15:42:52.3600|Info|Moving TOP Axis, Position Name : FOV 14,  X = 12857, Y = 23979(MainWindow.xaml.cs:319)|
2021-01-16 15:42:53.2874|Info|Moving TOP Axis, Position Name : FOV 15,  X = 9497, Y = 23810(MainWindow.xaml.cs:319)|
2021-01-16 15:42:54.2234|Info|Moving TOP Axis, Position Name : FOV 16,  X = 1627, Y = 23859(MainWindow.xaml.cs:319)|
2021-01-16 15:42:57.7527|Info|show error(MainWindow.xaml.cs:423)|
2021-01-16 15:43:35.3007|Info|Moving TOP Axis, Position Name : Mark 1,  X = 14922, Y = 22567(MainWindow.xaml.cs:160)|
2021-01-16 15:43:36.3212|Info|Moving TOP Axis, Position Name : Mark 2,  X = 690, Y = 39318(MainWindow.xaml.cs:160)|
2021-01-16 15:43:37.4430|Info|Moving Bot Axis, Position Name : ReadCode 1,  X = 29090, Y = 73154(MainWindow.xaml.cs:265)|
2021-01-16 15:43:37.8946|Info|Moving TOP Axis, Position Name : FOV 1,  X = 9171, Y = 38298(MainWindow.xaml.cs:319)|
2021-01-16 15:43:39.0763|Info|Moving TOP Axis, Position Name : FOV 2,  X = 10696, Y = 38314(MainWindow.xaml.cs:319)|
2021-01-16 15:43:39.9807|Info|Moving TOP Axis, Position Name : FOV 3,  X = 2079, Y = 35922(MainWindow.xaml.cs:319)|
2021-01-16 15:43:41.0019|Info|Moving TOP Axis, Position Name : FOV 4,  X = 7775, Y = 33014(MainWindow.xaml.cs:319)|
2021-01-16 15:43:41.9509|Info|Moving TOP Axis, Position Name : FOV 5,  X = 10780, Y = 33461(MainWindow.xaml.cs:319)|
2021-01-16 15:43:42.8609|Info|Moving TOP Axis, Position Name : FOV 6,  X = 13704, Y = 33244(MainWindow.xaml.cs:319)|
2021-01-16 15:43:43.7819|Info|Moving TOP Axis, Position Name : FOV 7,  X = 11013, Y = 30567(MainWindow.xaml.cs:319)|
2021-01-16 15:43:44.7390|Info|Moving TOP Axis, Position Name : FOV 8,  X = 8076, Y = 31182(MainWindow.xaml.cs:319)|
2021-01-16 15:43:45.6565|Info|Moving TOP Axis, Position Name : FOV 9,  X = 1798, Y = 31143(MainWindow.xaml.cs:319)|
2021-01-16 15:43:46.6550|Info|Moving TOP Axis, Position Name : FOV 10,  X = 3539, Y = 27048(MainWindow.xaml.cs:319)|
2021-01-16 15:43:47.6224|Info|Moving TOP Axis, Position Name : FOV 11,  X = 7310, Y = 26588(MainWindow.xaml.cs:319)|
2021-01-16 15:43:48.6089|Info|Moving TOP Axis, Position Name : FOV 12,  X = 14001, Y = 29583(MainWindow.xaml.cs:319)|
2021-01-16 15:43:49.6166|Info|Moving TOP Axis, Position Name : FOV 13,  X = 14379, Y = 26523(MainWindow.xaml.cs:319)|
2021-01-16 15:43:50.5897|Info|Moving TOP Axis, Position Name : FOV 14,  X = 12857, Y = 23979(MainWindow.xaml.cs:319)|
2021-01-16 15:43:51.5200|Info|Moving TOP Axis, Position Name : FOV 15,  X = 9497, Y = 23810(MainWindow.xaml.cs:319)|
2021-01-16 15:43:52.5076|Info|Moving TOP Axis, Position Name : FOV 16,  X = 1627, Y = 23859(MainWindow.xaml.cs:319)|
2021-01-16 15:43:56.0717|Info|show error(MainWindow.xaml.cs:423)|
2021-01-16 15:45:58.8575|Info|Moving TOP Axis, Position Name : Mark 1,  X = 14922, Y = 22567(MainWindow.xaml.cs:160)|
2021-01-16 15:45:59.9183|Info|Moving TOP Axis, Position Name : Mark 2,  X = 690, Y = 39318(MainWindow.xaml.cs:160)|
2021-01-16 15:46:00.9784|Info|Moving Bot Axis, Position Name : ReadCode 1,  X = 29090, Y = 73154(MainWindow.xaml.cs:265)|
2021-01-16 15:46:01.4496|Info|Moving TOP Axis, Position Name : FOV 1,  X = 9171, Y = 38298(MainWindow.xaml.cs:319)|
2021-01-16 15:46:02.6284|Info|Moving TOP Axis, Position Name : FOV 2,  X = 10696, Y = 38314(MainWindow.xaml.cs:319)|
2021-01-16 15:46:03.5287|Info|Moving TOP Axis, Position Name : FOV 3,  X = 2079, Y = 35922(MainWindow.xaml.cs:319)|
2021-01-16 15:46:04.6028|Info|Moving TOP Axis, Position Name : FOV 4,  X = 7775, Y = 33014(MainWindow.xaml.cs:319)|
2021-01-16 15:46:05.5893|Info|Moving TOP Axis, Position Name : FOV 5,  X = 10780, Y = 33461(MainWindow.xaml.cs:319)|
2021-01-16 15:46:06.5385|Info|Moving TOP Axis, Position Name : FOV 6,  X = 13704, Y = 33244(MainWindow.xaml.cs:319)|
2021-01-16 15:46:07.4851|Info|Moving TOP Axis, Position Name : FOV 7,  X = 11013, Y = 30567(MainWindow.xaml.cs:319)|
2021-01-16 15:46:08.4232|Info|Moving TOP Axis, Position Name : FOV 8,  X = 8076, Y = 31182(MainWindow.xaml.cs:319)|
2021-01-16 15:46:09.3696|Info|Moving TOP Axis, Position Name : FOV 9,  X = 1798, Y = 31143(MainWindow.xaml.cs:319)|
2021-01-16 15:46:10.3814|Info|Moving TOP Axis, Position Name : FOV 10,  X = 3539, Y = 27048(MainWindow.xaml.cs:319)|
2021-01-16 15:46:11.3597|Info|Moving TOP Axis, Position Name : FOV 11,  X = 7310, Y = 26588(MainWindow.xaml.cs:319)|
2021-01-16 15:46:12.3097|Info|Moving TOP Axis, Position Name : FOV 12,  X = 14001, Y = 29583(MainWindow.xaml.cs:319)|
2021-01-16 15:46:13.3102|Info|Moving TOP Axis, Position Name : FOV 13,  X = 14379, Y = 26523(MainWindow.xaml.cs:319)|
2021-01-16 15:46:14.2140|Info|Moving TOP Axis, Position Name : FOV 14,  X = 12857, Y = 23979(MainWindow.xaml.cs:319)|
2021-01-16 15:46:15.1473|Info|Moving TOP Axis, Position Name : FOV 15,  X = 9497, Y = 23810(MainWindow.xaml.cs:319)|
2021-01-16 15:46:16.0978|Info|Moving TOP Axis, Position Name : FOV 16,  X = 1627, Y = 23859(MainWindow.xaml.cs:319)|
2021-01-16 15:46:19.6929|Info|show error(MainWindow.xaml.cs:423)|
2021-01-16 15:46:45.6704|Info|Moving TOP Axis, Position Name : Mark 1,  X = 14922, Y = 22567(MainWindow.xaml.cs:160)|
2021-01-16 15:46:46.7141|Info|Moving TOP Axis, Position Name : Mark 2,  X = 690, Y = 39318(MainWindow.xaml.cs:160)|
2021-01-16 15:46:47.8175|Info|Moving Bot Axis, Position Name : ReadCode 1,  X = 29090, Y = 73154(MainWindow.xaml.cs:265)|
2021-01-16 15:46:53.2468|Error|The operation has timed out.(MyScaner.cs:92)|
2021-01-16 15:46:53.2618|Info|Moving TOP Axis, Position Name : FOV 1,  X = 9171, Y = 38298(MainWindow.xaml.cs:319)|
2021-01-16 15:46:54.4309|Info|Moving TOP Axis, Position Name : FOV 2,  X = 10696, Y = 38314(MainWindow.xaml.cs:319)|
2021-01-16 15:46:55.3183|Info|Moving TOP Axis, Position Name : FOV 3,  X = 2079, Y = 35922(MainWindow.xaml.cs:319)|
2021-01-16 15:46:56.3118|Info|Moving TOP Axis, Position Name : FOV 4,  X = 7775, Y = 33014(MainWindow.xaml.cs:319)|
2021-01-16 15:46:57.2839|Info|Moving TOP Axis, Position Name : FOV 5,  X = 10780, Y = 33461(MainWindow.xaml.cs:319)|
2021-01-16 15:46:58.2522|Info|Moving TOP Axis, Position Name : FOV 6,  X = 13704, Y = 33244(MainWindow.xaml.cs:319)|
2021-01-16 15:46:59.1986|Info|Moving TOP Axis, Position Name : FOV 7,  X = 11013, Y = 30567(MainWindow.xaml.cs:319)|
2021-01-16 15:47:00.1256|Info|Moving TOP Axis, Position Name : FOV 8,  X = 8076, Y = 31182(MainWindow.xaml.cs:319)|
2021-01-16 15:47:01.0713|Info|Moving TOP Axis, Position Name : FOV 9,  X = 1798, Y = 31143(MainWindow.xaml.cs:319)|
2021-01-16 15:47:02.0737|Info|Moving TOP Axis, Position Name : FOV 10,  X = 3539, Y = 27048(MainWindow.xaml.cs:319)|
2021-01-16 15:47:03.0456|Info|Moving TOP Axis, Position Name : FOV 11,  X = 7310, Y = 26588(MainWindow.xaml.cs:319)|
2021-01-16 15:47:03.9985|Info|Moving TOP Axis, Position Name : FOV 12,  X = 14001, Y = 29583(MainWindow.xaml.cs:319)|
2021-01-16 15:47:05.0756|Info|Moving TOP Axis, Position Name : FOV 13,  X = 14379, Y = 26523(MainWindow.xaml.cs:319)|
2021-01-16 15:47:06.0047|Info|Moving TOP Axis, Position Name : FOV 14,  X = 12857, Y = 23979(MainWindow.xaml.cs:319)|
2021-01-16 15:47:06.9610|Info|Moving TOP Axis, Position Name : FOV 15,  X = 9497, Y = 23810(MainWindow.xaml.cs:319)|
2021-01-16 15:47:07.9042|Info|Moving TOP Axis, Position Name : FOV 16,  X = 1627, Y = 23859(MainWindow.xaml.cs:319)|
2021-01-16 15:47:11.4979|Info|show error(MainWindow.xaml.cs:423)|
2021-01-16 15:47:48.7899|Info|Moving TOP Axis, Position Name : Mark 1,  X = 14922, Y = 22567(MainWindow.xaml.cs:160)|
2021-01-16 15:47:49.8533|Info|Moving TOP Axis, Position Name : Mark 2,  X = 690, Y = 39318(MainWindow.xaml.cs:160)|
2021-01-16 15:47:50.8985|Info|Moving Bot Axis, Position Name : ReadCode 1,  X = 29090, Y = 73154(MainWindow.xaml.cs:265)|
2021-01-16 15:47:51.3744|Info|Moving TOP Axis, Position Name : FOV 1,  X = 9171, Y = 38298(MainWindow.xaml.cs:319)|
2021-01-16 15:47:52.5432|Info|Moving TOP Axis, Position Name : FOV 2,  X = 10696, Y = 38314(MainWindow.xaml.cs:319)|
2021-01-16 15:47:53.4359|Info|Moving TOP Axis, Position Name : FOV 3,  X = 2079, Y = 35922(MainWindow.xaml.cs:319)|
2021-01-16 15:47:54.4208|Info|Moving TOP Axis, Position Name : FOV 4,  X = 7775, Y = 33014(MainWindow.xaml.cs:319)|
2021-01-16 15:47:55.4331|Info|Moving TOP Axis, Position Name : FOV 5,  X = 10780, Y = 33461(MainWindow.xaml.cs:319)|
2021-01-16 15:47:56.3758|Info|Moving TOP Axis, Position Name : FOV 6,  X = 13704, Y = 33244(MainWindow.xaml.cs:319)|
2021-01-16 15:47:57.3260|Info|Moving TOP Axis, Position Name : FOV 7,  X = 11013, Y = 30567(MainWindow.xaml.cs:319)|
2021-01-16 15:47:58.2742|Info|Moving TOP Axis, Position Name : FOV 8,  X = 8076, Y = 31182(MainWindow.xaml.cs:319)|
2021-01-16 15:47:59.2045|Info|Moving TOP Axis, Position Name : FOV 9,  X = 1798, Y = 31143(MainWindow.xaml.cs:319)|
2021-01-16 15:48:00.2439|Info|Moving TOP Axis, Position Name : FOV 10,  X = 3539, Y = 27048(MainWindow.xaml.cs:319)|
2021-01-16 15:48:01.1731|Info|Moving TOP Axis, Position Name : FOV 11,  X = 7310, Y = 26588(MainWindow.xaml.cs:319)|
2021-01-16 15:48:02.1225|Info|Moving TOP Axis, Position Name : FOV 12,  X = 14001, Y = 29583(MainWindow.xaml.cs:319)|
2021-01-16 15:48:03.0713|Info|Moving TOP Axis, Position Name : FOV 13,  X = 14379, Y = 26523(MainWindow.xaml.cs:319)|
2021-01-16 15:48:03.9775|Info|Moving TOP Axis, Position Name : FOV 14,  X = 12857, Y = 23979(MainWindow.xaml.cs:319)|
2021-01-16 15:48:04.8865|Info|Moving TOP Axis, Position Name : FOV 15,  X = 9497, Y = 23810(MainWindow.xaml.cs:319)|
2021-01-16 15:48:05.7993|Info|Moving TOP Axis, Position Name : FOV 16,  X = 1627, Y = 23859(MainWindow.xaml.cs:319)|
2021-01-16 15:48:09.3270|Info|show error(MainWindow.xaml.cs:423)|
2021-01-16 15:48:52.8695|Info|Moving TOP Axis, Position Name : Mark 1,  X = 14922, Y = 22567(MainWindow.xaml.cs:160)|
2021-01-16 15:48:53.8466|Info|Moving TOP Axis, Position Name : Mark 2,  X = 690, Y = 39318(MainWindow.xaml.cs:160)|
2021-01-16 15:48:54.9454|Info|Moving Bot Axis, Position Name : ReadCode 1,  X = 29090, Y = 73154(MainWindow.xaml.cs:265)|
2021-01-16 15:49:00.4218|Error|The operation has timed out.(MyScaner.cs:92)|
2021-01-16 15:49:00.4368|Info|Moving TOP Axis, Position Name : FOV 1,  X = 9171, Y = 38298(MainWindow.xaml.cs:319)|
2021-01-16 15:49:01.5952|Info|Moving TOP Axis, Position Name : FOV 2,  X = 10696, Y = 38314(MainWindow.xaml.cs:319)|
2021-01-16 15:49:02.5017|Info|Moving TOP Axis, Position Name : FOV 3,  X = 2079, Y = 35922(MainWindow.xaml.cs:319)|
2021-01-16 15:49:03.6043|Info|Moving TOP Axis, Position Name : FOV 4,  X = 7775, Y = 33014(MainWindow.xaml.cs:319)|
2021-01-16 15:49:04.5883|Info|Moving TOP Axis, Position Name : FOV 5,  X = 10780, Y = 33461(MainWindow.xaml.cs:319)|
2021-01-16 15:49:05.4797|Info|Moving TOP Axis, Position Name : FOV 6,  X = 13704, Y = 33244(MainWindow.xaml.cs:319)|
2021-01-16 15:49:06.4137|Info|Moving TOP Axis, Position Name : FOV 7,  X = 11013, Y = 30567(MainWindow.xaml.cs:319)|
2021-01-16 15:49:07.3027|Info|Moving TOP Axis, Position Name : FOV 8,  X = 8076, Y = 31182(MainWindow.xaml.cs:319)|
2021-01-16 15:49:08.1978|Info|Moving TOP Axis, Position Name : FOV 9,  X = 1798, Y = 31143(MainWindow.xaml.cs:319)|
2021-01-16 15:49:09.1943|Info|Moving TOP Axis, Position Name : FOV 10,  X = 3539, Y = 27048(MainWindow.xaml.cs:319)|
2021-01-16 15:49:10.1221|Info|Moving TOP Axis, Position Name : FOV 11,  X = 7310, Y = 26588(MainWindow.xaml.cs:319)|
2021-01-16 15:49:11.0453|Info|Moving TOP Axis, Position Name : FOV 12,  X = 14001, Y = 29583(MainWindow.xaml.cs:319)|
2021-01-16 15:49:12.0021|Info|Moving TOP Axis, Position Name : FOV 13,  X = 14379, Y = 26523(MainWindow.xaml.cs:319)|
2021-01-16 15:49:12.9319|Info|Moving TOP Axis, Position Name : FOV 14,  X = 12857, Y = 23979(MainWindow.xaml.cs:319)|
2021-01-16 15:49:13.8504|Info|Moving TOP Axis, Position Name : FOV 15,  X = 9497, Y = 23810(MainWindow.xaml.cs:319)|
2021-01-16 15:49:14.7840|Info|Moving TOP Axis, Position Name : FOV 16,  X = 1627, Y = 23859(MainWindow.xaml.cs:319)|
2021-01-16 15:49:18.3039|Info|show error(MainWindow.xaml.cs:423)|
