2021-01-27 09:01:19.0234|Error|Unable to connect to the remote server(ServiceComm.cs:111)|
2021-01-27 09:01:19.1920|Info|Start services...(MainWindow.xaml.cs:91)|
2021-01-27 09:01:21.3981|Error|Ping PLC failed, IP :192.168.3.100:9999...(MainWindow.xaml.cs:609)|
2021-01-27 09:01:33.2663|Error|startIndex cannot be larger than length of string.
Parameter name: startIndex(SLMP.cs:338)|
2021-01-27 09:01:36.3531|Error|startIndex cannot be larger than length of string.
Parameter name: startIndex(SLMP.cs:338)|
2021-01-27 09:01:36.8647|Error|startIndex cannot be larger than length of string.
Parameter name: startIndex(SLMP.cs:338)|
2021-01-27 09:01:41.9800|Error|startIndex cannot be larger than length of string.
Parameter name: startIndex(SLMP.cs:338)|
2021-01-27 09:01:42.4917|Error|startIndex cannot be larger than length of string.
Parameter name: startIndex(SLMP.cs:338)|
2021-01-27 09:01:43.0033|Error|startIndex cannot be larger than length of string.
Parameter name: startIndex(SLMP.cs:338)|
2021-01-27 09:01:45.5625|Error|startIndex cannot be larger than length of string.
Parameter name: startIndex(SLMP.cs:338)|
2021-01-27 09:01:47.0963|Error|startIndex cannot be larger than length of string.
Parameter name: startIndex(SLMP.cs:338)|
2021-01-27 09:06:30.9007|Error|Ping PLC failed, IP :192.168.3.100:9999...(MainWindow.xaml.cs:609)|
2021-01-27 09:06:56.3377|Error|startIndex cannot be larger than length of string.
Parameter name: startIndex(SLMP.cs:338)|
2021-01-27 09:06:58.4022|Error|startIndex cannot be larger than length of string.
Parameter name: startIndex(SLMP.cs:338)|
2021-01-27 09:07:00.0308|Error|startIndex cannot be larger than length of string.
Parameter name: startIndex(SLMP.cs:338)|
2021-01-27 09:07:02.1920|Error|startIndex cannot be larger than length of string.
Parameter name: startIndex(SLMP.cs:338)|
2021-01-27 09:07:04.7502|Error|startIndex cannot be larger than length of string.
Parameter name: startIndex(SLMP.cs:338)|
2021-01-27 09:07:05.2618|Error|startIndex cannot be larger than length of string.
Parameter name: startIndex(SLMP.cs:338)|
2021-01-27 09:07:09.3559|Error|startIndex cannot be larger than length of string.
Parameter name: startIndex(SLMP.cs:338)|
2021-01-27 09:07:10.8957|Error|startIndex cannot be larger than length of string.
Parameter name: startIndex(SLMP.cs:338)|
2021-01-27 09:07:13.4549|Error|startIndex cannot be larger than length of string.
Parameter name: startIndex(SLMP.cs:338)|
2021-01-27 09:07:13.9655|Error|startIndex cannot be larger than length of string.
Parameter name: startIndex(SLMP.cs:338)|
2021-01-27 09:07:16.5247|Error|startIndex cannot be larger than length of string.
Parameter name: startIndex(SLMP.cs:338)|
2021-01-27 09:07:19.0808|Error|startIndex cannot be larger than length of string.
Parameter name: startIndex(SLMP.cs:338)|
2021-01-27 09:07:20.1061|Error|startIndex cannot be larger than length of string.
Parameter name: startIndex(SLMP.cs:338)|
2021-01-27 09:07:20.6197|Error|startIndex cannot be larger than length of string.
Parameter name: startIndex(SLMP.cs:338)|
2021-01-27 09:07:23.6895|Error|startIndex cannot be larger than length of string.
Parameter name: startIndex(SLMP.cs:338)|
2021-01-27 09:07:24.2002|Error|startIndex cannot be larger than length of string.
Parameter name: startIndex(SLMP.cs:338)|
2021-01-27 09:07:27.2669|Error|startIndex cannot be larger than length of string.
Parameter name: startIndex(SLMP.cs:338)|
2021-01-27 09:07:27.7786|Error|startIndex cannot be larger than length of string.
Parameter name: startIndex(SLMP.cs:338)|
2021-01-27 09:07:29.8271|Error|startIndex cannot be larger than length of string.
Parameter name: startIndex(SLMP.cs:338)|
2021-01-27 09:07:31.3610|Error|startIndex cannot be larger than length of string.
Parameter name: startIndex(SLMP.cs:338)|
2021-01-27 09:07:32.8959|Error|startIndex cannot be larger than length of string.
Parameter name: startIndex(SLMP.cs:338)|
2021-01-27 09:07:34.4308|Error|startIndex cannot be larger than length of string.
Parameter name: startIndex(SLMP.cs:338)|
2021-01-27 09:07:35.8979|Error|Ping PLC failed, IP :192.168.3.100:9999...(MainWindow.xaml.cs:609)|
2021-01-27 09:07:36.9909|Error|startIndex cannot be larger than length of string.
Parameter name: startIndex(SLMP.cs:338)|
2021-01-27 09:07:38.5248|Error|startIndex cannot be larger than length of string.
Parameter name: startIndex(SLMP.cs:338)|
2021-01-27 09:07:40.0567|Error|startIndex cannot be larger than length of string.
Parameter name: startIndex(SLMP.cs:338)|
2021-01-27 09:07:41.5936|Error|startIndex cannot be larger than length of string.
Parameter name: startIndex(SLMP.cs:338)|
2021-01-27 09:07:44.1488|Error|startIndex cannot be larger than length of string.
Parameter name: startIndex(SLMP.cs:338)|
2021-01-27 09:07:45.6837|Error|startIndex cannot be larger than length of string.
Parameter name: startIndex(SLMP.cs:338)|
2021-01-27 09:07:47.2186|Error|startIndex cannot be larger than length of string.
Parameter name: startIndex(SLMP.cs:338)|
2021-01-27 09:07:48.7555|Error|startIndex cannot be larger than length of string.
Parameter name: startIndex(SLMP.cs:338)|
2021-01-27 09:07:51.3186|Error|startIndex cannot be larger than length of string.
Parameter name: startIndex(SLMP.cs:338)|
2021-01-27 09:07:52.8535|Error|startIndex cannot be larger than length of string.
Parameter name: startIndex(SLMP.cs:338)|
2021-01-27 09:07:54.3884|Error|startIndex cannot be larger than length of string.
Parameter name: startIndex(SLMP.cs:338)|
2021-01-27 09:07:55.9223|Error|startIndex cannot be larger than length of string.
Parameter name: startIndex(SLMP.cs:338)|
2021-01-27 09:07:58.4824|Error|startIndex cannot be larger than length of string.
Parameter name: startIndex(SLMP.cs:338)|
2021-01-27 09:08:00.0174|Error|startIndex cannot be larger than length of string.
Parameter name: startIndex(SLMP.cs:338)|
2021-01-27 09:08:01.5522|Error|startIndex cannot be larger than length of string.
Parameter name: startIndex(SLMP.cs:338)|
2021-01-27 09:08:03.0871|Error|startIndex cannot be larger than length of string.
Parameter name: startIndex(SLMP.cs:338)|
2021-01-27 09:08:05.6453|Error|startIndex cannot be larger than length of string.
Parameter name: startIndex(SLMP.cs:338)|
2021-01-27 09:08:07.1802|Error|startIndex cannot be larger than length of string.
Parameter name: startIndex(SLMP.cs:338)|
2021-01-27 09:08:08.7151|Error|startIndex cannot be larger than length of string.
Parameter name: startIndex(SLMP.cs:338)|
2021-01-27 09:08:10.2550|Error|startIndex cannot be larger than length of string.
Parameter name: startIndex(SLMP.cs:338)|
2021-01-27 09:08:12.8111|Error|startIndex cannot be larger than length of string.
Parameter name: startIndex(SLMP.cs:338)|
2021-01-27 09:08:14.3470|Error|startIndex cannot be larger than length of string.
Parameter name: startIndex(SLMP.cs:338)|
2021-01-27 09:08:15.8819|Error|startIndex cannot be larger than length of string.
Parameter name: startIndex(SLMP.cs:338)|
2021-01-27 09:08:17.4158|Error|startIndex cannot be larger than length of string.
Parameter name: startIndex(SLMP.cs:338)|
2021-01-27 09:08:19.9730|Error|startIndex cannot be larger than length of string.
Parameter name: startIndex(SLMP.cs:338)|
2021-01-27 09:08:21.5089|Error|startIndex cannot be larger than length of string.
Parameter name: startIndex(SLMP.cs:338)|
2021-01-27 09:08:23.0437|Error|startIndex cannot be larger than length of string.
Parameter name: startIndex(SLMP.cs:338)|
2021-01-27 09:08:24.5788|Error|startIndex cannot be larger than length of string.
Parameter name: startIndex(SLMP.cs:338)|
2021-01-27 09:08:27.1372|Error|startIndex cannot be larger than length of string.
Parameter name: startIndex(SLMP.cs:338)|
2021-01-27 09:08:28.6731|Error|startIndex cannot be larger than length of string.
Parameter name: startIndex(SLMP.cs:338)|
2021-01-27 09:08:30.2090|Error|startIndex cannot be larger than length of string.
Parameter name: startIndex(SLMP.cs:338)|
2021-01-27 09:08:31.7469|Error|startIndex cannot be larger than length of string.
Parameter name: startIndex(SLMP.cs:338)|
2021-01-27 09:08:34.3070|Error|startIndex cannot be larger than length of string.
Parameter name: startIndex(SLMP.cs:338)|
2021-01-27 09:08:35.8419|Error|startIndex cannot be larger than length of string.
Parameter name: startIndex(SLMP.cs:338)|
2021-01-27 09:08:37.3768|Error|startIndex cannot be larger than length of string.
Parameter name: startIndex(SLMP.cs:338)|
2021-01-27 09:08:38.9137|Error|startIndex cannot be larger than length of string.
Parameter name: startIndex(SLMP.cs:338)|
2021-01-27 09:08:40.8977|Error|Ping PLC failed, IP :192.168.3.100:9999...(MainWindow.xaml.cs:609)|
2021-01-27 09:08:43.5164|Error|startIndex cannot be larger than length of string.
Parameter name: startIndex(SLMP.cs:338)|
2021-01-27 09:08:44.0270|Error|startIndex cannot be larger than length of string.
Parameter name: startIndex(SLMP.cs:338)|
2021-01-27 09:08:47.6104|Error|startIndex cannot be larger than length of string.
Parameter name: startIndex(SLMP.cs:338)|
2021-01-27 09:08:48.1240|Error|startIndex cannot be larger than length of string.
Parameter name: startIndex(SLMP.cs:338)|
2021-01-27 09:08:50.6832|Error|startIndex cannot be larger than length of string.
Parameter name: startIndex(SLMP.cs:338)|
2021-01-27 09:08:51.1948|Error|startIndex cannot be larger than length of string.
Parameter name: startIndex(SLMP.cs:338)|
2021-01-27 09:08:54.7762|Error|startIndex cannot be larger than length of string.
Parameter name: startIndex(SLMP.cs:338)|
2021-01-27 09:08:55.2879|Error|startIndex cannot be larger than length of string.
Parameter name: startIndex(SLMP.cs:338)|
2021-01-27 09:08:57.8450|Error|startIndex cannot be larger than length of string.
Parameter name: startIndex(SLMP.cs:338)|
2021-01-27 09:08:58.3587|Error|startIndex cannot be larger than length of string.
Parameter name: startIndex(SLMP.cs:338)|
2021-01-27 09:09:01.9401|Error|startIndex cannot be larger than length of string.
Parameter name: startIndex(SLMP.cs:338)|
2021-01-27 09:09:02.4537|Error|startIndex cannot be larger than length of string.
Parameter name: startIndex(SLMP.cs:338)|
2021-01-27 09:09:05.0099|Error|startIndex cannot be larger than length of string.
Parameter name: startIndex(SLMP.cs:338)|
2021-01-27 09:09:05.5235|Error|startIndex cannot be larger than length of string.
Parameter name: startIndex(SLMP.cs:338)|
2021-01-27 09:09:09.1069|Error|startIndex cannot be larger than length of string.
Parameter name: startIndex(SLMP.cs:338)|
2021-01-27 09:09:09.6175|Error|startIndex cannot be larger than length of string.
Parameter name: startIndex(SLMP.cs:338)|
2021-01-27 09:09:12.1787|Error|startIndex cannot be larger than length of string.
Parameter name: startIndex(SLMP.cs:338)|
2021-01-27 09:09:12.6894|Error|startIndex cannot be larger than length of string.
Parameter name: startIndex(SLMP.cs:338)|
2021-01-27 09:09:16.2707|Error|startIndex cannot be larger than length of string.
Parameter name: startIndex(SLMP.cs:338)|
2021-01-27 09:09:16.7894|Error|startIndex cannot be larger than length of string.
Parameter name: startIndex(SLMP.cs:338)|
2021-01-27 09:09:19.3465|Error|startIndex cannot be larger than length of string.
Parameter name: startIndex(SLMP.cs:338)|
2021-01-27 09:09:19.8572|Error|startIndex cannot be larger than length of string.
Parameter name: startIndex(SLMP.cs:338)|
2021-01-27 09:09:23.4406|Error|startIndex cannot be larger than length of string.
Parameter name: startIndex(SLMP.cs:338)|
2021-01-27 09:09:23.9512|Error|startIndex cannot be larger than length of string.
Parameter name: startIndex(SLMP.cs:338)|
2021-01-27 09:09:26.5114|Error|startIndex cannot be larger than length of string.
Parameter name: startIndex(SLMP.cs:338)|
2021-01-27 09:09:27.0220|Error|startIndex cannot be larger than length of string.
Parameter name: startIndex(SLMP.cs:338)|
2021-01-27 09:09:30.6014|Error|startIndex cannot be larger than length of string.
Parameter name: startIndex(SLMP.cs:338)|
2021-01-27 09:09:31.1140|Error|startIndex cannot be larger than length of string.
Parameter name: startIndex(SLMP.cs:338)|
2021-01-27 09:09:33.6712|Error|startIndex cannot be larger than length of string.
Parameter name: startIndex(SLMP.cs:338)|
2021-01-27 09:09:34.1838|Error|startIndex cannot be larger than length of string.
Parameter name: startIndex(SLMP.cs:338)|
2021-01-27 09:09:37.7653|Error|startIndex cannot be larger than length of string.
Parameter name: startIndex(SLMP.cs:338)|
2021-01-27 09:09:38.2769|Error|startIndex cannot be larger than length of string.
Parameter name: startIndex(SLMP.cs:338)|
2021-01-27 09:09:40.8320|Error|startIndex cannot be larger than length of string.
Parameter name: startIndex(SLMP.cs:338)|
2021-01-27 09:09:41.3457|Error|startIndex cannot be larger than length of string.
Parameter name: startIndex(SLMP.cs:338)|
2021-01-27 09:09:44.9241|Error|startIndex cannot be larger than length of string.
Parameter name: startIndex(SLMP.cs:338)|
2021-01-27 09:09:45.4367|Error|startIndex cannot be larger than length of string.
Parameter name: startIndex(SLMP.cs:338)|
2021-01-27 09:09:45.8978|Error|Ping PLC failed, IP :192.168.3.100:9999...(MainWindow.xaml.cs:609)|
2021-01-27 09:09:45.9494|Error|startIndex cannot be larger than length of string.
Parameter name: startIndex(SLMP.cs:338)|
2021-01-27 09:09:48.5095|Error|startIndex cannot be larger than length of string.
Parameter name: startIndex(SLMP.cs:338)|
2021-01-27 09:09:49.0211|Error|startIndex cannot be larger than length of string.
Parameter name: startIndex(SLMP.cs:338)|
2021-01-27 09:09:52.6046|Error|startIndex cannot be larger than length of string.
Parameter name: startIndex(SLMP.cs:338)|
2021-01-27 09:09:53.1142|Error|startIndex cannot be larger than length of string.
Parameter name: startIndex(SLMP.cs:338)|
2021-01-27 09:09:54.6501|Error|startIndex cannot be larger than length of string.
Parameter name: startIndex(SLMP.cs:338)|
2021-01-27 09:09:56.1850|Error|startIndex cannot be larger than length of string.
Parameter name: startIndex(SLMP.cs:338)|
2021-01-27 09:09:57.7179|Error|startIndex cannot be larger than length of string.
Parameter name: startIndex(SLMP.cs:338)|
2021-01-27 09:10:00.2760|Error|startIndex cannot be larger than length of string.
Parameter name: startIndex(SLMP.cs:338)|
2021-01-27 09:10:01.8109|Error|startIndex cannot be larger than length of string.
Parameter name: startIndex(SLMP.cs:338)|
2021-01-27 09:10:03.3438|Error|startIndex cannot be larger than length of string.
Parameter name: startIndex(SLMP.cs:338)|
2021-01-27 09:10:04.8827|Error|startIndex cannot be larger than length of string.
Parameter name: startIndex(SLMP.cs:338)|
2021-01-27 09:10:07.4409|Error|startIndex cannot be larger than length of string.
Parameter name: startIndex(SLMP.cs:338)|
2021-01-27 09:10:08.4641|Error|startIndex cannot be larger than length of string.
Parameter name: startIndex(SLMP.cs:338)|
2021-01-27 09:10:10.0160|Error|startIndex cannot be larger than length of string.
Parameter name: startIndex(SLMP.cs:338)|
2021-01-27 09:10:12.1044|Error|startIndex cannot be larger than length of string.
Parameter name: startIndex(SLMP.cs:338)|
2021-01-27 09:10:13.6532|Error|startIndex cannot be larger than length of string.
Parameter name: startIndex(SLMP.cs:338)|
2021-01-27 09:10:15.7127|Error|startIndex cannot be larger than length of string.
Parameter name: startIndex(SLMP.cs:338)|
2021-01-27 09:10:17.2596|Error|startIndex cannot be larger than length of string.
Parameter name: startIndex(SLMP.cs:338)|
2021-01-27 09:10:19.3201|Error|startIndex cannot be larger than length of string.
Parameter name: startIndex(SLMP.cs:338)|
2021-01-27 09:10:20.8679|Error|startIndex cannot be larger than length of string.
Parameter name: startIndex(SLMP.cs:338)|
2021-01-27 09:10:22.9294|Error|startIndex cannot be larger than length of string.
Parameter name: startIndex(SLMP.cs:338)|
2021-01-27 09:10:45.6257|Error|startIndex cannot be larger than length of string.
Parameter name: startIndex(SLMP.cs:338)|
2021-01-27 09:10:47.1746|Error|startIndex cannot be larger than length of string.
Parameter name: startIndex(SLMP.cs:338)|
2021-01-27 09:10:48.7234|Error|startIndex cannot be larger than length of string.
Parameter name: startIndex(SLMP.cs:338)|
2021-01-27 09:10:50.2733|Error|startIndex cannot be larger than length of string.
Parameter name: startIndex(SLMP.cs:338)|
2021-01-27 09:10:50.8969|Error|Ping PLC failed, IP :192.168.3.100:9999...(MainWindow.xaml.cs:609)|
2021-01-27 09:10:51.8202|Error|startIndex cannot be larger than length of string.
Parameter name: startIndex(SLMP.cs:338)|
2021-01-27 09:10:53.3710|Error|startIndex cannot be larger than length of string.
Parameter name: startIndex(SLMP.cs:338)|
2021-01-27 09:10:54.9219|Error|startIndex cannot be larger than length of string.
Parameter name: startIndex(SLMP.cs:338)|
2021-01-27 09:10:56.4707|Error|startIndex cannot be larger than length of string.
Parameter name: startIndex(SLMP.cs:338)|
2021-01-27 09:10:58.0206|Error|startIndex cannot be larger than length of string.
Parameter name: startIndex(SLMP.cs:338)|
2021-01-27 09:10:59.5704|Error|startIndex cannot be larger than length of string.
Parameter name: startIndex(SLMP.cs:338)|
2021-01-27 09:11:01.1183|Error|startIndex cannot be larger than length of string.
Parameter name: startIndex(SLMP.cs:338)|
2021-01-27 09:11:02.6522|Error|startIndex cannot be larger than length of string.
Parameter name: startIndex(SLMP.cs:338)|
2021-01-27 09:11:04.2020|Error|startIndex cannot be larger than length of string.
Parameter name: startIndex(SLMP.cs:338)|
2021-01-27 09:11:05.7519|Error|startIndex cannot be larger than length of string.
Parameter name: startIndex(SLMP.cs:338)|
2021-01-27 09:11:07.3027|Error|startIndex cannot be larger than length of string.
Parameter name: startIndex(SLMP.cs:338)|
2021-01-27 09:11:08.8506|Error|startIndex cannot be larger than length of string.
Parameter name: startIndex(SLMP.cs:338)|
2021-01-27 09:11:10.4024|Error|startIndex cannot be larger than length of string.
Parameter name: startIndex(SLMP.cs:338)|
2021-01-27 09:11:11.9503|Error|startIndex cannot be larger than length of string.
Parameter name: startIndex(SLMP.cs:338)|
2021-01-27 09:11:13.4972|Error|startIndex cannot be larger than length of string.
Parameter name: startIndex(SLMP.cs:338)|
2021-01-27 09:11:15.0470|Error|startIndex cannot be larger than length of string.
Parameter name: startIndex(SLMP.cs:338)|
2021-01-27 09:11:16.5969|Error|startIndex cannot be larger than length of string.
Parameter name: startIndex(SLMP.cs:338)|
2021-01-27 09:11:18.1467|Error|startIndex cannot be larger than length of string.
Parameter name: startIndex(SLMP.cs:338)|
2021-01-27 09:11:19.6966|Error|startIndex cannot be larger than length of string.
Parameter name: startIndex(SLMP.cs:338)|
2021-01-27 09:11:21.2454|Error|startIndex cannot be larger than length of string.
Parameter name: startIndex(SLMP.cs:338)|
2021-01-27 09:11:22.7963|Error|startIndex cannot be larger than length of string.
Parameter name: startIndex(SLMP.cs:338)|
2021-01-27 09:11:24.3461|Error|startIndex cannot be larger than length of string.
Parameter name: startIndex(SLMP.cs:338)|
2021-01-27 09:11:25.8940|Error|startIndex cannot be larger than length of string.
Parameter name: startIndex(SLMP.cs:338)|
2021-01-27 09:11:27.4459|Error|startIndex cannot be larger than length of string.
Parameter name: startIndex(SLMP.cs:338)|
2021-01-27 09:11:28.9947|Error|startIndex cannot be larger than length of string.
Parameter name: startIndex(SLMP.cs:338)|
2021-01-27 09:11:30.5436|Error|startIndex cannot be larger than length of string.
Parameter name: startIndex(SLMP.cs:338)|
2021-01-27 09:11:32.0934|Error|startIndex cannot be larger than length of string.
Parameter name: startIndex(SLMP.cs:338)|
2021-01-27 09:11:33.6423|Error|startIndex cannot be larger than length of string.
Parameter name: startIndex(SLMP.cs:338)|
2021-01-27 09:11:35.1931|Error|startIndex cannot be larger than length of string.
Parameter name: startIndex(SLMP.cs:338)|
2021-01-27 09:11:36.7450|Error|startIndex cannot be larger than length of string.
Parameter name: startIndex(SLMP.cs:338)|
2021-01-27 09:11:38.2938|Error|startIndex cannot be larger than length of string.
Parameter name: startIndex(SLMP.cs:338)|
2021-01-27 09:11:39.8407|Error|startIndex cannot be larger than length of string.
Parameter name: startIndex(SLMP.cs:338)|
2021-01-27 09:11:41.3886|Error|startIndex cannot be larger than length of string.
Parameter name: startIndex(SLMP.cs:338)|
2021-01-27 09:11:42.9374|Error|startIndex cannot be larger than length of string.
Parameter name: startIndex(SLMP.cs:338)|
2021-01-27 09:11:44.4843|Error|startIndex cannot be larger than length of string.
Parameter name: startIndex(SLMP.cs:338)|
2021-01-27 09:11:46.0351|Error|startIndex cannot be larger than length of string.
Parameter name: startIndex(SLMP.cs:338)|
2021-01-27 09:11:55.8978|Error|Ping PLC failed, IP :192.168.3.100:9999...(MainWindow.xaml.cs:609)|
2021-01-27 09:13:00.8970|Error|Ping PLC failed, IP :192.168.3.100:9999...(MainWindow.xaml.cs:609)|
2021-01-27 09:14:05.8973|Error|Ping PLC failed, IP :192.168.3.100:9999...(MainWindow.xaml.cs:609)|
2021-01-27 09:15:10.8972|Error|Ping PLC failed, IP :192.168.3.100:9999...(MainWindow.xaml.cs:609)|
2021-01-27 09:16:15.8992|Error|Ping PLC failed, IP :192.168.3.100:9999...(MainWindow.xaml.cs:609)|
2021-01-27 09:16:42.1271|Error|startIndex cannot be larger than length of string.
Parameter name: startIndex(SLMP.cs:338)|
2021-01-27 09:16:43.6789|Error|startIndex cannot be larger than length of string.
Parameter name: startIndex(SLMP.cs:338)|
2021-01-27 09:16:45.2288|Error|startIndex cannot be larger than length of string.
Parameter name: startIndex(SLMP.cs:338)|
2021-01-27 09:16:46.7776|Error|startIndex cannot be larger than length of string.
Parameter name: startIndex(SLMP.cs:338)|
2021-01-27 09:16:48.3305|Error|startIndex cannot be larger than length of string.
Parameter name: startIndex(SLMP.cs:338)|
2021-01-27 09:16:49.8823|Error|startIndex cannot be larger than length of string.
Parameter name: startIndex(SLMP.cs:338)|
2021-01-27 09:16:51.4332|Error|startIndex cannot be larger than length of string.
Parameter name: startIndex(SLMP.cs:338)|
2021-01-27 09:16:52.9830|Error|startIndex cannot be larger than length of string.
Parameter name: startIndex(SLMP.cs:338)|
2021-01-27 09:16:54.5319|Error|startIndex cannot be larger than length of string.
Parameter name: startIndex(SLMP.cs:338)|
2021-01-27 09:16:56.0807|Error|startIndex cannot be larger than length of string.
Parameter name: startIndex(SLMP.cs:338)|
2021-01-27 09:16:57.6306|Error|startIndex cannot be larger than length of string.
Parameter name: startIndex(SLMP.cs:338)|
2021-01-27 09:16:59.1824|Error|startIndex cannot be larger than length of string.
Parameter name: startIndex(SLMP.cs:338)|
2021-01-27 09:17:00.7333|Error|startIndex cannot be larger than length of string.
Parameter name: startIndex(SLMP.cs:338)|
2021-01-27 09:17:02.2851|Error|startIndex cannot be larger than length of string.
Parameter name: startIndex(SLMP.cs:338)|
2021-01-27 09:17:03.8340|Error|startIndex cannot be larger than length of string.
Parameter name: startIndex(SLMP.cs:338)|
2021-01-27 09:17:05.3839|Error|startIndex cannot be larger than length of string.
Parameter name: startIndex(SLMP.cs:338)|
2021-01-27 09:17:06.9347|Error|startIndex cannot be larger than length of string.
Parameter name: startIndex(SLMP.cs:338)|
2021-01-27 09:17:08.4856|Error|startIndex cannot be larger than length of string.
Parameter name: startIndex(SLMP.cs:338)|
2021-01-27 09:17:10.0354|Error|startIndex cannot be larger than length of string.
Parameter name: startIndex(SLMP.cs:338)|
2021-01-27 09:17:11.5843|Error|startIndex cannot be larger than length of string.
Parameter name: startIndex(SLMP.cs:338)|
2021-01-27 09:17:13.1341|Error|startIndex cannot be larger than length of string.
Parameter name: startIndex(SLMP.cs:338)|
2021-01-27 09:17:14.6860|Error|startIndex cannot be larger than length of string.
Parameter name: startIndex(SLMP.cs:338)|
2021-01-27 09:17:16.2348|Error|startIndex cannot be larger than length of string.
Parameter name: startIndex(SLMP.cs:338)|
2021-01-27 09:17:17.7837|Error|startIndex cannot be larger than length of string.
Parameter name: startIndex(SLMP.cs:338)|
2021-01-27 09:17:19.3335|Error|startIndex cannot be larger than length of string.
Parameter name: startIndex(SLMP.cs:338)|
2021-01-27 09:17:20.8864|Error|startIndex cannot be larger than length of string.
Parameter name: startIndex(SLMP.cs:338)|
2021-01-27 09:17:20.8974|Error|Ping PLC failed, IP :192.168.3.100:9999...(MainWindow.xaml.cs:609)|
2021-01-27 09:17:22.4343|Error|startIndex cannot be larger than length of string.
Parameter name: startIndex(SLMP.cs:338)|
2021-01-27 09:17:23.9871|Error|startIndex cannot be larger than length of string.
Parameter name: startIndex(SLMP.cs:338)|
2021-01-27 09:17:25.5400|Error|startIndex cannot be larger than length of string.
Parameter name: startIndex(SLMP.cs:338)|
2021-01-27 09:17:27.0888|Error|startIndex cannot be larger than length of string.
Parameter name: startIndex(SLMP.cs:338)|
2021-01-27 09:17:28.6387|Error|startIndex cannot be larger than length of string.
Parameter name: startIndex(SLMP.cs:338)|
2021-01-27 09:17:30.1875|Error|startIndex cannot be larger than length of string.
Parameter name: startIndex(SLMP.cs:338)|
2021-01-27 09:17:31.7374|Error|startIndex cannot be larger than length of string.
Parameter name: startIndex(SLMP.cs:338)|
2021-01-27 09:17:33.2872|Error|startIndex cannot be larger than length of string.
Parameter name: startIndex(SLMP.cs:338)|
2021-01-27 09:17:34.8381|Error|startIndex cannot be larger than length of string.
Parameter name: startIndex(SLMP.cs:338)|
2021-01-27 09:17:36.3939|Error|startIndex cannot be larger than length of string.
Parameter name: startIndex(SLMP.cs:338)|
2021-01-27 09:17:37.9428|Error|startIndex cannot be larger than length of string.
Parameter name: startIndex(SLMP.cs:338)|
2021-01-27 09:17:39.4936|Error|startIndex cannot be larger than length of string.
Parameter name: startIndex(SLMP.cs:338)|
2021-01-27 09:17:41.0445|Error|startIndex cannot be larger than length of string.
Parameter name: startIndex(SLMP.cs:338)|
2021-01-27 09:17:42.5943|Error|startIndex cannot be larger than length of string.
Parameter name: startIndex(SLMP.cs:338)|
2021-01-27 09:31:43.8978|Error|Ping PLC failed, IP :192.168.3.100:9999...(MainWindow.xaml.cs:614)|
2021-01-27 09:34:42.8990|Error|Ping PLC failed, IP :192.168.3.100:9999...(MainWindow.xaml.cs:617)|
2021-01-27 09:34:56.3999|Error|Ping PLC failed, IP :192.168.3.100:9999...(MainWindow.xaml.cs:617)|
2021-01-27 10:20:01.3993|Error|Ping PLC failed, IP :192.168.3.100:9999...(MainWindow.xaml.cs:611)|
2021-01-27 10:20:17.8992|Error|Ping PLC failed, IP :192.168.3.100:9999...(MainWindow.xaml.cs:611)|
2021-01-27 10:36:22.3993|Error|Ping PLC failed, IP :192.168.3.100:9999...(MainWindow.xaml.cs:609)|
2021-01-27 11:17:54.9008|Error|Ping PLC failed, IP :192.168.3.100:9999...(MainWindow.xaml.cs:609)|
2021-01-27 13:47:49.3968|Error|Ping PLC failed, IP :192.168.3.100:9999...(MainWindow.xaml.cs:609)|
2021-01-27 13:48:53.2570|Error|Ping PLC failed, IP :192.168.3.100:9999...(MainWindow.xaml.cs:609)|
2021-01-27 13:57:57.8741|Error|Ping PLC failed, IP :192.168.3.100:9999...(MainWindow.xaml.cs:609)|
2021-01-27 14:01:53.8977|Error|Ping PLC failed, IP :192.168.3.100:9999...(MainWindow.xaml.cs:609)|
2021-01-27 14:03:21.3986|Error|Ping PLC failed, IP :192.168.3.100:9999...(MainWindow.xaml.cs:609)|
2021-01-27 14:04:29.9497|Error|Ping PLC failed, IP :192.168.3.100:9999...(MainWindow.xaml.cs:609)|
2021-01-27 14:05:42.3999|Error|Ping PLC failed, IP :192.168.3.100:9999...(MainWindow.xaml.cs:609)|
2021-01-27 14:06:48.3977|Error|Ping PLC failed, IP :192.168.3.100:9999...(MainWindow.xaml.cs:609)|
2021-01-27 14:07:53.3976|Error|Ping PLC failed, IP :192.168.3.100:9999...(MainWindow.xaml.cs:609)|
2021-01-27 14:08:58.3986|Error|Ping PLC failed, IP :192.168.3.100:9999...(MainWindow.xaml.cs:609)|
2021-01-27 14:10:03.3978|Error|Ping PLC failed, IP :192.168.3.100:9999...(MainWindow.xaml.cs:609)|
2021-01-27 14:11:08.3979|Error|Ping PLC failed, IP :192.168.3.100:9999...(MainWindow.xaml.cs:609)|
2021-01-27 14:12:13.3973|Error|Ping PLC failed, IP :192.168.3.100:9999...(MainWindow.xaml.cs:609)|
2021-01-27 14:13:18.3971|Error|Ping PLC failed, IP :192.168.3.100:9999...(MainWindow.xaml.cs:609)|
2021-01-27 14:14:23.3992|Error|Ping PLC failed, IP :192.168.3.100:9999...(MainWindow.xaml.cs:609)|
2021-01-27 14:28:48.8980|Error|Ping PLC failed, IP :192.168.3.100:9999...(MainWindow.xaml.cs:609)|
2021-01-27 14:30:16.3989|Error|Ping PLC failed, IP :192.168.3.100:9999...(MainWindow.xaml.cs:609)|
2021-01-27 14:30:53.3979|Error|Ping PLC failed, IP :192.168.3.100:9999...(MainWindow.xaml.cs:609)|
2021-01-27 14:31:10.9015|Error|Ping PLC failed, IP :192.168.3.100:9999...(MainWindow.xaml.cs:609)|
2021-01-27 14:32:15.8969|Error|Ping PLC failed, IP :192.168.3.100:9999...(MainWindow.xaml.cs:609)|
2021-01-27 14:33:20.8979|Error|Ping PLC failed, IP :192.168.3.100:9999...(MainWindow.xaml.cs:609)|
2021-01-27 14:35:04.8886|Error|Ping PLC failed, IP :192.168.3.100:9999...(MainWindow.xaml.cs:609)|
2021-01-27 14:36:09.8970|Error|Ping PLC failed, IP :192.168.3.100:9999...(MainWindow.xaml.cs:609)|
2021-01-27 14:39:51.9658|Error|Ping PLC failed, IP :192.168.3.100:9999...(MainWindow.xaml.cs:609)|
2021-01-27 14:40:57.8977|Error|Ping PLC failed, IP :192.168.3.100:9999...(MainWindow.xaml.cs:609)|
2021-01-27 14:42:02.8975|Error|Ping PLC failed, IP :192.168.3.100:9999...(MainWindow.xaml.cs:609)|
2021-01-27 14:43:07.8969|Error|Ping PLC failed, IP :192.168.3.100:9999...(MainWindow.xaml.cs:609)|
2021-01-27 14:44:12.8988|Error|Ping PLC failed, IP :192.168.3.100:9999...(MainWindow.xaml.cs:609)|
2021-01-27 14:46:41.8982|Error|Ping PLC failed, IP :192.168.3.100:9999...(MainWindow.xaml.cs:609)|
2021-01-27 14:47:47.8976|Error|Ping PLC failed, IP :192.168.3.100:9999...(MainWindow.xaml.cs:609)|
2021-01-27 14:48:52.8968|Error|Ping PLC failed, IP :192.168.3.100:9999...(MainWindow.xaml.cs:609)|
2021-01-27 14:49:57.8979|Error|Ping PLC failed, IP :192.168.3.100:9999...(MainWindow.xaml.cs:609)|
2021-01-27 14:51:02.8970|Error|Ping PLC failed, IP :192.168.3.100:9999...(MainWindow.xaml.cs:609)|
2021-01-27 14:52:07.8971|Error|Ping PLC failed, IP :192.168.3.100:9999...(MainWindow.xaml.cs:609)|
2021-01-27 14:53:12.8975|Error|Ping PLC failed, IP :192.168.3.100:9999...(MainWindow.xaml.cs:609)|
2021-01-27 14:54:17.8984|Error|Ping PLC failed, IP :192.168.3.100:9999...(MainWindow.xaml.cs:609)|
2021-01-27 14:55:22.8975|Error|Ping PLC failed, IP :192.168.3.100:9999...(MainWindow.xaml.cs:609)|
2021-01-27 14:56:27.9006|Error|Ping PLC failed, IP :192.168.3.100:9999...(MainWindow.xaml.cs:609)|
2021-01-27 14:57:32.8988|Error|Ping PLC failed, IP :192.168.3.100:9999...(MainWindow.xaml.cs:609)|
2021-01-27 14:58:37.8969|Error|Ping PLC failed, IP :192.168.3.100:9999...(MainWindow.xaml.cs:609)|
2021-01-27 14:59:42.9130|Error|Ping PLC failed, IP :192.168.3.100:9999...(MainWindow.xaml.cs:609)|
2021-01-27 15:20:38.8979|Error|Ping PLC failed, IP :192.168.3.100:9999...(MainWindow.xaml.cs:609)|
2021-01-27 15:21:44.9362|Error|Ping PLC failed, IP :192.168.3.100:9999...(MainWindow.xaml.cs:609)|
2021-01-27 15:22:50.8971|Error|Ping PLC failed, IP :192.168.3.100:9999...(MainWindow.xaml.cs:609)|
2021-01-27 15:24:22.8977|Error|Ping PLC failed, IP :192.168.3.100:9999...(MainWindow.xaml.cs:609)|
2021-01-27 15:25:58.8982|Error|Ping PLC failed, IP :192.168.3.100:9999...(MainWindow.xaml.cs:609)|
2021-01-27 15:26:27.3999|Error|Ping PLC failed, IP :192.168.3.100:9999...(MainWindow.xaml.cs:609)|
2021-01-27 15:26:59.7305|Error|Ping PLC failed, IP :192.168.3.100:9999...(MainWindow.xaml.cs:609)|
2021-01-27 15:27:35.8977|Error|Ping PLC failed, IP :192.168.3.100:9999...(MainWindow.xaml.cs:609)|
2021-01-27 15:28:43.2575|Error|Ping PLC failed, IP :192.168.3.100:9999...(MainWindow.xaml.cs:609)|
2021-01-27 15:29:49.8983|Error|Ping PLC failed, IP :192.168.3.100:9999...(MainWindow.xaml.cs:609)|
2021-01-27 15:32:36.8985|Error|Ping PLC failed, IP :192.168.3.100:9999...(MainWindow.xaml.cs:609)|
2021-01-27 15:34:47.3985|Error|Ping PLC failed, IP :192.168.3.100:9999...(MainWindow.xaml.cs:609)|
2021-01-27 15:37:16.3979|Error|Ping PLC failed, IP :192.168.3.100:9999...(MainWindow.xaml.cs:609)|
2021-01-27 15:37:53.8976|Error|Ping PLC failed, IP :192.168.3.100:9999...(MainWindow.xaml.cs:609)|
2021-01-27 15:39:12.9641|Error|Ping PLC failed, IP :192.168.3.100:9999...(MainWindow.xaml.cs:609)|
